[0.059s] Invoking command in '/home/pi/agv_project/ros2_ws/build/agv_lidar': CMAKE_PREFIX_PATH=${CMAKE_PREFIX_PATH}:/opt/ros/humble /usr/bin/cmake --build /home/pi/agv_project/ros2_ws/build/agv_lidar -- -j4 -l4
[0.252s] Invoked command in '/home/pi/agv_project/ros2_ws/build/agv_lidar' returned '0': CMAKE_PREFIX_PATH=${CMAKE_PREFIX_PATH}:/opt/ros/humble /usr/bin/cmake --build /home/pi/agv_project/ros2_ws/build/agv_lidar -- -j4 -l4
[0.263s] Invoking command in '/home/pi/agv_project/ros2_ws/build/agv_lidar': CMAKE_PREFIX_PATH=${CMAKE_PREFIX_PATH}:/opt/ros/humble /usr/bin/cmake --install /home/pi/agv_project/ros2_ws/build/agv_lidar
[0.299s] -- Install configuration: ""
[0.300s] -- Up-to-date: /home/pi/agv_project/ros2_ws/install/agv_lidar/share/agv_lidar/launch
[0.309s] -- Up-to-date: /home/pi/agv_project/ros2_ws/install/agv_lidar/share/agv_lidar/launch/ld14.launch.py
[0.310s] -- Up-to-date: /home/pi/agv_project/ros2_ws/install/agv_lidar/share/agv_lidar/config
[0.311s] -- Up-to-date: /home/pi/agv_project/ros2_ws/install/agv_lidar/share/agv_lidar/config/lidar_params.yaml
[0.312s] -- Up-to-date: /home/pi/agv_project/ros2_ws/install/agv_lidar/share/ament_index/resource_index/package_run_dependencies/agv_lidar
[0.314s] -- Up-to-date: /home/pi/agv_project/ros2_ws/install/agv_lidar/share/ament_index/resource_index/parent_prefix_path/agv_lidar
[0.319s] -- Up-to-date: /home/pi/agv_project/ros2_ws/install/agv_lidar/share/agv_lidar/environment/ament_prefix_path.sh
[0.411s] -- Up-to-date: /home/pi/agv_project/ros2_ws/install/agv_lidar/share/agv_lidar/environment/ament_prefix_path.dsv
[0.412s] -- Up-to-date: /home/pi/agv_project/ros2_ws/install/agv_lidar/share/agv_lidar/environment/path.sh
[0.413s] -- Up-to-date: /home/pi/agv_project/ros2_ws/install/agv_lidar/share/agv_lidar/environment/path.dsv
[0.414s] -- Up-to-date: /home/pi/agv_project/ros2_ws/install/agv_lidar/share/agv_lidar/local_setup.bash
[0.415s] -- Up-to-date: /home/pi/agv_project/ros2_ws/install/agv_lidar/share/agv_lidar/local_setup.sh
[0.416s] -- Up-to-date: /home/pi/agv_project/ros2_ws/install/agv_lidar/share/agv_lidar/local_setup.zsh
[0.418s] -- Up-to-date: /home/pi/agv_project/ros2_ws/install/agv_lidar/share/agv_lidar/local_setup.dsv
[0.419s] -- Installing: /home/pi/agv_project/ros2_ws/install/agv_lidar/share/agv_lidar/package.dsv
[0.419s] -- Up-to-date: /home/pi/agv_project/ros2_ws/install/agv_lidar/share/ament_index/resource_index/packages/agv_lidar
[0.420s] -- Up-to-date: /home/pi/agv_project/ros2_ws/install/agv_lidar/share/agv_lidar/cmake/agv_lidarConfig.cmake
[0.421s] -- Up-to-date: /home/pi/agv_project/ros2_ws/install/agv_lidar/share/agv_lidar/cmake/agv_lidarConfig-version.cmake
[0.422s] -- Up-to-date: /home/pi/agv_project/ros2_ws/install/agv_lidar/share/agv_lidar/package.xml
[0.423s] Invoked command in '/home/pi/agv_project/ros2_ws/build/agv_lidar' returned '0': CMAKE_PREFIX_PATH=${CMAKE_PREFIX_PATH}:/opt/ros/humble /usr/bin/cmake --install /home/pi/agv_project/ros2_ws/build/agv_lidar
