[0.749s] DEBUG:colcon:Command line arguments: ['/usr/bin/colcon', 'build', '--packages-select', 'agv_bringup']
[0.749s] DEBUG:colcon:Parsed command line arguments: Namespace(log_base=None, log_level=None, verb_name='build', build_base='build', install_base='install', merge_install=False, symlink_install=False, test_result_base=None, continue_on_error=False, executor='parallel', parallel_workers=4, event_handlers=None, ignore_user_meta=False, metas=['./colcon.meta'], base_paths=['.'], packages_ignore=None, packages_ignore_regex=None, paths=None, packages_up_to=None, packages_up_to_regex=None, packages_above=None, packages_above_and_dependencies=None, packages_above_depth=None, packages_select_by_dep=None, packages_skip_by_dep=None, packages_skip_up_to=None, packages_select_build_failed=False, packages_skip_build_finished=False, packages_select_test_failures=False, packages_skip_test_passed=False, packages_select=['agv_bringup'], packages_skip=None, packages_select_regex=None, packages_skip_regex=None, packages_start=None, packages_end=None, allow_overriding=[], cmake_args=None, cmake_target=None, cmake_target_skip_unavailable=False, cmake_clean_cache=False, cmake_clean_first=False, cmake_force_configure=False, ament_cmake_args=None, catkin_cmake_args=None, catkin_skip_building_tests=False, verb_parser=<colcon_defaults.argument_parser.defaults.DefaultArgumentsDecorator object at 0xffffbdc3e0b0>, verb_extension=<colcon_core.verb.build.BuildVerb object at 0xffffbdd4b580>, main=<bound method BuildVerb.main of <colcon_core.verb.build.BuildVerb object at 0xffffbdd4b580>>)
[1.981s] Level 1:colcon.colcon_core.package_discovery:discover_packages(colcon_meta) check parameters
[1.982s] Level 1:colcon.colcon_core.package_discovery:discover_packages(recursive) check parameters
[1.982s] Level 1:colcon.colcon_core.package_discovery:discover_packages(ignore) check parameters
[1.982s] Level 1:colcon.colcon_core.package_discovery:discover_packages(path) check parameters
[1.982s] Level 1:colcon.colcon_core.package_discovery:discover_packages(colcon_meta) discover
[1.982s] Level 1:colcon.colcon_core.package_discovery:discover_packages(recursive) discover
[1.983s] INFO:colcon.colcon_core.package_discovery:Crawling recursively for packages in '/home/pi/agv_project'
[1.983s] Level 1:colcon.colcon_core.package_identification:_identify(.) by extensions ['ignore', 'ignore_ament_install']
[1.984s] Level 1:colcon.colcon_core.package_identification:_identify(.) by extension 'ignore'
[1.984s] Level 1:colcon.colcon_core.package_identification:_identify(.) by extension 'ignore_ament_install'
[1.985s] Level 1:colcon.colcon_core.package_identification:_identify(.) by extensions ['colcon_pkg']
[1.985s] Level 1:colcon.colcon_core.package_identification:_identify(.) by extension 'colcon_pkg'
[1.985s] Level 1:colcon.colcon_core.package_identification:_identify(.) by extensions ['colcon_meta']
[1.985s] Level 1:colcon.colcon_core.package_identification:_identify(.) by extension 'colcon_meta'
[1.985s] Level 1:colcon.colcon_core.package_identification:_identify(.) by extensions ['ros']
[1.986s] Level 1:colcon.colcon_core.package_identification:_identify(.) by extension 'ros'
[2.073s] Level 1:colcon.colcon_core.package_identification:_identify(.) by extensions ['cmake', 'python']
[2.073s] Level 1:colcon.colcon_core.package_identification:_identify(.) by extension 'cmake'
[2.073s] Level 1:colcon.colcon_core.package_identification:_identify(.) by extension 'python'
[2.074s] Level 1:colcon.colcon_core.package_identification:_identify(.) by extensions ['python_setup_py']
[2.074s] Level 1:colcon.colcon_core.package_identification:_identify(.) by extension 'python_setup_py'
[2.075s] Level 1:colcon.colcon_core.package_identification:_identify(build) by extensions ['ignore', 'ignore_ament_install']
[2.075s] Level 1:colcon.colcon_core.package_identification:_identify(build) by extension 'ignore'
[2.075s] Level 1:colcon.colcon_core.package_identification:_identify(build) ignored
[2.076s] Level 1:colcon.colcon_core.package_identification:_identify(firmware) by extensions ['ignore', 'ignore_ament_install']
[2.077s] Level 1:colcon.colcon_core.package_identification:_identify(firmware) by extension 'ignore'
[2.077s] Level 1:colcon.colcon_core.package_identification:_identify(firmware) by extension 'ignore_ament_install'
[2.077s] Level 1:colcon.colcon_core.package_identification:_identify(firmware) by extensions ['colcon_pkg']
[2.078s] Level 1:colcon.colcon_core.package_identification:_identify(firmware) by extension 'colcon_pkg'
[2.078s] Level 1:colcon.colcon_core.package_identification:_identify(firmware) by extensions ['colcon_meta']
[2.078s] Level 1:colcon.colcon_core.package_identification:_identify(firmware) by extension 'colcon_meta'
[2.079s] Level 1:colcon.colcon_core.package_identification:_identify(firmware) by extensions ['ros']
[2.079s] Level 1:colcon.colcon_core.package_identification:_identify(firmware) by extension 'ros'
[2.080s] Level 1:colcon.colcon_core.package_identification:_identify(firmware) by extensions ['cmake', 'python']
[2.080s] Level 1:colcon.colcon_core.package_identification:_identify(firmware) by extension 'cmake'
[2.081s] Level 1:colcon.colcon_core.package_identification:_identify(firmware) by extension 'python'
[2.081s] Level 1:colcon.colcon_core.package_identification:_identify(firmware) by extensions ['python_setup_py']
[2.081s] Level 1:colcon.colcon_core.package_identification:_identify(firmware) by extension 'python_setup_py'
[2.082s] Level 1:colcon.colcon_core.package_identification:_identify(firmware/esp32_wheel_controller) by extensions ['ignore', 'ignore_ament_install']
[2.083s] Level 1:colcon.colcon_core.package_identification:_identify(firmware/esp32_wheel_controller) by extension 'ignore'
[2.083s] Level 1:colcon.colcon_core.package_identification:_identify(firmware/esp32_wheel_controller) by extension 'ignore_ament_install'
[2.083s] Level 1:colcon.colcon_core.package_identification:_identify(firmware/esp32_wheel_controller) by extensions ['colcon_pkg']
[2.084s] Level 1:colcon.colcon_core.package_identification:_identify(firmware/esp32_wheel_controller) by extension 'colcon_pkg'
[2.084s] Level 1:colcon.colcon_core.package_identification:_identify(firmware/esp32_wheel_controller) by extensions ['colcon_meta']
[2.084s] Level 1:colcon.colcon_core.package_identification:_identify(firmware/esp32_wheel_controller) by extension 'colcon_meta'
[2.085s] Level 1:colcon.colcon_core.package_identification:_identify(firmware/esp32_wheel_controller) by extensions ['ros']
[2.085s] Level 1:colcon.colcon_core.package_identification:_identify(firmware/esp32_wheel_controller) by extension 'ros'
[2.086s] Level 1:colcon.colcon_core.package_identification:_identify(firmware/esp32_wheel_controller) by extensions ['cmake', 'python']
[2.086s] Level 1:colcon.colcon_core.package_identification:_identify(firmware/esp32_wheel_controller) by extension 'cmake'
[2.086s] Level 1:colcon.colcon_core.package_identification:_identify(firmware/esp32_wheel_controller) by extension 'python'
[2.087s] Level 1:colcon.colcon_core.package_identification:_identify(firmware/esp32_wheel_controller) by extensions ['python_setup_py']
[2.087s] Level 1:colcon.colcon_core.package_identification:_identify(firmware/esp32_wheel_controller) by extension 'python_setup_py'
[2.088s] Level 1:colcon.colcon_core.package_identification:_identify(firmware/esp32_wheel_controller/include) by extensions ['ignore', 'ignore_ament_install']
[2.088s] Level 1:colcon.colcon_core.package_identification:_identify(firmware/esp32_wheel_controller/include) by extension 'ignore'
[2.088s] Level 1:colcon.colcon_core.package_identification:_identify(firmware/esp32_wheel_controller/include) by extension 'ignore_ament_install'
[2.089s] Level 1:colcon.colcon_core.package_identification:_identify(firmware/esp32_wheel_controller/include) by extensions ['colcon_pkg']
[2.089s] Level 1:colcon.colcon_core.package_identification:_identify(firmware/esp32_wheel_controller/include) by extension 'colcon_pkg'
[2.089s] Level 1:colcon.colcon_core.package_identification:_identify(firmware/esp32_wheel_controller/include) by extensions ['colcon_meta']
[2.090s] Level 1:colcon.colcon_core.package_identification:_identify(firmware/esp32_wheel_controller/include) by extension 'colcon_meta'
[2.090s] Level 1:colcon.colcon_core.package_identification:_identify(firmware/esp32_wheel_controller/include) by extensions ['ros']
[2.090s] Level 1:colcon.colcon_core.package_identification:_identify(firmware/esp32_wheel_controller/include) by extension 'ros'
[2.091s] Level 1:colcon.colcon_core.package_identification:_identify(firmware/esp32_wheel_controller/include) by extensions ['cmake', 'python']
[2.091s] Level 1:colcon.colcon_core.package_identification:_identify(firmware/esp32_wheel_controller/include) by extension 'cmake'
[2.091s] Level 1:colcon.colcon_core.package_identification:_identify(firmware/esp32_wheel_controller/include) by extension 'python'
[2.092s] Level 1:colcon.colcon_core.package_identification:_identify(firmware/esp32_wheel_controller/include) by extensions ['python_setup_py']
[2.092s] Level 1:colcon.colcon_core.package_identification:_identify(firmware/esp32_wheel_controller/include) by extension 'python_setup_py'
[2.093s] Level 1:colcon.colcon_core.package_identification:_identify(firmware/esp32_wheel_controller/lib) by extensions ['ignore', 'ignore_ament_install']
[2.093s] Level 1:colcon.colcon_core.package_identification:_identify(firmware/esp32_wheel_controller/lib) by extension 'ignore'
[2.094s] Level 1:colcon.colcon_core.package_identification:_identify(firmware/esp32_wheel_controller/lib) by extension 'ignore_ament_install'
[2.094s] Level 1:colcon.colcon_core.package_identification:_identify(firmware/esp32_wheel_controller/lib) by extensions ['colcon_pkg']
[2.094s] Level 1:colcon.colcon_core.package_identification:_identify(firmware/esp32_wheel_controller/lib) by extension 'colcon_pkg'
[2.095s] Level 1:colcon.colcon_core.package_identification:_identify(firmware/esp32_wheel_controller/lib) by extensions ['colcon_meta']
[2.095s] Level 1:colcon.colcon_core.package_identification:_identify(firmware/esp32_wheel_controller/lib) by extension 'colcon_meta'
[2.095s] Level 1:colcon.colcon_core.package_identification:_identify(firmware/esp32_wheel_controller/lib) by extensions ['ros']
[2.095s] Level 1:colcon.colcon_core.package_identification:_identify(firmware/esp32_wheel_controller/lib) by extension 'ros'
[2.096s] Level 1:colcon.colcon_core.package_identification:_identify(firmware/esp32_wheel_controller/lib) by extensions ['cmake', 'python']
[2.096s] Level 1:colcon.colcon_core.package_identification:_identify(firmware/esp32_wheel_controller/lib) by extension 'cmake'
[2.097s] Level 1:colcon.colcon_core.package_identification:_identify(firmware/esp32_wheel_controller/lib) by extension 'python'
[2.097s] Level 1:colcon.colcon_core.package_identification:_identify(firmware/esp32_wheel_controller/lib) by extensions ['python_setup_py']
[2.097s] Level 1:colcon.colcon_core.package_identification:_identify(firmware/esp32_wheel_controller/lib) by extension 'python_setup_py'
[2.098s] Level 1:colcon.colcon_core.package_identification:_identify(firmware/esp32_wheel_controller/src) by extensions ['ignore', 'ignore_ament_install']
[2.099s] Level 1:colcon.colcon_core.package_identification:_identify(firmware/esp32_wheel_controller/src) by extension 'ignore'
[2.099s] Level 1:colcon.colcon_core.package_identification:_identify(firmware/esp32_wheel_controller/src) by extension 'ignore_ament_install'
[2.100s] Level 1:colcon.colcon_core.package_identification:_identify(firmware/esp32_wheel_controller/src) by extensions ['colcon_pkg']
[2.100s] Level 1:colcon.colcon_core.package_identification:_identify(firmware/esp32_wheel_controller/src) by extension 'colcon_pkg'
[2.101s] Level 1:colcon.colcon_core.package_identification:_identify(firmware/esp32_wheel_controller/src) by extensions ['colcon_meta']
[2.101s] Level 1:colcon.colcon_core.package_identification:_identify(firmware/esp32_wheel_controller/src) by extension 'colcon_meta'
[2.102s] Level 1:colcon.colcon_core.package_identification:_identify(firmware/esp32_wheel_controller/src) by extensions ['ros']
[2.102s] Level 1:colcon.colcon_core.package_identification:_identify(firmware/esp32_wheel_controller/src) by extension 'ros'
[2.103s] Level 1:colcon.colcon_core.package_identification:_identify(firmware/esp32_wheel_controller/src) by extensions ['cmake', 'python']
[2.103s] Level 1:colcon.colcon_core.package_identification:_identify(firmware/esp32_wheel_controller/src) by extension 'cmake'
[2.104s] Level 1:colcon.colcon_core.package_identification:_identify(firmware/esp32_wheel_controller/src) by extension 'python'
[2.104s] Level 1:colcon.colcon_core.package_identification:_identify(firmware/esp32_wheel_controller/src) by extensions ['python_setup_py']
[2.105s] Level 1:colcon.colcon_core.package_identification:_identify(firmware/esp32_wheel_controller/src) by extension 'python_setup_py'
[2.105s] Level 1:colcon.colcon_core.package_identification:_identify(firmware/esp32_wheel_controller/test) by extensions ['ignore', 'ignore_ament_install']
[2.106s] Level 1:colcon.colcon_core.package_identification:_identify(firmware/esp32_wheel_controller/test) by extension 'ignore'
[2.107s] Level 1:colcon.colcon_core.package_identification:_identify(firmware/esp32_wheel_controller/test) by extension 'ignore_ament_install'
[2.107s] Level 1:colcon.colcon_core.package_identification:_identify(firmware/esp32_wheel_controller/test) by extensions ['colcon_pkg']
[2.108s] Level 1:colcon.colcon_core.package_identification:_identify(firmware/esp32_wheel_controller/test) by extension 'colcon_pkg'
[2.108s] Level 1:colcon.colcon_core.package_identification:_identify(firmware/esp32_wheel_controller/test) by extensions ['colcon_meta']
[2.108s] Level 1:colcon.colcon_core.package_identification:_identify(firmware/esp32_wheel_controller/test) by extension 'colcon_meta'
[2.109s] Level 1:colcon.colcon_core.package_identification:_identify(firmware/esp32_wheel_controller/test) by extensions ['ros']
[2.109s] Level 1:colcon.colcon_core.package_identification:_identify(firmware/esp32_wheel_controller/test) by extension 'ros'
[2.110s] Level 1:colcon.colcon_core.package_identification:_identify(firmware/esp32_wheel_controller/test) by extensions ['cmake', 'python']
[2.111s] Level 1:colcon.colcon_core.package_identification:_identify(firmware/esp32_wheel_controller/test) by extension 'cmake'
[2.111s] Level 1:colcon.colcon_core.package_identification:_identify(firmware/esp32_wheel_controller/test) by extension 'python'
[2.112s] Level 1:colcon.colcon_core.package_identification:_identify(firmware/esp32_wheel_controller/test) by extensions ['python_setup_py']
[2.112s] Level 1:colcon.colcon_core.package_identification:_identify(firmware/esp32_wheel_controller/test) by extension 'python_setup_py'
[2.113s] Level 1:colcon.colcon_core.package_identification:_identify(install) by extensions ['ignore', 'ignore_ament_install']
[2.113s] Level 1:colcon.colcon_core.package_identification:_identify(install) by extension 'ignore'
[2.114s] Level 1:colcon.colcon_core.package_identification:_identify(install) ignored
[2.115s] Level 1:colcon.colcon_core.package_identification:_identify(log) by extensions ['ignore', 'ignore_ament_install']
[2.115s] Level 1:colcon.colcon_core.package_identification:_identify(log) by extension 'ignore'
[2.116s] Level 1:colcon.colcon_core.package_identification:_identify(log) ignored
[2.117s] Level 1:colcon.colcon_core.package_identification:_identify(maps) by extensions ['ignore', 'ignore_ament_install']
[2.117s] Level 1:colcon.colcon_core.package_identification:_identify(maps) by extension 'ignore'
[2.118s] Level 1:colcon.colcon_core.package_identification:_identify(maps) by extension 'ignore_ament_install'
[2.119s] Level 1:colcon.colcon_core.package_identification:_identify(maps) by extensions ['colcon_pkg']
[2.119s] Level 1:colcon.colcon_core.package_identification:_identify(maps) by extension 'colcon_pkg'
[2.120s] Level 1:colcon.colcon_core.package_identification:_identify(maps) by extensions ['colcon_meta']
[2.120s] Level 1:colcon.colcon_core.package_identification:_identify(maps) by extension 'colcon_meta'
[2.120s] Level 1:colcon.colcon_core.package_identification:_identify(maps) by extensions ['ros']
[2.121s] Level 1:colcon.colcon_core.package_identification:_identify(maps) by extension 'ros'
[2.122s] Level 1:colcon.colcon_core.package_identification:_identify(maps) by extensions ['cmake', 'python']
[2.122s] Level 1:colcon.colcon_core.package_identification:_identify(maps) by extension 'cmake'
[2.123s] Level 1:colcon.colcon_core.package_identification:_identify(maps) by extension 'python'
[2.123s] Level 1:colcon.colcon_core.package_identification:_identify(maps) by extensions ['python_setup_py']
[2.124s] Level 1:colcon.colcon_core.package_identification:_identify(maps) by extension 'python_setup_py'
[2.125s] Level 1:colcon.colcon_core.package_identification:_identify(ros2_ws) by extensions ['ignore', 'ignore_ament_install']
[2.125s] Level 1:colcon.colcon_core.package_identification:_identify(ros2_ws) by extension 'ignore'
[2.126s] Level 1:colcon.colcon_core.package_identification:_identify(ros2_ws) by extension 'ignore_ament_install'
[2.127s] Level 1:colcon.colcon_core.package_identification:_identify(ros2_ws) by extensions ['colcon_pkg']
[2.127s] Level 1:colcon.colcon_core.package_identification:_identify(ros2_ws) by extension 'colcon_pkg'
[2.127s] Level 1:colcon.colcon_core.package_identification:_identify(ros2_ws) by extensions ['colcon_meta']
[2.127s] Level 1:colcon.colcon_core.package_identification:_identify(ros2_ws) by extension 'colcon_meta'
[2.128s] Level 1:colcon.colcon_core.package_identification:_identify(ros2_ws) by extensions ['ros']
[2.128s] Level 1:colcon.colcon_core.package_identification:_identify(ros2_ws) by extension 'ros'
[2.128s] Level 1:colcon.colcon_core.package_identification:_identify(ros2_ws) by extensions ['cmake', 'python']
[2.129s] Level 1:colcon.colcon_core.package_identification:_identify(ros2_ws) by extension 'cmake'
[2.129s] Level 1:colcon.colcon_core.package_identification:_identify(ros2_ws) by extension 'python'
[2.129s] Level 1:colcon.colcon_core.package_identification:_identify(ros2_ws) by extensions ['python_setup_py']
[2.129s] Level 1:colcon.colcon_core.package_identification:_identify(ros2_ws) by extension 'python_setup_py'
[2.130s] Level 1:colcon.colcon_core.package_identification:_identify(ros2_ws/build) by extensions ['ignore', 'ignore_ament_install']
[2.131s] Level 1:colcon.colcon_core.package_identification:_identify(ros2_ws/build) by extension 'ignore'
[2.131s] Level 1:colcon.colcon_core.package_identification:_identify(ros2_ws/build) ignored
[2.132s] Level 1:colcon.colcon_core.package_identification:_identify(ros2_ws/install) by extensions ['ignore', 'ignore_ament_install']
[2.132s] Level 1:colcon.colcon_core.package_identification:_identify(ros2_ws/install) by extension 'ignore'
[2.133s] Level 1:colcon.colcon_core.package_identification:_identify(ros2_ws/install) ignored
[2.133s] Level 1:colcon.colcon_core.package_identification:_identify(ros2_ws/ldlidar_ws) by extensions ['ignore', 'ignore_ament_install']
[2.134s] Level 1:colcon.colcon_core.package_identification:_identify(ros2_ws/ldlidar_ws) by extension 'ignore'
[2.134s] Level 1:colcon.colcon_core.package_identification:_identify(ros2_ws/ldlidar_ws) by extension 'ignore_ament_install'
[2.135s] Level 1:colcon.colcon_core.package_identification:_identify(ros2_ws/ldlidar_ws) by extensions ['colcon_pkg']
[2.135s] Level 1:colcon.colcon_core.package_identification:_identify(ros2_ws/ldlidar_ws) by extension 'colcon_pkg'
[2.135s] Level 1:colcon.colcon_core.package_identification:_identify(ros2_ws/ldlidar_ws) by extensions ['colcon_meta']
[2.135s] Level 1:colcon.colcon_core.package_identification:_identify(ros2_ws/ldlidar_ws) by extension 'colcon_meta'
[2.136s] Level 1:colcon.colcon_core.package_identification:_identify(ros2_ws/ldlidar_ws) by extensions ['ros']
[2.136s] Level 1:colcon.colcon_core.package_identification:_identify(ros2_ws/ldlidar_ws) by extension 'ros'
[2.137s] Level 1:colcon.colcon_core.package_identification:_identify(ros2_ws/ldlidar_ws) by extensions ['cmake', 'python']
[2.137s] Level 1:colcon.colcon_core.package_identification:_identify(ros2_ws/ldlidar_ws) by extension 'cmake'
[2.137s] Level 1:colcon.colcon_core.package_identification:_identify(ros2_ws/ldlidar_ws) by extension 'python'
[2.137s] Level 1:colcon.colcon_core.package_identification:_identify(ros2_ws/ldlidar_ws) by extensions ['python_setup_py']
[2.138s] Level 1:colcon.colcon_core.package_identification:_identify(ros2_ws/ldlidar_ws) by extension 'python_setup_py'
[2.139s] Level 1:colcon.colcon_core.package_identification:_identify(ros2_ws/ldlidar_ws/ldlidar_sl_sdk) by extensions ['ignore', 'ignore_ament_install']
[2.139s] Level 1:colcon.colcon_core.package_identification:_identify(ros2_ws/ldlidar_ws/ldlidar_sl_sdk) by extension 'ignore'
[2.140s] Level 1:colcon.colcon_core.package_identification:_identify(ros2_ws/ldlidar_ws/ldlidar_sl_sdk) by extension 'ignore_ament_install'
[2.140s] Level 1:colcon.colcon_core.package_identification:_identify(ros2_ws/ldlidar_ws/ldlidar_sl_sdk) by extensions ['colcon_pkg']
[2.141s] Level 1:colcon.colcon_core.package_identification:_identify(ros2_ws/ldlidar_ws/ldlidar_sl_sdk) by extension 'colcon_pkg'
[2.141s] Level 1:colcon.colcon_core.package_identification:_identify(ros2_ws/ldlidar_ws/ldlidar_sl_sdk) by extensions ['colcon_meta']
[2.141s] Level 1:colcon.colcon_core.package_identification:_identify(ros2_ws/ldlidar_ws/ldlidar_sl_sdk) by extension 'colcon_meta'
[2.142s] Level 1:colcon.colcon_core.package_identification:_identify(ros2_ws/ldlidar_ws/ldlidar_sl_sdk) by extensions ['ros']
[2.142s] Level 1:colcon.colcon_core.package_identification:_identify(ros2_ws/ldlidar_ws/ldlidar_sl_sdk) by extension 'ros'
[2.143s] Level 1:colcon.colcon_core.package_identification:_identify(ros2_ws/ldlidar_ws/ldlidar_sl_sdk) by extensions ['cmake', 'python']
[2.143s] Level 1:colcon.colcon_core.package_identification:_identify(ros2_ws/ldlidar_ws/ldlidar_sl_sdk) by extension 'cmake'
[2.158s] Level 1:colcon.colcon_core.package_identification:_identify(ros2_ws/ldlidar_ws/ldlidar_sl_sdk) by extension 'python'
[2.159s] DEBUG:colcon.colcon_core.package_identification:Package 'ros2_ws/ldlidar_ws/ldlidar_sl_sdk' with type 'cmake' and name 'ldlidar_sl'
[2.160s] Level 1:colcon.colcon_core.package_identification:_identify(ros2_ws/log) by extensions ['ignore', 'ignore_ament_install']
[2.161s] Level 1:colcon.colcon_core.package_identification:_identify(ros2_ws/log) by extension 'ignore'
[2.161s] Level 1:colcon.colcon_core.package_identification:_identify(ros2_ws/log) ignored
[2.162s] Level 1:colcon.colcon_core.package_identification:_identify(ros2_ws/src) by extensions ['ignore', 'ignore_ament_install']
[2.162s] Level 1:colcon.colcon_core.package_identification:_identify(ros2_ws/src) by extension 'ignore'
[2.163s] Level 1:colcon.colcon_core.package_identification:_identify(ros2_ws/src) by extension 'ignore_ament_install'
[2.164s] Level 1:colcon.colcon_core.package_identification:_identify(ros2_ws/src) by extensions ['colcon_pkg']
[2.164s] Level 1:colcon.colcon_core.package_identification:_identify(ros2_ws/src) by extension 'colcon_pkg'
[2.164s] Level 1:colcon.colcon_core.package_identification:_identify(ros2_ws/src) by extensions ['colcon_meta']
[2.164s] Level 1:colcon.colcon_core.package_identification:_identify(ros2_ws/src) by extension 'colcon_meta'
[2.165s] Level 1:colcon.colcon_core.package_identification:_identify(ros2_ws/src) by extensions ['ros']
[2.165s] Level 1:colcon.colcon_core.package_identification:_identify(ros2_ws/src) by extension 'ros'
[2.166s] Level 1:colcon.colcon_core.package_identification:_identify(ros2_ws/src) by extensions ['cmake', 'python']
[2.166s] Level 1:colcon.colcon_core.package_identification:_identify(ros2_ws/src) by extension 'cmake'
[2.167s] Level 1:colcon.colcon_core.package_identification:_identify(ros2_ws/src) by extension 'python'
[2.167s] Level 1:colcon.colcon_core.package_identification:_identify(ros2_ws/src) by extensions ['python_setup_py']
[2.167s] Level 1:colcon.colcon_core.package_identification:_identify(ros2_ws/src) by extension 'python_setup_py'
[2.168s] Level 1:colcon.colcon_core.package_identification:_identify(ros2_ws/src/agv_bridge) by extensions ['ignore', 'ignore_ament_install']
[2.169s] Level 1:colcon.colcon_core.package_identification:_identify(ros2_ws/src/agv_bridge) by extension 'ignore'
[2.169s] Level 1:colcon.colcon_core.package_identification:_identify(ros2_ws/src/agv_bridge) by extension 'ignore_ament_install'
[2.170s] Level 1:colcon.colcon_core.package_identification:_identify(ros2_ws/src/agv_bridge) by extensions ['colcon_pkg']
[2.170s] Level 1:colcon.colcon_core.package_identification:_identify(ros2_ws/src/agv_bridge) by extension 'colcon_pkg'
[2.171s] Level 1:colcon.colcon_core.package_identification:_identify(ros2_ws/src/agv_bridge) by extensions ['colcon_meta']
[2.171s] Level 1:colcon.colcon_core.package_identification:_identify(ros2_ws/src/agv_bridge) by extension 'colcon_meta'
[2.172s] Level 1:colcon.colcon_core.package_identification:_identify(ros2_ws/src/agv_bridge) by extensions ['ros']
[2.172s] Level 1:colcon.colcon_core.package_identification:_identify(ros2_ws/src/agv_bridge) by extension 'ros'
[2.192s] DEBUG:colcon.colcon_core.package_identification:Package 'ros2_ws/src/agv_bridge' with type 'ros.ament_python' and name 'agv_bridge'
[2.193s] Level 1:colcon.colcon_core.package_identification:_identify(ros2_ws/src/agv_bringup) by extensions ['ignore', 'ignore_ament_install']
[2.194s] Level 1:colcon.colcon_core.package_identification:_identify(ros2_ws/src/agv_bringup) by extension 'ignore'
[2.194s] Level 1:colcon.colcon_core.package_identification:_identify(ros2_ws/src/agv_bringup) by extension 'ignore_ament_install'
[2.194s] Level 1:colcon.colcon_core.package_identification:_identify(ros2_ws/src/agv_bringup) by extensions ['colcon_pkg']
[2.195s] Level 1:colcon.colcon_core.package_identification:_identify(ros2_ws/src/agv_bringup) by extension 'colcon_pkg'
[2.195s] Level 1:colcon.colcon_core.package_identification:_identify(ros2_ws/src/agv_bringup) by extensions ['colcon_meta']
[2.195s] Level 1:colcon.colcon_core.package_identification:_identify(ros2_ws/src/agv_bringup) by extension 'colcon_meta'
[2.195s] Level 1:colcon.colcon_core.package_identification:_identify(ros2_ws/src/agv_bringup) by extensions ['ros']
[2.196s] Level 1:colcon.colcon_core.package_identification:_identify(ros2_ws/src/agv_bringup) by extension 'ros'
[2.200s] DEBUG:colcon.colcon_core.package_identification:Package 'ros2_ws/src/agv_bringup' with type 'ros.ament_cmake' and name 'agv_bringup'
[2.201s] Level 1:colcon.colcon_core.package_identification:_identify(ros2_ws/src/agv_description) by extensions ['ignore', 'ignore_ament_install']
[2.202s] Level 1:colcon.colcon_core.package_identification:_identify(ros2_ws/src/agv_description) by extension 'ignore'
[2.202s] Level 1:colcon.colcon_core.package_identification:_identify(ros2_ws/src/agv_description) by extension 'ignore_ament_install'
[2.203s] Level 1:colcon.colcon_core.package_identification:_identify(ros2_ws/src/agv_description) by extensions ['colcon_pkg']
[2.203s] Level 1:colcon.colcon_core.package_identification:_identify(ros2_ws/src/agv_description) by extension 'colcon_pkg'
[2.203s] Level 1:colcon.colcon_core.package_identification:_identify(ros2_ws/src/agv_description) by extensions ['colcon_meta']
[2.203s] Level 1:colcon.colcon_core.package_identification:_identify(ros2_ws/src/agv_description) by extension 'colcon_meta'
[2.204s] Level 1:colcon.colcon_core.package_identification:_identify(ros2_ws/src/agv_description) by extensions ['ros']
[2.204s] Level 1:colcon.colcon_core.package_identification:_identify(ros2_ws/src/agv_description) by extension 'ros'
[2.208s] DEBUG:colcon.colcon_core.package_identification:Package 'ros2_ws/src/agv_description' with type 'ros.ament_cmake' and name 'agv_description'
[2.208s] Level 1:colcon.colcon_core.package_identification:_identify(ros2_ws/src/agv_lidar) by extensions ['ignore', 'ignore_ament_install']
[2.209s] Level 1:colcon.colcon_core.package_identification:_identify(ros2_ws/src/agv_lidar) by extension 'ignore'
[2.209s] Level 1:colcon.colcon_core.package_identification:_identify(ros2_ws/src/agv_lidar) by extension 'ignore_ament_install'
[2.209s] Level 1:colcon.colcon_core.package_identification:_identify(ros2_ws/src/agv_lidar) by extensions ['colcon_pkg']
[2.210s] Level 1:colcon.colcon_core.package_identification:_identify(ros2_ws/src/agv_lidar) by extension 'colcon_pkg'
[2.210s] Level 1:colcon.colcon_core.package_identification:_identify(ros2_ws/src/agv_lidar) by extensions ['colcon_meta']
[2.210s] Level 1:colcon.colcon_core.package_identification:_identify(ros2_ws/src/agv_lidar) by extension 'colcon_meta'
[2.211s] Level 1:colcon.colcon_core.package_identification:_identify(ros2_ws/src/agv_lidar) by extensions ['ros']
[2.211s] Level 1:colcon.colcon_core.package_identification:_identify(ros2_ws/src/agv_lidar) by extension 'ros'
[2.214s] DEBUG:colcon.colcon_core.package_identification:Package 'ros2_ws/src/agv_lidar' with type 'ros.ament_cmake' and name 'agv_lidar'
[2.215s] Level 1:colcon.colcon_core.package_identification:_identify(ros2_ws/src/ldlidar_sl_ros2) by extensions ['ignore', 'ignore_ament_install']
[2.216s] Level 1:colcon.colcon_core.package_identification:_identify(ros2_ws/src/ldlidar_sl_ros2) by extension 'ignore'
[2.216s] Level 1:colcon.colcon_core.package_identification:_identify(ros2_ws/src/ldlidar_sl_ros2) by extension 'ignore_ament_install'
[2.217s] Level 1:colcon.colcon_core.package_identification:_identify(ros2_ws/src/ldlidar_sl_ros2) by extensions ['colcon_pkg']
[2.217s] Level 1:colcon.colcon_core.package_identification:_identify(ros2_ws/src/ldlidar_sl_ros2) by extension 'colcon_pkg'
[2.217s] Level 1:colcon.colcon_core.package_identification:_identify(ros2_ws/src/ldlidar_sl_ros2) by extensions ['colcon_meta']
[2.217s] Level 1:colcon.colcon_core.package_identification:_identify(ros2_ws/src/ldlidar_sl_ros2) by extension 'colcon_meta'
[2.218s] Level 1:colcon.colcon_core.package_identification:_identify(ros2_ws/src/ldlidar_sl_ros2) by extensions ['ros']
[2.218s] Level 1:colcon.colcon_core.package_identification:_identify(ros2_ws/src/ldlidar_sl_ros2) by extension 'ros'
[2.222s] DEBUG:colcon.colcon_core.package_identification:Package 'ros2_ws/src/ldlidar_sl_ros2' with type 'ros.ament_cmake' and name 'ldlidar_sl_ros2'
[2.223s] Level 1:colcon.colcon_core.package_discovery:discover_packages(recursive) using defaults
[2.223s] Level 1:colcon.colcon_core.package_discovery:discover_packages(ignore) discover
[2.223s] Level 1:colcon.colcon_core.package_discovery:discover_packages(ignore) using defaults
[2.223s] Level 1:colcon.colcon_core.package_discovery:discover_packages(path) discover
[2.223s] Level 1:colcon.colcon_core.package_discovery:discover_packages(path) using defaults
[2.380s] INFO:colcon.colcon_core.package_selection:Skipping not selected package 'agv_bridge' in 'ros2_ws/src/agv_bridge'
[2.381s] INFO:colcon.colcon_core.package_selection:Skipping not selected package 'agv_description' in 'ros2_ws/src/agv_description'
[2.381s] INFO:colcon.colcon_core.package_selection:Skipping not selected package 'ldlidar_sl' in 'ros2_ws/ldlidar_ws/ldlidar_sl_sdk'
[2.381s] INFO:colcon.colcon_core.package_selection:Skipping not selected package 'ldlidar_sl_ros2' in 'ros2_ws/src/ldlidar_sl_ros2'
[2.381s] INFO:colcon.colcon_core.package_selection:Skipping not selected package 'agv_lidar' in 'ros2_ws/src/agv_lidar'
[2.385s] Level 1:colcon.colcon_core.package_discovery:discover_packages(prefix_path) check parameters
[2.385s] Level 1:colcon.colcon_core.package_discovery:discover_packages(prefix_path) discover
[2.405s] DEBUG:colcon.colcon_installed_package_information.package_discovery:Found 1 installed packages in /home/pi/ldlidar_ros2_ws/install
[2.415s] DEBUG:colcon.colcon_installed_package_information.package_discovery:Found 211 installed packages in /opt/ros/humble
[2.421s] Level 1:colcon.colcon_core.package_discovery:discover_packages(prefix_path) using defaults
[2.672s] Level 5:colcon.colcon_core.verb:set package 'agv_bringup' build argument 'cmake_args' from command line to 'None'
[2.672s] Level 5:colcon.colcon_core.verb:set package 'agv_bringup' build argument 'cmake_target' from command line to 'None'
[2.672s] Level 5:colcon.colcon_core.verb:set package 'agv_bringup' build argument 'cmake_target_skip_unavailable' from command line to 'False'
[2.673s] Level 5:colcon.colcon_core.verb:set package 'agv_bringup' build argument 'cmake_clean_cache' from command line to 'False'
[2.673s] Level 5:colcon.colcon_core.verb:set package 'agv_bringup' build argument 'cmake_clean_first' from command line to 'False'
[2.673s] Level 5:colcon.colcon_core.verb:set package 'agv_bringup' build argument 'cmake_force_configure' from command line to 'False'
[2.673s] Level 5:colcon.colcon_core.verb:set package 'agv_bringup' build argument 'ament_cmake_args' from command line to 'None'
[2.673s] Level 5:colcon.colcon_core.verb:set package 'agv_bringup' build argument 'catkin_cmake_args' from command line to 'None'
[2.673s] Level 5:colcon.colcon_core.verb:set package 'agv_bringup' build argument 'catkin_skip_building_tests' from command line to 'False'
[2.674s] DEBUG:colcon.colcon_core.verb:Building package 'agv_bringup' with the following arguments: {'ament_cmake_args': None, 'build_base': '/home/pi/agv_project/build/agv_bringup', 'catkin_cmake_args': None, 'catkin_skip_building_tests': False, 'cmake_args': None, 'cmake_clean_cache': False, 'cmake_clean_first': False, 'cmake_force_configure': False, 'cmake_target': None, 'cmake_target_skip_unavailable': False, 'install_base': '/home/pi/agv_project/install/agv_bringup', 'merge_install': False, 'path': '/home/pi/agv_project/ros2_ws/src/agv_bringup', 'symlink_install': False, 'test_result_base': None}
[2.674s] INFO:colcon.colcon_core.executor:Executing jobs using 'parallel' executor
[2.678s] DEBUG:colcon.colcon_parallel_executor.executor.parallel:run_until_complete
[2.680s] INFO:colcon.colcon_ros.task.ament_cmake.build:Building ROS package in '/home/pi/agv_project/ros2_ws/src/agv_bringup' with build type 'ament_cmake'
[2.681s] INFO:colcon.colcon_cmake.task.cmake.build:Building CMake package in '/home/pi/agv_project/ros2_ws/src/agv_bringup'
[2.708s] INFO:colcon.colcon_core.plugin_system:Skipping extension 'colcon_core.shell.bat': Not used on non-Windows systems
[2.709s] INFO:colcon.colcon_core.shell:Skip shell extension 'powershell' for command environment: Not usable outside of PowerShell
[2.710s] DEBUG:colcon.colcon_core.shell:Skip shell extension 'dsv' for command environment
[2.725s] ERROR:colcon.colcon_cmake.task.cmake.build:Failed to find the following files:
- /home/pi/agv_project/install/agv_bridge/share/agv_bridge/package.sh
- /home/pi/agv_project/install/agv_description/share/agv_description/package.sh
- /home/pi/agv_project/install/ldlidar_sl_ros2/share/ldlidar_sl_ros2/package.sh
- /home/pi/agv_project/install/agv_lidar/share/agv_lidar/package.sh
Check that the following packages have been built:
- agv_bridge
- agv_description
- ldlidar_sl_ros2
- agv_lidar
[2.727s] Level 1:colcon.colcon_core.environment:create_environment_scripts_only(agv_bringup)
[2.760s] Level 1:colcon.colcon_core.environment:checking '/home/pi/agv_project/install/agv_bringup' for CMake module files
[2.762s] Level 1:colcon.colcon_core.environment:checking '/home/pi/agv_project/install/agv_bringup' for CMake config files
[2.763s] Level 1:colcon.colcon_core.environment:checking '/home/pi/agv_project/install/agv_bringup/bin'
[2.764s] Level 1:colcon.colcon_core.environment:checking '/home/pi/agv_project/install/agv_bringup/lib/pkgconfig/agv_bringup.pc'
[2.765s] Level 1:colcon.colcon_core.environment:checking '/home/pi/agv_project/install/agv_bringup/lib/python3.10/site-packages'
[2.767s] Level 1:colcon.colcon_core.environment:checking '/home/pi/agv_project/install/agv_bringup/bin'
[2.768s] INFO:colcon.colcon_core.shell:Creating package script '/home/pi/agv_project/install/agv_bringup/share/agv_bringup/package.ps1'
[2.776s] INFO:colcon.colcon_core.shell:Creating package descriptor '/home/pi/agv_project/install/agv_bringup/share/agv_bringup/package.dsv'
[2.780s] INFO:colcon.colcon_core.shell:Creating package script '/home/pi/agv_project/install/agv_bringup/share/agv_bringup/package.sh'
[2.785s] INFO:colcon.colcon_core.shell:Creating package script '/home/pi/agv_project/install/agv_bringup/share/agv_bringup/package.bash'
[2.791s] INFO:colcon.colcon_core.shell:Creating package script '/home/pi/agv_project/install/agv_bringup/share/agv_bringup/package.zsh'
[2.796s] Level 1:colcon.colcon_core.environment:create_file_with_runtime_dependencies(/home/pi/agv_project/install/agv_bringup/share/colcon-core/packages/agv_bringup)
[2.798s] DEBUG:colcon.colcon_parallel_executor.executor.parallel:closing loop
[2.799s] DEBUG:colcon.colcon_parallel_executor.executor.parallel:loop closed
[2.800s] DEBUG:colcon.colcon_parallel_executor.executor.parallel:run_until_complete finished with '1'
[2.800s] DEBUG:colcon.colcon_core.event_reactor:joining thread
[2.803s] DEBUG:colcon.colcon_core.event_reactor:joined thread
[2.805s] INFO:colcon.colcon_core.shell:Creating prefix script '/home/pi/agv_project/install/local_setup.ps1'
[2.812s] INFO:colcon.colcon_core.shell:Creating prefix util module '/home/pi/agv_project/install/_local_setup_util_ps1.py'
[2.821s] INFO:colcon.colcon_core.shell:Creating prefix chain script '/home/pi/agv_project/install/setup.ps1'
[2.829s] INFO:colcon.colcon_core.shell:Creating prefix script '/home/pi/agv_project/install/local_setup.sh'
[2.833s] INFO:colcon.colcon_core.shell:Creating prefix util module '/home/pi/agv_project/install/_local_setup_util_sh.py'
[2.836s] INFO:colcon.colcon_core.shell:Creating prefix chain script '/home/pi/agv_project/install/setup.sh'
[2.843s] INFO:colcon.colcon_core.shell:Creating prefix script '/home/pi/agv_project/install/local_setup.bash'
[2.846s] INFO:colcon.colcon_core.shell:Creating prefix chain script '/home/pi/agv_project/install/setup.bash'
[2.853s] INFO:colcon.colcon_core.shell:Creating prefix script '/home/pi/agv_project/install/local_setup.zsh'
[2.857s] INFO:colcon.colcon_core.shell:Creating prefix chain script '/home/pi/agv_project/install/setup.zsh'
