[0.312s] Invoking command in '/home/pi/agv_project/ros2_ws/build/agv_bringup': AMENT_PREFIX_PATH=/home/pi/agv_project/ros2_ws/install/agv_lidar:/home/pi/agv_project/ros2_ws/install/ldlidar_sl_ros2:/home/pi/agv_project/ros2_ws/install/agv_description:/home/pi/agv_project/ros2_ws/install/agv_bridge:${AMENT_PREFIX_PATH} CMAKE_PREFIX_PATH=/home/pi/agv_project/ros2_ws/install/agv_lidar:/home/pi/agv_project/ros2_ws/install/ldlidar_sl_ros2:/home/pi/agv_project/ros2_ws/install/agv_description:/home/pi/ldlidar_ros2_ws/install/ldlidar_ros2:/opt/ros/humble PYTHONPATH=/home/pi/agv_project/ros2_ws/install/agv_bridge/lib/python3.10/site-packages:${PYTHONPATH} /usr/bin/cmake --build /home/pi/agv_project/ros2_ws/build/agv_bringup -- -j4 -l4
[1.166s] Invoked command in '/home/pi/agv_project/ros2_ws/build/agv_bringup' returned '0': AMENT_PREFIX_PATH=/home/pi/agv_project/ros2_ws/install/agv_lidar:/home/pi/agv_project/ros2_ws/install/ldlidar_sl_ros2:/home/pi/agv_project/ros2_ws/install/agv_description:/home/pi/agv_project/ros2_ws/install/agv_bridge:${AMENT_PREFIX_PATH} CMAKE_PREFIX_PATH=/home/pi/agv_project/ros2_ws/install/agv_lidar:/home/pi/agv_project/ros2_ws/install/ldlidar_sl_ros2:/home/pi/agv_project/ros2_ws/install/agv_description:/home/pi/ldlidar_ros2_ws/install/ldlidar_ros2:/opt/ros/humble PYTHONPATH=/home/pi/agv_project/ros2_ws/install/agv_bridge/lib/python3.10/site-packages:${PYTHONPATH} /usr/bin/cmake --build /home/pi/agv_project/ros2_ws/build/agv_bringup -- -j4 -l4
[1.215s] Invoking command in '/home/pi/agv_project/ros2_ws/build/agv_bringup': AMENT_PREFIX_PATH=/home/pi/agv_project/ros2_ws/install/agv_lidar:/home/pi/agv_project/ros2_ws/install/ldlidar_sl_ros2:/home/pi/agv_project/ros2_ws/install/agv_description:/home/pi/agv_project/ros2_ws/install/agv_bridge:${AMENT_PREFIX_PATH} CMAKE_PREFIX_PATH=/home/pi/agv_project/ros2_ws/install/agv_lidar:/home/pi/agv_project/ros2_ws/install/ldlidar_sl_ros2:/home/pi/agv_project/ros2_ws/install/agv_description:/home/pi/ldlidar_ros2_ws/install/ldlidar_ros2:/opt/ros/humble PYTHONPATH=/home/pi/agv_project/ros2_ws/install/agv_bridge/lib/python3.10/site-packages:${PYTHONPATH} /usr/bin/cmake --install /home/pi/agv_project/ros2_ws/build/agv_bringup
[1.262s] -- Install configuration: ""
[1.265s] -- Up-to-date: /home/pi/agv_project/ros2_ws/install/agv_bringup/share/agv_bringup/config
[1.266s] -- Installing: /home/pi/agv_project/ros2_ws/install/agv_bringup/share/agv_bringup/config/nav2_params.yaml
[1.271s] -- Up-to-date: /home/pi/agv_project/ros2_ws/install/agv_bringup/share/agv_bringup/launch
[1.273s] -- Up-to-date: /home/pi/agv_project/ros2_ws/install/agv_bringup/share/agv_bringup/launch/bringup.launch.py
[1.275s] -- Installing: /home/pi/agv_project/ros2_ws/install/agv_bringup/share/agv_bringup/launch/navigation.launch.py
[1.287s] -- Up-to-date: /home/pi/agv_project/ros2_ws/install/agv_bringup/share/ament_index/resource_index/package_run_dependencies/agv_bringup
[1.292s] -- Up-to-date: /home/pi/agv_project/ros2_ws/install/agv_bringup/share/ament_index/resource_index/parent_prefix_path/agv_bringup
[1.294s] -- Up-to-date: /home/pi/agv_project/ros2_ws/install/agv_bringup/share/agv_bringup/environment/ament_prefix_path.sh
[1.298s] -- Up-to-date: /home/pi/agv_project/ros2_ws/install/agv_bringup/share/agv_bringup/environment/ament_prefix_path.dsv
[1.302s] -- Up-to-date: /home/pi/agv_project/ros2_ws/install/agv_bringup/share/agv_bringup/environment/path.sh
[1.306s] -- Up-to-date: /home/pi/agv_project/ros2_ws/install/agv_bringup/share/agv_bringup/environment/path.dsv
[1.311s] -- Up-to-date: /home/pi/agv_project/ros2_ws/install/agv_bringup/share/agv_bringup/local_setup.bash
[1.312s] -- Up-to-date: /home/pi/agv_project/ros2_ws/install/agv_bringup/share/agv_bringup/local_setup.sh
[1.320s] -- Up-to-date: /home/pi/agv_project/ros2_ws/install/agv_bringup/share/agv_bringup/local_setup.zsh
[1.329s] -- Up-to-date: /home/pi/agv_project/ros2_ws/install/agv_bringup/share/agv_bringup/local_setup.dsv
[1.329s] -- Installing: /home/pi/agv_project/ros2_ws/install/agv_bringup/share/agv_bringup/package.dsv
[1.330s] -- Up-to-date: /home/pi/agv_project/ros2_ws/install/agv_bringup/share/ament_index/resource_index/packages/agv_bringup
[1.331s] -- Up-to-date: /home/pi/agv_project/ros2_ws/install/agv_bringup/share/agv_bringup/cmake/agv_bringupConfig.cmake
[1.335s] -- Up-to-date: /home/pi/agv_project/ros2_ws/install/agv_bringup/share/agv_bringup/cmake/agv_bringupConfig-version.cmake
[1.341s] -- Up-to-date: /home/pi/agv_project/ros2_ws/install/agv_bringup/share/agv_bringup/package.xml
[1.342s] Invoked command in '/home/pi/agv_project/ros2_ws/build/agv_bringup' returned '0': AMENT_PREFIX_PATH=/home/pi/agv_project/ros2_ws/install/agv_lidar:/home/pi/agv_project/ros2_ws/install/ldlidar_sl_ros2:/home/pi/agv_project/ros2_ws/install/agv_description:/home/pi/agv_project/ros2_ws/install/agv_bridge:${AMENT_PREFIX_PATH} CMAKE_PREFIX_PATH=/home/pi/agv_project/ros2_ws/install/agv_lidar:/home/pi/agv_project/ros2_ws/install/ldlidar_sl_ros2:/home/pi/agv_project/ros2_ws/install/agv_description:/home/pi/ldlidar_ros2_ws/install/ldlidar_ros2:/opt/ros/humble PYTHONPATH=/home/pi/agv_project/ros2_ws/install/agv_bridge/lib/python3.10/site-packages:${PYTHONPATH} /usr/bin/cmake --install /home/pi/agv_project/ros2_ws/build/agv_bringup
