[0.063s] Invoking command in '/home/pi/agv_project/ros2_ws/build/agv_lidar': AMENT_PREFIX_PATH=/home/pi/agv_project/ros2_ws/install/ldlidar_sl_ros2:${AMENT_PREFIX_PATH} CMAKE_PREFIX_PATH=/home/pi/agv_project/ros2_ws/install/ldlidar_sl_ros2:/home/pi/ldlidar_ros2_ws/install/ldlidar_ros2:/opt/ros/humble /usr/bin/cmake --build /home/pi/agv_project/ros2_ws/build/agv_lidar -- -j4 -l4
[0.253s] Invoked command in '/home/pi/agv_project/ros2_ws/build/agv_lidar' returned '0': AMENT_PREFIX_PATH=/home/pi/agv_project/ros2_ws/install/ldlidar_sl_ros2:${AMENT_PREFIX_PATH} CMAKE_PREFIX_PATH=/home/pi/agv_project/ros2_ws/install/ldlidar_sl_ros2:/home/pi/ldlidar_ros2_ws/install/ldlidar_ros2:/opt/ros/humble /usr/bin/cmake --build /home/pi/agv_project/ros2_ws/build/agv_lidar -- -j4 -l4
[0.260s] Invoking command in '/home/pi/agv_project/ros2_ws/build/agv_lidar': AMENT_PREFIX_PATH=/home/pi/agv_project/ros2_ws/install/ldlidar_sl_ros2:${AMENT_PREFIX_PATH} CMAKE_PREFIX_PATH=/home/pi/agv_project/ros2_ws/install/ldlidar_sl_ros2:/home/pi/ldlidar_ros2_ws/install/ldlidar_ros2:/opt/ros/humble /usr/bin/cmake --install /home/pi/agv_project/ros2_ws/build/agv_lidar
[0.308s] -- Install configuration: ""
[0.311s] -- Up-to-date: /home/pi/agv_project/ros2_ws/install/agv_lidar/share/agv_lidar/launch
[0.315s] -- Up-to-date: /home/pi/agv_project/ros2_ws/install/agv_lidar/share/agv_lidar/launch/ld14.launch.py
[0.316s] -- Up-to-date: /home/pi/agv_project/ros2_ws/install/agv_lidar/share/agv_lidar/config
[0.317s] -- Up-to-date: /home/pi/agv_project/ros2_ws/install/agv_lidar/share/agv_lidar/config/lidar_params.yaml
[0.317s] -- Up-to-date: /home/pi/agv_project/ros2_ws/install/agv_lidar/share/ament_index/resource_index/package_run_dependencies/agv_lidar
[0.325s] -- Up-to-date: /home/pi/agv_project/ros2_ws/install/agv_lidar/share/ament_index/resource_index/parent_prefix_path/agv_lidar
[0.326s] -- Up-to-date: /home/pi/agv_project/ros2_ws/install/agv_lidar/share/agv_lidar/environment/ament_prefix_path.sh
[0.326s] -- Up-to-date: /home/pi/agv_project/ros2_ws/install/agv_lidar/share/agv_lidar/environment/ament_prefix_path.dsv
[0.327s] -- Up-to-date: /home/pi/agv_project/ros2_ws/install/agv_lidar/share/agv_lidar/environment/path.sh
[0.328s] -- Up-to-date: /home/pi/agv_project/ros2_ws/install/agv_lidar/share/agv_lidar/environment/path.dsv
[0.329s] -- Up-to-date: /home/pi/agv_project/ros2_ws/install/agv_lidar/share/agv_lidar/local_setup.bash
[0.330s] -- Up-to-date: /home/pi/agv_project/ros2_ws/install/agv_lidar/share/agv_lidar/local_setup.sh
[0.331s] -- Up-to-date: /home/pi/agv_project/ros2_ws/install/agv_lidar/share/agv_lidar/local_setup.zsh
[0.333s] -- Up-to-date: /home/pi/agv_project/ros2_ws/install/agv_lidar/share/agv_lidar/local_setup.dsv
[0.334s] -- Up-to-date: /home/pi/agv_project/ros2_ws/install/agv_lidar/share/agv_lidar/package.dsv
[0.335s] -- Up-to-date: /home/pi/agv_project/ros2_ws/install/agv_lidar/share/ament_index/resource_index/packages/agv_lidar
[0.336s] -- Up-to-date: /home/pi/agv_project/ros2_ws/install/agv_lidar/share/agv_lidar/cmake/agv_lidarConfig.cmake
[0.337s] -- Up-to-date: /home/pi/agv_project/ros2_ws/install/agv_lidar/share/agv_lidar/cmake/agv_lidarConfig-version.cmake
[0.337s] -- Up-to-date: /home/pi/agv_project/ros2_ws/install/agv_lidar/share/agv_lidar/package.xml
[0.436s] Invoked command in '/home/pi/agv_project/ros2_ws/build/agv_lidar' returned '0': AMENT_PREFIX_PATH=/home/pi/agv_project/ros2_ws/install/ldlidar_sl_ros2:${AMENT_PREFIX_PATH} CMAKE_PREFIX_PATH=/home/pi/agv_project/ros2_ws/install/ldlidar_sl_ros2:/home/pi/ldlidar_ros2_ws/install/ldlidar_ros2:/opt/ros/humble /usr/bin/cmake --install /home/pi/agv_project/ros2_ws/build/agv_lidar
