[0.102s] Invoking command in '/home/pi/agv_project/ros2_ws/build/agv_bringup': AMENT_PREFIX_PATH=/home/pi/agv_project/ros2_ws/install/agv_lidar:/home/pi/agv_project/ros2_ws/install/ldlidar_sl_ros2:/home/pi/agv_project/ros2_ws/install/agv_description:/home/pi/agv_project/ros2_ws/install/agv_bridge:${AMENT_PREFIX_PATH} CMAKE_PREFIX_PATH=/home/pi/agv_project/ros2_ws/install/agv_lidar:/home/pi/agv_project/ros2_ws/install/ldlidar_sl_ros2:/home/pi/agv_project/ros2_ws/install/agv_description:/home/pi/ldlidar_ros2_ws/install/ldlidar_ros2:/opt/ros/humble PYTHONPATH=/home/pi/agv_project/ros2_ws/install/agv_bridge/lib/python3.10/site-packages:${PYTHONPATH} /usr/bin/cmake --build /home/pi/agv_project/ros2_ws/build/agv_bringup -- -j4 -l4
[0.244s] -- Found ament_cmake: 1.3.14 (/opt/ros/humble/share/ament_cmake/cmake)
[1.218s] -- Found ament_lint_auto: 0.12.15 (/opt/ros/humble/share/ament_lint_auto/cmake)
[1.721s] -- Added test 'flake8' to check Python code syntax and style conventions
[1.729s] -- Added test 'lint_cmake' to check CMake code style
[1.736s] -- Added test 'pep257' to check Python code against some of the docstring style conventions in PEP 257
[1.759s] -- Added test 'xmllint' to check XML markup files
[1.767s] -- Configuring done
[1.824s] -- Generating done
[1.846s] -- Build files have been written to: /home/pi/agv_project/ros2_ws/build/agv_bringup
[1.959s] Invoked command in '/home/pi/agv_project/ros2_ws/build/agv_bringup' returned '0': AMENT_PREFIX_PATH=/home/pi/agv_project/ros2_ws/install/agv_lidar:/home/pi/agv_project/ros2_ws/install/ldlidar_sl_ros2:/home/pi/agv_project/ros2_ws/install/agv_description:/home/pi/agv_project/ros2_ws/install/agv_bridge:${AMENT_PREFIX_PATH} CMAKE_PREFIX_PATH=/home/pi/agv_project/ros2_ws/install/agv_lidar:/home/pi/agv_project/ros2_ws/install/ldlidar_sl_ros2:/home/pi/agv_project/ros2_ws/install/agv_description:/home/pi/ldlidar_ros2_ws/install/ldlidar_ros2:/opt/ros/humble PYTHONPATH=/home/pi/agv_project/ros2_ws/install/agv_bridge/lib/python3.10/site-packages:${PYTHONPATH} /usr/bin/cmake --build /home/pi/agv_project/ros2_ws/build/agv_bringup -- -j4 -l4
[2.006s] Invoking command in '/home/pi/agv_project/ros2_ws/build/agv_bringup': AMENT_PREFIX_PATH=/home/pi/agv_project/ros2_ws/install/agv_lidar:/home/pi/agv_project/ros2_ws/install/ldlidar_sl_ros2:/home/pi/agv_project/ros2_ws/install/agv_description:/home/pi/agv_project/ros2_ws/install/agv_bridge:${AMENT_PREFIX_PATH} CMAKE_PREFIX_PATH=/home/pi/agv_project/ros2_ws/install/agv_lidar:/home/pi/agv_project/ros2_ws/install/ldlidar_sl_ros2:/home/pi/agv_project/ros2_ws/install/agv_description:/home/pi/ldlidar_ros2_ws/install/ldlidar_ros2:/opt/ros/humble PYTHONPATH=/home/pi/agv_project/ros2_ws/install/agv_bridge/lib/python3.10/site-packages:${PYTHONPATH} /usr/bin/cmake --install /home/pi/agv_project/ros2_ws/build/agv_bringup
[2.052s] -- Install configuration: ""
[2.055s] -- Up-to-date: /home/pi/agv_project/ros2_ws/install/agv_bringup/share/agv_bringup/behavior_trees
[2.058s] -- Up-to-date: /home/pi/agv_project/ros2_ws/install/agv_bringup/share/agv_bringup/behavior_trees/navigate_to_pose_fast_replanning.xml
[2.060s] -- Up-to-date: /home/pi/agv_project/ros2_ws/install/agv_bringup/share/agv_bringup/config
[2.062s] -- Installing: /home/pi/agv_project/ros2_ws/install/agv_bringup/share/agv_bringup/config/nav2_params.yaml
[2.065s] -- Up-to-date: /home/pi/agv_project/ros2_ws/install/agv_bringup/share/agv_bringup/launch
[2.067s] -- Up-to-date: /home/pi/agv_project/ros2_ws/install/agv_bringup/share/agv_bringup/launch/bringup.launch.py
[2.069s] -- Installing: /home/pi/agv_project/ros2_ws/install/agv_bringup/share/agv_bringup/launch/navigation.launch.py
[2.077s] -- Installing: /home/pi/agv_project/ros2_ws/install/agv_bringup/share/ament_index/resource_index/package_run_dependencies/agv_bringup
[2.080s] -- Up-to-date: /home/pi/agv_project/ros2_ws/install/agv_bringup/share/ament_index/resource_index/parent_prefix_path/agv_bringup
[2.081s] -- Up-to-date: /home/pi/agv_project/ros2_ws/install/agv_bringup/share/agv_bringup/environment/ament_prefix_path.sh
[2.084s] -- Installing: /home/pi/agv_project/ros2_ws/install/agv_bringup/share/agv_bringup/environment/ament_prefix_path.dsv
[2.092s] -- Up-to-date: /home/pi/agv_project/ros2_ws/install/agv_bringup/share/agv_bringup/environment/path.sh
[2.094s] -- Installing: /home/pi/agv_project/ros2_ws/install/agv_bringup/share/agv_bringup/environment/path.dsv
[2.095s] -- Up-to-date: /home/pi/agv_project/ros2_ws/install/agv_bringup/share/agv_bringup/local_setup.bash
[2.096s] -- Up-to-date: /home/pi/agv_project/ros2_ws/install/agv_bringup/share/agv_bringup/local_setup.sh
[2.100s] -- Up-to-date: /home/pi/agv_project/ros2_ws/install/agv_bringup/share/agv_bringup/local_setup.zsh
[2.103s] -- Installing: /home/pi/agv_project/ros2_ws/install/agv_bringup/share/agv_bringup/local_setup.dsv
[2.111s] -- Installing: /home/pi/agv_project/ros2_ws/install/agv_bringup/share/agv_bringup/package.dsv
[2.112s] -- Up-to-date: /home/pi/agv_project/ros2_ws/install/agv_bringup/share/ament_index/resource_index/packages/agv_bringup
[2.112s] -- Up-to-date: /home/pi/agv_project/ros2_ws/install/agv_bringup/share/agv_bringup/cmake/agv_bringupConfig.cmake
[2.113s] -- Up-to-date: /home/pi/agv_project/ros2_ws/install/agv_bringup/share/agv_bringup/cmake/agv_bringupConfig-version.cmake
[2.114s] -- Installing: /home/pi/agv_project/ros2_ws/install/agv_bringup/share/agv_bringup/package.xml
[2.142s] Invoked command in '/home/pi/agv_project/ros2_ws/build/agv_bringup' returned '0': AMENT_PREFIX_PATH=/home/pi/agv_project/ros2_ws/install/agv_lidar:/home/pi/agv_project/ros2_ws/install/ldlidar_sl_ros2:/home/pi/agv_project/ros2_ws/install/agv_description:/home/pi/agv_project/ros2_ws/install/agv_bridge:${AMENT_PREFIX_PATH} CMAKE_PREFIX_PATH=/home/pi/agv_project/ros2_ws/install/agv_lidar:/home/pi/agv_project/ros2_ws/install/ldlidar_sl_ros2:/home/pi/agv_project/ros2_ws/install/agv_description:/home/pi/ldlidar_ros2_ws/install/ldlidar_ros2:/opt/ros/humble PYTHONPATH=/home/pi/agv_project/ros2_ws/install/agv_bridge/lib/python3.10/site-packages:${PYTHONPATH} /usr/bin/cmake --install /home/pi/agv_project/ros2_ws/build/agv_bringup
