[0.058s] Invoking command in '/home/pi/agv_project/ros2_ws/build/agv_description': CMAKE_PREFIX_PATH=${CMAKE_PREFIX_PATH}:/opt/ros/humble /usr/bin/cmake --build /home/pi/agv_project/ros2_ws/build/agv_description -- -j4 -l4
[0.154s] -- Found ament_cmake: 1.3.14 (/opt/ros/humble/share/ament_cmake/cmake)
[0.766s] -- Found ament_lint_auto: 0.12.15 (/opt/ros/humble/share/ament_lint_auto/cmake)
[1.107s] -- Added test 'flake8' to check Python code syntax and style conventions
[1.112s] -- Added test 'lint_cmake' to check CMake code style
[1.115s] -- Added test 'pep257' to check Python code against some of the docstring style conventions in PEP 257
[1.129s] -- Added test 'xmllint' to check XML markup files
[1.134s] -- Configuring done
[1.160s] -- Generating done
[1.173s] -- Build files have been written to: /home/pi/agv_project/ros2_ws/build/agv_description
[1.262s] Invoked command in '/home/pi/agv_project/ros2_ws/build/agv_description' returned '0': CMAKE_PREFIX_PATH=${CMAKE_PREFIX_PATH}:/opt/ros/humble /usr/bin/cmake --build /home/pi/agv_project/ros2_ws/build/agv_description -- -j4 -l4
[1.303s] Invoking command in '/home/pi/agv_project/ros2_ws/build/agv_description': CMAKE_PREFIX_PATH=${CMAKE_PREFIX_PATH}:/opt/ros/humble /usr/bin/cmake --install /home/pi/agv_project/ros2_ws/build/agv_description
[1.337s] -- Install configuration: ""
[1.339s] -- Installing: /home/pi/agv_project/ros2_ws/install/agv_description/share/agv_description/launch
[1.344s] -- Installing: /home/pi/agv_project/ros2_ws/install/agv_description/share/agv_description/launch/__pycache__
[1.344s] -- Installing: /home/pi/agv_project/ros2_ws/install/agv_description/share/agv_description/launch/__pycache__/display.launch.cpython-310.pyc
[1.345s] -- Installing: /home/pi/agv_project/ros2_ws/install/agv_description/share/agv_description/launch/display.launch.py
[1.345s] -- Up-to-date: /home/pi/agv_project/ros2_ws/install/agv_description/share/agv_description/xacro
[1.348s] -- Up-to-date: /home/pi/agv_project/ros2_ws/install/agv_description/share/agv_description/xacro/agv_robot.xacro
[1.349s] -- Installing: /home/pi/agv_project/ros2_ws/install/agv_description/share/ament_index/resource_index/package_run_dependencies/agv_description
[1.352s] -- Up-to-date: /home/pi/agv_project/ros2_ws/install/agv_description/share/ament_index/resource_index/parent_prefix_path/agv_description
[1.353s] -- Up-to-date: /home/pi/agv_project/ros2_ws/install/agv_description/share/agv_description/environment/ament_prefix_path.sh
[1.353s] -- Installing: /home/pi/agv_project/ros2_ws/install/agv_description/share/agv_description/environment/ament_prefix_path.dsv
[1.354s] -- Up-to-date: /home/pi/agv_project/ros2_ws/install/agv_description/share/agv_description/environment/path.sh
[1.354s] -- Installing: /home/pi/agv_project/ros2_ws/install/agv_description/share/agv_description/environment/path.dsv
[1.356s] -- Up-to-date: /home/pi/agv_project/ros2_ws/install/agv_description/share/agv_description/local_setup.bash
[1.356s] -- Up-to-date: /home/pi/agv_project/ros2_ws/install/agv_description/share/agv_description/local_setup.sh
[1.357s] -- Up-to-date: /home/pi/agv_project/ros2_ws/install/agv_description/share/agv_description/local_setup.zsh
[1.357s] -- Installing: /home/pi/agv_project/ros2_ws/install/agv_description/share/agv_description/local_setup.dsv
[1.359s] -- Installing: /home/pi/agv_project/ros2_ws/install/agv_description/share/agv_description/package.dsv
[1.359s] -- Up-to-date: /home/pi/agv_project/ros2_ws/install/agv_description/share/ament_index/resource_index/packages/agv_description
[1.364s] -- Up-to-date: /home/pi/agv_project/ros2_ws/install/agv_description/share/agv_description/cmake/agv_descriptionConfig.cmake
[1.364s] -- Up-to-date: /home/pi/agv_project/ros2_ws/install/agv_description/share/agv_description/cmake/agv_descriptionConfig-version.cmake
[1.365s] -- Installing: /home/pi/agv_project/ros2_ws/install/agv_description/share/agv_description/package.xml
[1.371s] Invoked command in '/home/pi/agv_project/ros2_ws/build/agv_description' returned '0': CMAKE_PREFIX_PATH=${CMAKE_PREFIX_PATH}:/opt/ros/humble /usr/bin/cmake --install /home/pi/agv_project/ros2_ws/build/agv_description
