[0.094s] Invoking command in '/home/pi/agv_project/ros2_ws/build/agv_description': CMAKE_PREFIX_PATH=${CMAKE_PREFIX_PATH}:/opt/ros/humble /usr/bin/cmake --build /home/pi/agv_project/ros2_ws/build/agv_description -- -j4 -l4
[0.268s] Invoked command in '/home/pi/agv_project/ros2_ws/build/agv_description' returned '0': CMAKE_PREFIX_PATH=${CMAKE_PREFIX_PATH}:/opt/ros/humble /usr/bin/cmake --build /home/pi/agv_project/ros2_ws/build/agv_description -- -j4 -l4
[0.314s] Invoking command in '/home/pi/agv_project/ros2_ws/build/agv_description': CMAKE_PREFIX_PATH=${CMAKE_PREFIX_PATH}:/opt/ros/humble /usr/bin/cmake --install /home/pi/agv_project/ros2_ws/build/agv_description
[0.349s] -- Install configuration: ""
[0.351s] -- Up-to-date: /home/pi/agv_project/ros2_ws/install/agv_description/share/agv_description/xacro
[0.352s] -- Installing: /home/pi/agv_project/ros2_ws/install/agv_description/share/agv_description/xacro/agv_robot.xacro
[0.354s] -- Up-to-date: /home/pi/agv_project/ros2_ws/install/agv_description/share/ament_index/resource_index/package_run_dependencies/agv_description
[0.355s] -- Up-to-date: /home/pi/agv_project/ros2_ws/install/agv_description/share/ament_index/resource_index/parent_prefix_path/agv_description
[0.356s] -- Up-to-date: /home/pi/agv_project/ros2_ws/install/agv_description/share/agv_description/environment/ament_prefix_path.sh
[0.356s] -- Up-to-date: /home/pi/agv_project/ros2_ws/install/agv_description/share/agv_description/environment/ament_prefix_path.dsv
[0.356s] -- Up-to-date: /home/pi/agv_project/ros2_ws/install/agv_description/share/agv_description/environment/path.sh
[0.358s] -- Up-to-date: /home/pi/agv_project/ros2_ws/install/agv_description/share/agv_description/environment/path.dsv
[0.359s] -- Up-to-date: /home/pi/agv_project/ros2_ws/install/agv_description/share/agv_description/local_setup.bash
[0.360s] -- Up-to-date: /home/pi/agv_project/ros2_ws/install/agv_description/share/agv_description/local_setup.sh
[0.360s] -- Up-to-date: /home/pi/agv_project/ros2_ws/install/agv_description/share/agv_description/local_setup.zsh
[0.361s] -- Up-to-date: /home/pi/agv_project/ros2_ws/install/agv_description/share/agv_description/local_setup.dsv
[0.361s] -- Up-to-date: /home/pi/agv_project/ros2_ws/install/agv_description/share/agv_description/package.dsv
[0.362s] -- Up-to-date: /home/pi/agv_project/ros2_ws/install/agv_description/share/ament_index/resource_index/packages/agv_description
[0.363s] -- Up-to-date: /home/pi/agv_project/ros2_ws/install/agv_description/share/agv_description/cmake/agv_descriptionConfig.cmake
[0.367s] -- Up-to-date: /home/pi/agv_project/ros2_ws/install/agv_description/share/agv_description/cmake/agv_descriptionConfig-version.cmake
[0.368s] -- Up-to-date: /home/pi/agv_project/ros2_ws/install/agv_description/share/agv_description/package.xml
[0.370s] Invoked command in '/home/pi/agv_project/ros2_ws/build/agv_description' returned '0': CMAKE_PREFIX_PATH=${CMAKE_PREFIX_PATH}:/opt/ros/humble /usr/bin/cmake --install /home/pi/agv_project/ros2_ws/build/agv_description
