[0.073s] Invoking command in '/home/pi/agv_project/ros2_ws/build/agv_bringup': AMENT_PREFIX_PATH=/home/pi/agv_project/ros2_ws/install/agv_bridge:/home/pi/agv_project/ros2_ws/install/agv_bringup:/home/pi/agv_project/ros2_ws/install/agv_lidar:/home/pi/agv_project/ros2_ws/install/ldlidar_sl_ros2:/home/pi/agv_project/ros2_ws/install/agv_description:/opt/ros/humble:/home/pi/ldlidar_ros2_ws/install/ldlidar_ros2 CMAKE_PREFIX_PATH=/home/pi/agv_project/ros2_ws/install/agv_lidar:/home/pi/agv_project/ros2_ws/install/ldlidar_sl_ros2:/home/pi/agv_project/ros2_ws/install/agv_description:/home/pi/agv_project/ros2_ws/install/agv_bringup:/home/pi/ldlidar_ros2_ws/install/ldlidar_ros2:/home/pi/agv_project/ros2_ws/install/agv_bridge:/opt/ros/humble /usr/bin/cmake --build /home/pi/agv_project/ros2_ws/build/agv_bringup -- -j4 -l4
[0.240s] Invoked command in '/home/pi/agv_project/ros2_ws/build/agv_bringup' returned '0': AMENT_PREFIX_PATH=/home/pi/agv_project/ros2_ws/install/agv_bridge:/home/pi/agv_project/ros2_ws/install/agv_bringup:/home/pi/agv_project/ros2_ws/install/agv_lidar:/home/pi/agv_project/ros2_ws/install/ldlidar_sl_ros2:/home/pi/agv_project/ros2_ws/install/agv_description:/opt/ros/humble:/home/pi/ldlidar_ros2_ws/install/ldlidar_ros2 CMAKE_PREFIX_PATH=/home/pi/agv_project/ros2_ws/install/agv_lidar:/home/pi/agv_project/ros2_ws/install/ldlidar_sl_ros2:/home/pi/agv_project/ros2_ws/install/agv_description:/home/pi/agv_project/ros2_ws/install/agv_bringup:/home/pi/ldlidar_ros2_ws/install/ldlidar_ros2:/home/pi/agv_project/ros2_ws/install/agv_bridge:/opt/ros/humble /usr/bin/cmake --build /home/pi/agv_project/ros2_ws/build/agv_bringup -- -j4 -l4
[0.293s] Invoking command in '/home/pi/agv_project/ros2_ws/build/agv_bringup': AMENT_PREFIX_PATH=/home/pi/agv_project/ros2_ws/install/agv_bridge:/home/pi/agv_project/ros2_ws/install/agv_bringup:/home/pi/agv_project/ros2_ws/install/agv_lidar:/home/pi/agv_project/ros2_ws/install/ldlidar_sl_ros2:/home/pi/agv_project/ros2_ws/install/agv_description:/opt/ros/humble:/home/pi/ldlidar_ros2_ws/install/ldlidar_ros2 CMAKE_PREFIX_PATH=/home/pi/agv_project/ros2_ws/install/agv_lidar:/home/pi/agv_project/ros2_ws/install/ldlidar_sl_ros2:/home/pi/agv_project/ros2_ws/install/agv_description:/home/pi/agv_project/ros2_ws/install/agv_bringup:/home/pi/ldlidar_ros2_ws/install/ldlidar_ros2:/home/pi/agv_project/ros2_ws/install/agv_bridge:/opt/ros/humble /usr/bin/cmake --install /home/pi/agv_project/ros2_ws/build/agv_bringup
[0.325s] -- Install configuration: ""
[0.326s] -- Up-to-date: /home/pi/agv_project/ros2_ws/install/agv_bringup/share/agv_bringup/behavior_trees
[0.327s] -- Up-to-date: /home/pi/agv_project/ros2_ws/install/agv_bringup/share/agv_bringup/behavior_trees/navigate_to_pose_fast_replanning.xml
[0.327s] -- Up-to-date: /home/pi/agv_project/ros2_ws/install/agv_bringup/share/agv_bringup/config
[0.328s] -- Installing: /home/pi/agv_project/ros2_ws/install/agv_bringup/share/agv_bringup/config/nav2_params.yaml
[0.329s] -- Up-to-date: /home/pi/agv_project/ros2_ws/install/agv_bringup/share/agv_bringup/launch
[0.329s] -- Up-to-date: /home/pi/agv_project/ros2_ws/install/agv_bringup/share/agv_bringup/launch/bringup.launch.py
[0.342s] -- Up-to-date: /home/pi/agv_project/ros2_ws/install/agv_bringup/share/agv_bringup/launch/navigation.launch.py
[0.344s] -- Up-to-date: /home/pi/agv_project/ros2_ws/install/agv_bringup/share/ament_index/resource_index/package_run_dependencies/agv_bringup
[0.347s] -- Up-to-date: /home/pi/agv_project/ros2_ws/install/agv_bringup/share/ament_index/resource_index/parent_prefix_path/agv_bringup
[0.348s] -- Up-to-date: /home/pi/agv_project/ros2_ws/install/agv_bringup/share/agv_bringup/environment/ament_prefix_path.sh
[0.349s] -- Up-to-date: /home/pi/agv_project/ros2_ws/install/agv_bringup/share/agv_bringup/environment/ament_prefix_path.dsv
[0.350s] -- Up-to-date: /home/pi/agv_project/ros2_ws/install/agv_bringup/share/agv_bringup/environment/path.sh
[0.351s] -- Up-to-date: /home/pi/agv_project/ros2_ws/install/agv_bringup/share/agv_bringup/environment/path.dsv
[0.351s] -- Up-to-date: /home/pi/agv_project/ros2_ws/install/agv_bringup/share/agv_bringup/local_setup.bash
[0.352s] -- Up-to-date: /home/pi/agv_project/ros2_ws/install/agv_bringup/share/agv_bringup/local_setup.sh
[0.353s] -- Up-to-date: /home/pi/agv_project/ros2_ws/install/agv_bringup/share/agv_bringup/local_setup.zsh
[0.354s] -- Up-to-date: /home/pi/agv_project/ros2_ws/install/agv_bringup/share/agv_bringup/local_setup.dsv
[0.355s] -- Installing: /home/pi/agv_project/ros2_ws/install/agv_bringup/share/agv_bringup/package.dsv
[0.356s] -- Up-to-date: /home/pi/agv_project/ros2_ws/install/agv_bringup/share/ament_index/resource_index/packages/agv_bringup
[0.356s] -- Up-to-date: /home/pi/agv_project/ros2_ws/install/agv_bringup/share/agv_bringup/cmake/agv_bringupConfig.cmake
[0.357s] -- Up-to-date: /home/pi/agv_project/ros2_ws/install/agv_bringup/share/agv_bringup/cmake/agv_bringupConfig-version.cmake
[0.358s] -- Up-to-date: /home/pi/agv_project/ros2_ws/install/agv_bringup/share/agv_bringup/package.xml
[0.359s] Invoked command in '/home/pi/agv_project/ros2_ws/build/agv_bringup' returned '0': AMENT_PREFIX_PATH=/home/pi/agv_project/ros2_ws/install/agv_bridge:/home/pi/agv_project/ros2_ws/install/agv_bringup:/home/pi/agv_project/ros2_ws/install/agv_lidar:/home/pi/agv_project/ros2_ws/install/ldlidar_sl_ros2:/home/pi/agv_project/ros2_ws/install/agv_description:/opt/ros/humble:/home/pi/ldlidar_ros2_ws/install/ldlidar_ros2 CMAKE_PREFIX_PATH=/home/pi/agv_project/ros2_ws/install/agv_lidar:/home/pi/agv_project/ros2_ws/install/ldlidar_sl_ros2:/home/pi/agv_project/ros2_ws/install/agv_description:/home/pi/agv_project/ros2_ws/install/agv_bringup:/home/pi/ldlidar_ros2_ws/install/ldlidar_ros2:/home/pi/agv_project/ros2_ws/install/agv_bridge:/opt/ros/humble /usr/bin/cmake --install /home/pi/agv_project/ros2_ws/build/agv_bringup
