[0.077s] Invoking command in '/home/pi/agv_project/ros2_ws/build/agv_description': CMAKE_PREFIX_PATH=${CMAKE_PREFIX_PATH}:/opt/ros/humble /usr/bin/cmake --build /home/pi/agv_project/ros2_ws/build/agv_description -- -j4 -l4
[0.574s] Invoked command in '/home/pi/agv_project/ros2_ws/build/agv_description' returned '0': CMAKE_PREFIX_PATH=${CMAKE_PREFIX_PATH}:/opt/ros/humble /usr/bin/cmake --build /home/pi/agv_project/ros2_ws/build/agv_description -- -j4 -l4
[0.614s] Invoking command in '/home/pi/agv_project/ros2_ws/build/agv_description': CMAKE_PREFIX_PATH=${CMAKE_PREFIX_PATH}:/opt/ros/humble /usr/bin/cmake --install /home/pi/agv_project/ros2_ws/build/agv_description
[0.652s] -- Install configuration: ""
[0.656s] -- Up-to-date: /home/pi/agv_project/ros2_ws/install/agv_description/share/agv_description/launch
[0.657s] -- Up-to-date: /home/pi/agv_project/ros2_ws/install/agv_description/share/agv_description/launch/display.launch.py
[0.657s] -- Up-to-date: /home/pi/agv_project/ros2_ws/install/agv_description/share/agv_description/xacro
[0.658s] -- Installing: /home/pi/agv_project/ros2_ws/install/agv_description/share/agv_description/xacro/agv_robot.xacro
[0.665s] -- Up-to-date: /home/pi/agv_project/ros2_ws/install/agv_description/share/ament_index/resource_index/package_run_dependencies/agv_description
[0.666s] -- Up-to-date: /home/pi/agv_project/ros2_ws/install/agv_description/share/ament_index/resource_index/parent_prefix_path/agv_description
[0.666s] -- Up-to-date: /home/pi/agv_project/ros2_ws/install/agv_description/share/agv_description/environment/ament_prefix_path.sh
[0.667s] -- Up-to-date: /home/pi/agv_project/ros2_ws/install/agv_description/share/agv_description/environment/ament_prefix_path.dsv
[0.669s] -- Up-to-date: /home/pi/agv_project/ros2_ws/install/agv_description/share/agv_description/environment/path.sh
[0.669s] -- Up-to-date: /home/pi/agv_project/ros2_ws/install/agv_description/share/agv_description/environment/path.dsv
[0.670s] -- Up-to-date: /home/pi/agv_project/ros2_ws/install/agv_description/share/agv_description/local_setup.bash
[0.670s] -- Up-to-date: /home/pi/agv_project/ros2_ws/install/agv_description/share/agv_description/local_setup.sh
[0.671s] -- Up-to-date: /home/pi/agv_project/ros2_ws/install/agv_description/share/agv_description/local_setup.zsh
[0.671s] -- Up-to-date: /home/pi/agv_project/ros2_ws/install/agv_description/share/agv_description/local_setup.dsv
[0.672s] -- Installing: /home/pi/agv_project/ros2_ws/install/agv_description/share/agv_description/package.dsv
[0.672s] -- Up-to-date: /home/pi/agv_project/ros2_ws/install/agv_description/share/ament_index/resource_index/packages/agv_description
[0.673s] -- Up-to-date: /home/pi/agv_project/ros2_ws/install/agv_description/share/agv_description/cmake/agv_descriptionConfig.cmake
[0.673s] -- Up-to-date: /home/pi/agv_project/ros2_ws/install/agv_description/share/agv_description/cmake/agv_descriptionConfig-version.cmake
[0.674s] -- Up-to-date: /home/pi/agv_project/ros2_ws/install/agv_description/share/agv_description/package.xml
[0.680s] Invoked command in '/home/pi/agv_project/ros2_ws/build/agv_description' returned '0': CMAKE_PREFIX_PATH=${CMAKE_PREFIX_PATH}:/opt/ros/humble /usr/bin/cmake --install /home/pi/agv_project/ros2_ws/build/agv_description
