[0.137s] Invoking command in '/home/pi/agv_project/ros2_ws/build/ldlidar_sl': /usr/bin/cmake /home/pi/agv_project/ros2_ws/ldlidar_ws/ldlidar_sl_sdk -DCMAKE_INSTALL_PREFIX=/home/pi/agv_project/ros2_ws/install/ldlidar_sl
[0.213s] [0mCMake Deprecation Warning at CMakeLists.txt:1 (cmake_minimum_required):
[0.214s]   Compatibility with CMake < 2.8.12 will be removed from a future version of
[0.215s]   CMake.
[0.215s] 
[0.216s]   Update the VERSION argument <min> value or use a ...<max> suffix to tell
[0.216s]   CMake that the project does not need compatibility with older versions.
[0.217s] 
[0.218s] [0m
[0.578s] -- The C compiler identification is GNU 11.4.0
[0.910s] -- The CXX compiler identification is GNU 11.4.0
[0.950s] -- Detecting C compiler ABI info
[1.347s] -- Detecting C compiler ABI info - done
[1.381s] -- Check for working C compiler: /usr/bin/cc - skipped
[1.382s] -- Detecting C compile features
[1.384s] -- Detecting C compile features - done
[1.400s] -- Detecting CXX compiler ABI info
[1.834s] -- Detecting CXX compiler ABI info - done
[1.870s] -- Check for working CXX compiler: /usr/bin/c++ - skipped
[1.871s] -- Detecting CXX compile features
[1.873s] -- Detecting CXX compile features - done
[1.878s] -- Mode: Debug
[1.878s] -- optional:-std=c++11 -Wall -Wextra -Wpedantic -g2 -ggdb
[1.880s] -- Configuring done
[1.918s] -- Generating done
[1.930s] -- Build files have been written to: /home/pi/agv_project/ros2_ws/build/ldlidar_sl
[1.948s] Invoked command in '/home/pi/agv_project/ros2_ws/build/ldlidar_sl' returned '0': /usr/bin/cmake /home/pi/agv_project/ros2_ws/ldlidar_ws/ldlidar_sl_sdk -DCMAKE_INSTALL_PREFIX=/home/pi/agv_project/ros2_ws/install/ldlidar_sl
[1.959s] Invoking command in '/home/pi/agv_project/ros2_ws/build/ldlidar_sl': /usr/bin/cmake --build /home/pi/agv_project/ros2_ws/build/ldlidar_sl -- -j4 -l4
[2.207s] [  6%] [32mBuilding CXX object CMakeFiles/ldlidar_driver_static.dir/ldlidar_driver/src/ldlidar_driver.cpp.o[0m
[2.266s] [ 25%] [32mBuilding CXX object CMakeFiles/ldlidar_driver_static.dir/ldlidar_driver/src/log_module.cpp.o[0m
[2.274s] [ 12%] [32mBuilding CXX object CMakeFiles/ldlidar_driver_static.dir/ldlidar_driver/src/lipkg.cpp.o[0m
[2.277s] [ 25%] [32mBuilding CXX object CMakeFiles/ldlidar_driver_shared.dir/ldlidar_driver/src/ldlidar_driver.cpp.o[0m
[4.146s] [ 31%] [32mBuilding CXX object CMakeFiles/ldlidar_driver_static.dir/ldlidar_driver/src/serial_interface_linux.cpp.o[0m
[7.377s] [ 37%] [32mBuilding CXX object CMakeFiles/ldlidar_driver_static.dir/ldlidar_driver/src/sl_transform.cpp.o[0m
[8.724s] [ 43%] [32mBuilding CXX object CMakeFiles/ldlidar_driver_shared.dir/ldlidar_driver/src/lipkg.cpp.o[0m
[8.995s] [ 50%] [32mBuilding CXX object CMakeFiles/ldlidar_driver_static.dir/ldlidar_driver/src/slbf.cpp.o[0m
[9.113s] [ 56%] [32mBuilding CXX object CMakeFiles/ldlidar_driver_shared.dir/ldlidar_driver/src/log_module.cpp.o[0m
[10.880s] [ 62%] [32mBuilding CXX object CMakeFiles/ldlidar_driver_shared.dir/ldlidar_driver/src/serial_interface_linux.cpp.o[0m
[11.613s] [ 68%] [32mBuilding CXX object CMakeFiles/ldlidar_driver_shared.dir/ldlidar_driver/src/sl_transform.cpp.o[0m
[13.814s] [ 75%] [32mBuilding CXX object CMakeFiles/ldlidar_driver_shared.dir/ldlidar_driver/src/slbf.cpp.o[0m
[17.129s] [ 81%] [32m[1mLinking CXX static library libldlidar_driver.a[0m
[17.585s] [ 81%] Built target ldlidar_driver_static
[17.795s] [ 87%] [32mBuilding CXX object CMakeFiles/ldlidar_sl_node.dir/src/linux_demo/demo.cpp.o[0m
[22.162s] [ 93%] [32m[1mLinking CXX shared library libldlidar_driver.so[0m
[23.147s] [100%] [32m[1mLinking CXX executable ldlidar_sl_node[0m
[23.221s] [100%] Built target ldlidar_driver_shared
[24.125s] [100%] Built target ldlidar_sl_node
[24.330s] Invoked command in '/home/pi/agv_project/ros2_ws/build/ldlidar_sl' returned '0': /usr/bin/cmake --build /home/pi/agv_project/ros2_ws/build/ldlidar_sl -- -j4 -l4
[24.351s] Invoking command in '/home/pi/agv_project/ros2_ws/build/ldlidar_sl': /usr/bin/cmake --install /home/pi/agv_project/ros2_ws/build/ldlidar_sl
[24.390s] -- Install configuration: ""
[24.391s] -- Installing: /home/pi/agv_project/ros2_ws/install/ldlidar_sl/lib/ldlidar_driver/libldlidar_driver.a
[24.402s] -- Installing: /home/pi/agv_project/ros2_ws/install/ldlidar_sl/share/ldlidar_driver/libldlidar_driver.so
[24.407s] -- Installing: /home/pi/agv_project/ros2_ws/install/ldlidar_sl/include/ldlidar_driver/include
[24.409s] -- Installing: /home/pi/agv_project/ros2_ws/install/ldlidar_sl/include/ldlidar_driver/include/slbf.h
[24.410s] -- Installing: /home/pi/agv_project/ros2_ws/install/ldlidar_sl/include/ldlidar_driver/include/serial_interface_linux.h
[24.412s] -- Installing: /home/pi/agv_project/ros2_ws/install/ldlidar_sl/include/ldlidar_driver/include/sl_transform.h
[24.413s] -- Installing: /home/pi/agv_project/ros2_ws/install/ldlidar_sl/include/ldlidar_driver/include/ldlidar_driver.h
[24.415s] -- Installing: /home/pi/agv_project/ros2_ws/install/ldlidar_sl/include/ldlidar_driver/include/lipkg.h
[24.416s] -- Installing: /home/pi/agv_project/ros2_ws/install/ldlidar_sl/include/ldlidar_driver/include/ldlidar_datatype.h
[24.418s] -- Installing: /home/pi/agv_project/ros2_ws/install/ldlidar_sl/include/ldlidar_driver/include/log_module.h
[24.437s] Invoked command in '/home/pi/agv_project/ros2_ws/build/ldlidar_sl' returned '0': /usr/bin/cmake --install /home/pi/agv_project/ros2_ws/build/ldlidar_sl
