running egg_info
creating ../../build/agv_bridge/agv_bridge.egg-info
writing ../../build/agv_bridge/agv_bridge.egg-info/PKG-INFO
writing dependency_links to ../../build/agv_bridge/agv_bridge.egg-info/dependency_links.txt
writing entry points to ../../build/agv_bridge/agv_bridge.egg-info/entry_points.txt
writing requirements to ../../build/agv_bridge/agv_bridge.egg-info/requires.txt
writing top-level names to ../../build/agv_bridge/agv_bridge.egg-info/top_level.txt
writing manifest file '../../build/agv_bridge/agv_bridge.egg-info/SOURCES.txt'
reading manifest file '../../build/agv_bridge/agv_bridge.egg-info/SOURCES.txt'
writing manifest file '../../build/agv_bridge/agv_bridge.egg-info/SOURCES.txt'
running build
running build_py
creating /home/pi/agv_project/ros2_ws/build/agv_bridge/build
creating /home/pi/agv_project/ros2_ws/build/agv_bridge/build/lib
creating /home/pi/agv_project/ros2_ws/build/agv_bridge/build/lib/agv_bridge
copying agv_bridge/__init__.py -> /home/pi/agv_project/ros2_ws/build/agv_bridge/build/lib/agv_bridge
copying agv_bridge/esp32_bridge_odom.py -> /home/pi/agv_project/ros2_ws/build/agv_bridge/build/lib/agv_bridge
running install
running install_lib
creating /home/pi/agv_project/ros2_ws/install/agv_bridge/lib/python3.10/site-packages/agv_bridge
copying /home/pi/agv_project/ros2_ws/build/agv_bridge/build/lib/agv_bridge/__init__.py -> /home/pi/agv_project/ros2_ws/install/agv_bridge/lib/python3.10/site-packages/agv_bridge
copying /home/pi/agv_project/ros2_ws/build/agv_bridge/build/lib/agv_bridge/esp32_bridge_odom.py -> /home/pi/agv_project/ros2_ws/install/agv_bridge/lib/python3.10/site-packages/agv_bridge
byte-compiling /home/pi/agv_project/ros2_ws/install/agv_bridge/lib/python3.10/site-packages/agv_bridge/__init__.py to __init__.cpython-310.pyc
byte-compiling /home/pi/agv_project/ros2_ws/install/agv_bridge/lib/python3.10/site-packages/agv_bridge/esp32_bridge_odom.py to esp32_bridge_odom.cpython-310.pyc
running install_data
creating /home/pi/agv_project/ros2_ws/install/agv_bridge/share/ament_index
creating /home/pi/agv_project/ros2_ws/install/agv_bridge/share/ament_index/resource_index
creating /home/pi/agv_project/ros2_ws/install/agv_bridge/share/ament_index/resource_index/packages
copying resource/agv_bridge -> /home/pi/agv_project/ros2_ws/install/agv_bridge/share/ament_index/resource_index/packages
copying package.xml -> /home/pi/agv_project/ros2_ws/install/agv_bridge/share/agv_bridge
running install_egg_info
Copying ../../build/agv_bridge/agv_bridge.egg-info to /home/pi/agv_project/ros2_ws/install/agv_bridge/lib/python3.10/site-packages/agv_bridge-0.0.0-py3.10.egg-info
running install_scripts
writing list of installed files to '/home/pi/agv_project/ros2_ws/build/agv_bridge/install.log'
