[0.076s] Invoking command in '/home/pi/agv_project/ros2_ws/build/agv_description': CMAKE_PREFIX_PATH=${CMAKE_PREFIX_PATH}:/opt/ros/humble /usr/bin/cmake --build /home/pi/agv_project/ros2_ws/build/agv_description -- -j4 -l4
[0.172s] -- Found ament_cmake: 1.3.14 (/opt/ros/humble/share/ament_cmake/cmake)
[0.846s] -- Found ament_lint_auto: 0.12.15 (/opt/ros/humble/share/ament_lint_auto/cmake)
[1.183s] -- Added test 'flake8' to check Python code syntax and style conventions
[1.186s] -- Added test 'lint_cmake' to check CMake code style
[1.189s] -- Added test 'pep257' to check Python code against some of the docstring style conventions in PEP 257
[1.200s] -- Added test 'xmllint' to check XML markup files
[1.205s] -- Configuring done
[1.230s] -- Generating done
[1.243s] -- Build files have been written to: /home/pi/agv_project/ros2_ws/build/agv_description
[1.329s] Invoked command in '/home/pi/agv_project/ros2_ws/build/agv_description' returned '0': CMAKE_PREFIX_PATH=${CMAKE_PREFIX_PATH}:/opt/ros/humble /usr/bin/cmake --build /home/pi/agv_project/ros2_ws/build/agv_description -- -j4 -l4
[1.334s] Invoking command in '/home/pi/agv_project/ros2_ws/build/agv_description': CMAKE_PREFIX_PATH=${CMAKE_PREFIX_PATH}:/opt/ros/humble /usr/bin/cmake --install /home/pi/agv_project/ros2_ws/build/agv_description
[1.370s] -- Install configuration: ""
[1.372s] -- Up-to-date: /home/pi/agv_project/ros2_ws/install/agv_description/share/agv_description/launch
[1.373s] -- Up-to-date: /home/pi/agv_project/ros2_ws/install/agv_description/share/agv_description/launch/display.launch.py
[1.374s] -- Up-to-date: /home/pi/agv_project/ros2_ws/install/agv_description/share/agv_description/xacro
[1.374s] -- Up-to-date: /home/pi/agv_project/ros2_ws/install/agv_description/share/agv_description/xacro/agv_robot.xacro
[1.376s] -- Up-to-date: /home/pi/agv_project/ros2_ws/install/agv_description/share/ament_index/resource_index/package_run_dependencies/agv_description
[1.376s] -- Up-to-date: /home/pi/agv_project/ros2_ws/install/agv_description/share/ament_index/resource_index/parent_prefix_path/agv_description
[1.377s] -- Up-to-date: /home/pi/agv_project/ros2_ws/install/agv_description/share/agv_description/environment/ament_prefix_path.sh
[1.377s] -- Installing: /home/pi/agv_project/ros2_ws/install/agv_description/share/agv_description/environment/ament_prefix_path.dsv
[1.378s] -- Up-to-date: /home/pi/agv_project/ros2_ws/install/agv_description/share/agv_description/environment/path.sh
[1.378s] -- Installing: /home/pi/agv_project/ros2_ws/install/agv_description/share/agv_description/environment/path.dsv
[1.380s] -- Up-to-date: /home/pi/agv_project/ros2_ws/install/agv_description/share/agv_description/local_setup.bash
[1.380s] -- Up-to-date: /home/pi/agv_project/ros2_ws/install/agv_description/share/agv_description/local_setup.sh
[1.381s] -- Up-to-date: /home/pi/agv_project/ros2_ws/install/agv_description/share/agv_description/local_setup.zsh
[1.381s] -- Installing: /home/pi/agv_project/ros2_ws/install/agv_description/share/agv_description/local_setup.dsv
[1.384s] -- Installing: /home/pi/agv_project/ros2_ws/install/agv_description/share/agv_description/package.dsv
[1.384s] -- Up-to-date: /home/pi/agv_project/ros2_ws/install/agv_description/share/ament_index/resource_index/packages/agv_description
[1.385s] -- Up-to-date: /home/pi/agv_project/ros2_ws/install/agv_description/share/agv_description/cmake/agv_descriptionConfig.cmake
[1.385s] -- Up-to-date: /home/pi/agv_project/ros2_ws/install/agv_description/share/agv_description/cmake/agv_descriptionConfig-version.cmake
[1.386s] -- Up-to-date: /home/pi/agv_project/ros2_ws/install/agv_description/share/agv_description/package.xml
[1.392s] Invoked command in '/home/pi/agv_project/ros2_ws/build/agv_description' returned '0': CMAKE_PREFIX_PATH=${CMAKE_PREFIX_PATH}:/opt/ros/humble /usr/bin/cmake --install /home/pi/agv_project/ros2_ws/build/agv_description
