running egg_info
writing ../../build/agv_bridge/agv_bridge.egg-info/PKG-INFO
writing dependency_links to ../../build/agv_bridge/agv_bridge.egg-info/dependency_links.txt
writing entry points to ../../build/agv_bridge/agv_bridge.egg-info/entry_points.txt
writing requirements to ../../build/agv_bridge/agv_bridge.egg-info/requires.txt
writing top-level names to ../../build/agv_bridge/agv_bridge.egg-info/top_level.txt
reading manifest file '../../build/agv_bridge/agv_bridge.egg-info/SOURCES.txt'
writing manifest file '../../build/agv_bridge/agv_bridge.egg-info/SOURCES.txt'
running build
running build_py
copying agv_bridge/esp32_bridge_odom.py -> /home/pi/agv_project/ros2_ws/build/agv_bridge/build/lib/agv_bridge
running install
running install_lib
copying /home/pi/agv_project/ros2_ws/build/agv_bridge/build/lib/agv_bridge/esp32_bridge_odom.py -> /home/pi/agv_project/ros2_ws/install/agv_bridge/lib/python3.10/site-packages/agv_bridge
byte-compiling /home/pi/agv_project/ros2_ws/install/agv_bridge/lib/python3.10/site-packages/agv_bridge/esp32_bridge_odom.py to esp32_bridge_odom.cpython-310.pyc
running install_data
running install_egg_info
removing '/home/pi/agv_project/ros2_ws/install/agv_bridge/lib/python3.10/site-packages/agv_bridge-0.0.0-py3.10.egg-info' (and everything under it)
Copying ../../build/agv_bridge/agv_bridge.egg-info to /home/pi/agv_project/ros2_ws/install/agv_bridge/lib/python3.10/site-packages/agv_bridge-0.0.0-py3.10.egg-info
running install_scripts
writing list of installed files to '/home/pi/agv_project/ros2_ws/build/agv_bridge/install.log'
