[0.074s] Invoking command in '/home/pi/agv_project/ros2_ws/build/agv_bringup': AMENT_PREFIX_PATH=/home/pi/agv_project/ros2_ws/install/agv_lidar:/home/pi/agv_project/ros2_ws/install/ldlidar_sl_ros2:/home/pi/agv_project/ros2_ws/install/agv_description:/home/pi/agv_project/ros2_ws/install/agv_bridge:${AMENT_PREFIX_PATH} CMAKE_PREFIX_PATH=/home/pi/agv_project/ros2_ws/install/agv_lidar:/home/pi/agv_project/ros2_ws/install/ldlidar_sl_ros2:/home/pi/agv_project/ros2_ws/install/agv_description:/home/pi/ldlidar_ros2_ws/install/ldlidar_ros2:/opt/ros/humble PYTHONPATH=/home/pi/agv_project/ros2_ws/install/agv_bridge/lib/python3.10/site-packages:${PYTHONPATH} /usr/bin/cmake --build /home/pi/agv_project/ros2_ws/build/agv_bringup -- -j4 -l4
[0.236s] Invoked command in '/home/pi/agv_project/ros2_ws/build/agv_bringup' returned '0': AMENT_PREFIX_PATH=/home/pi/agv_project/ros2_ws/install/agv_lidar:/home/pi/agv_project/ros2_ws/install/ldlidar_sl_ros2:/home/pi/agv_project/ros2_ws/install/agv_description:/home/pi/agv_project/ros2_ws/install/agv_bridge:${AMENT_PREFIX_PATH} CMAKE_PREFIX_PATH=/home/pi/agv_project/ros2_ws/install/agv_lidar:/home/pi/agv_project/ros2_ws/install/ldlidar_sl_ros2:/home/pi/agv_project/ros2_ws/install/agv_description:/home/pi/ldlidar_ros2_ws/install/ldlidar_ros2:/opt/ros/humble PYTHONPATH=/home/pi/agv_project/ros2_ws/install/agv_bridge/lib/python3.10/site-packages:${PYTHONPATH} /usr/bin/cmake --build /home/pi/agv_project/ros2_ws/build/agv_bringup -- -j4 -l4
[0.280s] Invoking command in '/home/pi/agv_project/ros2_ws/build/agv_bringup': AMENT_PREFIX_PATH=/home/pi/agv_project/ros2_ws/install/agv_lidar:/home/pi/agv_project/ros2_ws/install/ldlidar_sl_ros2:/home/pi/agv_project/ros2_ws/install/agv_description:/home/pi/agv_project/ros2_ws/install/agv_bridge:${AMENT_PREFIX_PATH} CMAKE_PREFIX_PATH=/home/pi/agv_project/ros2_ws/install/agv_lidar:/home/pi/agv_project/ros2_ws/install/ldlidar_sl_ros2:/home/pi/agv_project/ros2_ws/install/agv_description:/home/pi/ldlidar_ros2_ws/install/ldlidar_ros2:/opt/ros/humble PYTHONPATH=/home/pi/agv_project/ros2_ws/install/agv_bridge/lib/python3.10/site-packages:${PYTHONPATH} /usr/bin/cmake --install /home/pi/agv_project/ros2_ws/build/agv_bringup
[0.312s] -- Install configuration: ""
[0.313s] -- Up-to-date: /home/pi/agv_project/ros2_ws/install/agv_bringup/share/agv_bringup/behavior_trees
[0.313s] -- Up-to-date: /home/pi/agv_project/ros2_ws/install/agv_bringup/share/agv_bringup/behavior_trees/navigate_to_pose_fast_replanning.xml
[0.315s] -- Up-to-date: /home/pi/agv_project/ros2_ws/install/agv_bringup/share/agv_bringup/config
[0.318s] -- Installing: /home/pi/agv_project/ros2_ws/install/agv_bringup/share/agv_bringup/config/nav2_params.yaml
[0.320s] -- Up-to-date: /home/pi/agv_project/ros2_ws/install/agv_bringup/share/agv_bringup/launch
[0.320s] -- Up-to-date: /home/pi/agv_project/ros2_ws/install/agv_bringup/share/agv_bringup/launch/bringup.launch.py
[0.321s] -- Up-to-date: /home/pi/agv_project/ros2_ws/install/agv_bringup/share/agv_bringup/launch/navigation.launch.py
[0.322s] -- Up-to-date: /home/pi/agv_project/ros2_ws/install/agv_bringup/share/ament_index/resource_index/package_run_dependencies/agv_bringup
[0.323s] -- Up-to-date: /home/pi/agv_project/ros2_ws/install/agv_bringup/share/ament_index/resource_index/parent_prefix_path/agv_bringup
[0.324s] -- Up-to-date: /home/pi/agv_project/ros2_ws/install/agv_bringup/share/agv_bringup/environment/ament_prefix_path.sh
[0.325s] -- Up-to-date: /home/pi/agv_project/ros2_ws/install/agv_bringup/share/agv_bringup/environment/ament_prefix_path.dsv
[0.326s] -- Up-to-date: /home/pi/agv_project/ros2_ws/install/agv_bringup/share/agv_bringup/environment/path.sh
[0.326s] -- Up-to-date: /home/pi/agv_project/ros2_ws/install/agv_bringup/share/agv_bringup/environment/path.dsv
[0.328s] -- Up-to-date: /home/pi/agv_project/ros2_ws/install/agv_bringup/share/agv_bringup/local_setup.bash
[0.330s] -- Up-to-date: /home/pi/agv_project/ros2_ws/install/agv_bringup/share/agv_bringup/local_setup.sh
[0.331s] -- Up-to-date: /home/pi/agv_project/ros2_ws/install/agv_bringup/share/agv_bringup/local_setup.zsh
[0.332s] -- Up-to-date: /home/pi/agv_project/ros2_ws/install/agv_bringup/share/agv_bringup/local_setup.dsv
[0.333s] -- Installing: /home/pi/agv_project/ros2_ws/install/agv_bringup/share/agv_bringup/package.dsv
[0.334s] -- Up-to-date: /home/pi/agv_project/ros2_ws/install/agv_bringup/share/ament_index/resource_index/packages/agv_bringup
[0.335s] -- Up-to-date: /home/pi/agv_project/ros2_ws/install/agv_bringup/share/agv_bringup/cmake/agv_bringupConfig.cmake
[0.336s] -- Up-to-date: /home/pi/agv_project/ros2_ws/install/agv_bringup/share/agv_bringup/cmake/agv_bringupConfig-version.cmake
[0.337s] -- Up-to-date: /home/pi/agv_project/ros2_ws/install/agv_bringup/share/agv_bringup/package.xml
[0.338s] Invoked command in '/home/pi/agv_project/ros2_ws/build/agv_bringup' returned '0': AMENT_PREFIX_PATH=/home/pi/agv_project/ros2_ws/install/agv_lidar:/home/pi/agv_project/ros2_ws/install/ldlidar_sl_ros2:/home/pi/agv_project/ros2_ws/install/agv_description:/home/pi/agv_project/ros2_ws/install/agv_bridge:${AMENT_PREFIX_PATH} CMAKE_PREFIX_PATH=/home/pi/agv_project/ros2_ws/install/agv_lidar:/home/pi/agv_project/ros2_ws/install/ldlidar_sl_ros2:/home/pi/agv_project/ros2_ws/install/agv_description:/home/pi/ldlidar_ros2_ws/install/ldlidar_ros2:/opt/ros/humble PYTHONPATH=/home/pi/agv_project/ros2_ws/install/agv_bridge/lib/python3.10/site-packages:${PYTHONPATH} /usr/bin/cmake --install /home/pi/agv_project/ros2_ws/build/agv_bringup
