[0.865s] DEBUG:colcon:Command line arguments: ['/usr/bin/colcon', 'build', '--packages-select', 'agv_bringup']
[0.866s] DEBUG:colcon:Parsed command line arguments: Namespace(log_base=None, log_level=None, verb_name='build', build_base='build', install_base='install', merge_install=False, symlink_install=False, test_result_base=None, continue_on_error=False, executor='parallel', parallel_workers=4, event_handlers=None, ignore_user_meta=False, metas=['./colcon.meta'], base_paths=['.'], packages_ignore=None, packages_ignore_regex=None, paths=None, packages_up_to=None, packages_up_to_regex=None, packages_above=None, packages_above_and_dependencies=None, packages_above_depth=None, packages_select_by_dep=None, packages_skip_by_dep=None, packages_skip_up_to=None, packages_select_build_failed=False, packages_skip_build_finished=False, packages_select_test_failures=False, packages_skip_test_passed=False, packages_select=['agv_bringup'], packages_skip=None, packages_select_regex=None, packages_skip_regex=None, packages_start=None, packages_end=None, allow_overriding=[], cmake_args=None, cmake_target=None, cmake_target_skip_unavailable=False, cmake_clean_cache=False, cmake_clean_first=False, cmake_force_configure=False, ament_cmake_args=None, catkin_cmake_args=None, catkin_skip_building_tests=False, verb_parser=<colcon_defaults.argument_parser.defaults.DefaultArgumentsDecorator object at 0xffff9cc0a650>, verb_extension=<colcon_core.verb.build.BuildVerb object at 0xffff9cd1bb20>, main=<bound method BuildVerb.main of <colcon_core.verb.build.BuildVerb object at 0xffff9cd1bb20>>)
[2.787s] Level 1:colcon.colcon_core.package_discovery:discover_packages(colcon_meta) check parameters
[2.788s] Level 1:colcon.colcon_core.package_discovery:discover_packages(recursive) check parameters
[2.789s] Level 1:colcon.colcon_core.package_discovery:discover_packages(ignore) check parameters
[2.789s] Level 1:colcon.colcon_core.package_discovery:discover_packages(path) check parameters
[2.789s] Level 1:colcon.colcon_core.package_discovery:discover_packages(colcon_meta) discover
[2.790s] Level 1:colcon.colcon_core.package_discovery:discover_packages(recursive) discover
[2.792s] INFO:colcon.colcon_core.package_discovery:Crawling recursively for packages in '/home/pi/agv_project/ros2_ws'
[2.792s] Level 1:colcon.colcon_core.package_identification:_identify(.) by extensions ['ignore', 'ignore_ament_install']
[2.794s] Level 1:colcon.colcon_core.package_identification:_identify(.) by extension 'ignore'
[2.795s] Level 1:colcon.colcon_core.package_identification:_identify(.) by extension 'ignore_ament_install'
[2.795s] Level 1:colcon.colcon_core.package_identification:_identify(.) by extensions ['colcon_pkg']
[2.796s] Level 1:colcon.colcon_core.package_identification:_identify(.) by extension 'colcon_pkg'
[2.796s] Level 1:colcon.colcon_core.package_identification:_identify(.) by extensions ['colcon_meta']
[2.797s] Level 1:colcon.colcon_core.package_identification:_identify(.) by extension 'colcon_meta'
[2.797s] Level 1:colcon.colcon_core.package_identification:_identify(.) by extensions ['ros']
[2.798s] Level 1:colcon.colcon_core.package_identification:_identify(.) by extension 'ros'
[2.880s] Level 1:colcon.colcon_core.package_identification:_identify(.) by extensions ['cmake', 'python']
[2.880s] Level 1:colcon.colcon_core.package_identification:_identify(.) by extension 'cmake'
[2.881s] Level 1:colcon.colcon_core.package_identification:_identify(.) by extension 'python'
[2.881s] Level 1:colcon.colcon_core.package_identification:_identify(.) by extensions ['python_setup_py']
[2.882s] Level 1:colcon.colcon_core.package_identification:_identify(.) by extension 'python_setup_py'
[2.883s] Level 1:colcon.colcon_core.package_identification:_identify(build) by extensions ['ignore', 'ignore_ament_install']
[2.884s] Level 1:colcon.colcon_core.package_identification:_identify(build) by extension 'ignore'
[2.884s] Level 1:colcon.colcon_core.package_identification:_identify(build) ignored
[2.886s] Level 1:colcon.colcon_core.package_identification:_identify(install) by extensions ['ignore', 'ignore_ament_install']
[2.887s] Level 1:colcon.colcon_core.package_identification:_identify(install) by extension 'ignore'
[2.887s] Level 1:colcon.colcon_core.package_identification:_identify(install) ignored
[2.888s] Level 1:colcon.colcon_core.package_identification:_identify(ldlidar_ws) by extensions ['ignore', 'ignore_ament_install']
[2.889s] Level 1:colcon.colcon_core.package_identification:_identify(ldlidar_ws) by extension 'ignore'
[2.890s] Level 1:colcon.colcon_core.package_identification:_identify(ldlidar_ws) by extension 'ignore_ament_install'
[2.890s] Level 1:colcon.colcon_core.package_identification:_identify(ldlidar_ws) by extensions ['colcon_pkg']
[2.891s] Level 1:colcon.colcon_core.package_identification:_identify(ldlidar_ws) by extension 'colcon_pkg'
[2.892s] Level 1:colcon.colcon_core.package_identification:_identify(ldlidar_ws) by extensions ['colcon_meta']
[2.892s] Level 1:colcon.colcon_core.package_identification:_identify(ldlidar_ws) by extension 'colcon_meta'
[2.893s] Level 1:colcon.colcon_core.package_identification:_identify(ldlidar_ws) by extensions ['ros']
[2.893s] Level 1:colcon.colcon_core.package_identification:_identify(ldlidar_ws) by extension 'ros'
[2.894s] Level 1:colcon.colcon_core.package_identification:_identify(ldlidar_ws) by extensions ['cmake', 'python']
[2.894s] Level 1:colcon.colcon_core.package_identification:_identify(ldlidar_ws) by extension 'cmake'
[2.895s] Level 1:colcon.colcon_core.package_identification:_identify(ldlidar_ws) by extension 'python'
[2.896s] Level 1:colcon.colcon_core.package_identification:_identify(ldlidar_ws) by extensions ['python_setup_py']
[2.896s] Level 1:colcon.colcon_core.package_identification:_identify(ldlidar_ws) by extension 'python_setup_py'
[2.898s] Level 1:colcon.colcon_core.package_identification:_identify(ldlidar_ws/ldlidar_sl_sdk) by extensions ['ignore', 'ignore_ament_install']
[2.899s] Level 1:colcon.colcon_core.package_identification:_identify(ldlidar_ws/ldlidar_sl_sdk) by extension 'ignore'
[2.900s] Level 1:colcon.colcon_core.package_identification:_identify(ldlidar_ws/ldlidar_sl_sdk) by extension 'ignore_ament_install'
[2.901s] Level 1:colcon.colcon_core.package_identification:_identify(ldlidar_ws/ldlidar_sl_sdk) by extensions ['colcon_pkg']
[2.901s] Level 1:colcon.colcon_core.package_identification:_identify(ldlidar_ws/ldlidar_sl_sdk) by extension 'colcon_pkg'
[2.902s] Level 1:colcon.colcon_core.package_identification:_identify(ldlidar_ws/ldlidar_sl_sdk) by extensions ['colcon_meta']
[2.902s] Level 1:colcon.colcon_core.package_identification:_identify(ldlidar_ws/ldlidar_sl_sdk) by extension 'colcon_meta'
[2.903s] Level 1:colcon.colcon_core.package_identification:_identify(ldlidar_ws/ldlidar_sl_sdk) by extensions ['ros']
[2.904s] Level 1:colcon.colcon_core.package_identification:_identify(ldlidar_ws/ldlidar_sl_sdk) by extension 'ros'
[2.905s] Level 1:colcon.colcon_core.package_identification:_identify(ldlidar_ws/ldlidar_sl_sdk) by extensions ['cmake', 'python']
[2.905s] Level 1:colcon.colcon_core.package_identification:_identify(ldlidar_ws/ldlidar_sl_sdk) by extension 'cmake'
[2.927s] Level 1:colcon.colcon_core.package_identification:_identify(ldlidar_ws/ldlidar_sl_sdk) by extension 'python'
[2.928s] DEBUG:colcon.colcon_core.package_identification:Package 'ldlidar_ws/ldlidar_sl_sdk' with type 'cmake' and name 'ldlidar_sl'
[2.929s] Level 1:colcon.colcon_core.package_identification:_identify(log) by extensions ['ignore', 'ignore_ament_install']
[2.930s] Level 1:colcon.colcon_core.package_identification:_identify(log) by extension 'ignore'
[2.931s] Level 1:colcon.colcon_core.package_identification:_identify(log) ignored
[2.932s] Level 1:colcon.colcon_core.package_identification:_identify(src) by extensions ['ignore', 'ignore_ament_install']
[2.932s] Level 1:colcon.colcon_core.package_identification:_identify(src) by extension 'ignore'
[2.933s] Level 1:colcon.colcon_core.package_identification:_identify(src) by extension 'ignore_ament_install'
[2.934s] Level 1:colcon.colcon_core.package_identification:_identify(src) by extensions ['colcon_pkg']
[2.935s] Level 1:colcon.colcon_core.package_identification:_identify(src) by extension 'colcon_pkg'
[2.935s] Level 1:colcon.colcon_core.package_identification:_identify(src) by extensions ['colcon_meta']
[2.936s] Level 1:colcon.colcon_core.package_identification:_identify(src) by extension 'colcon_meta'
[2.936s] Level 1:colcon.colcon_core.package_identification:_identify(src) by extensions ['ros']
[2.937s] Level 1:colcon.colcon_core.package_identification:_identify(src) by extension 'ros'
[2.938s] Level 1:colcon.colcon_core.package_identification:_identify(src) by extensions ['cmake', 'python']
[2.938s] Level 1:colcon.colcon_core.package_identification:_identify(src) by extension 'cmake'
[2.939s] Level 1:colcon.colcon_core.package_identification:_identify(src) by extension 'python'
[2.939s] Level 1:colcon.colcon_core.package_identification:_identify(src) by extensions ['python_setup_py']
[2.940s] Level 1:colcon.colcon_core.package_identification:_identify(src) by extension 'python_setup_py'
[2.941s] Level 1:colcon.colcon_core.package_identification:_identify(src/agv_bridge) by extensions ['ignore', 'ignore_ament_install']
[2.942s] Level 1:colcon.colcon_core.package_identification:_identify(src/agv_bridge) by extension 'ignore'
[2.943s] Level 1:colcon.colcon_core.package_identification:_identify(src/agv_bridge) by extension 'ignore_ament_install'
[2.944s] Level 1:colcon.colcon_core.package_identification:_identify(src/agv_bridge) by extensions ['colcon_pkg']
[2.945s] Level 1:colcon.colcon_core.package_identification:_identify(src/agv_bridge) by extension 'colcon_pkg'
[2.945s] Level 1:colcon.colcon_core.package_identification:_identify(src/agv_bridge) by extensions ['colcon_meta']
[2.946s] Level 1:colcon.colcon_core.package_identification:_identify(src/agv_bridge) by extension 'colcon_meta'
[2.947s] Level 1:colcon.colcon_core.package_identification:_identify(src/agv_bridge) by extensions ['ros']
[2.947s] Level 1:colcon.colcon_core.package_identification:_identify(src/agv_bridge) by extension 'ros'
[2.964s] DEBUG:colcon.colcon_core.package_identification:Package 'src/agv_bridge' with type 'ros.ament_python' and name 'agv_bridge'
[2.965s] Level 1:colcon.colcon_core.package_identification:_identify(src/agv_bringup) by extensions ['ignore', 'ignore_ament_install']
[2.966s] Level 1:colcon.colcon_core.package_identification:_identify(src/agv_bringup) by extension 'ignore'
[2.967s] Level 1:colcon.colcon_core.package_identification:_identify(src/agv_bringup) by extension 'ignore_ament_install'
[2.968s] Level 1:colcon.colcon_core.package_identification:_identify(src/agv_bringup) by extensions ['colcon_pkg']
[2.968s] Level 1:colcon.colcon_core.package_identification:_identify(src/agv_bringup) by extension 'colcon_pkg'
[2.969s] Level 1:colcon.colcon_core.package_identification:_identify(src/agv_bringup) by extensions ['colcon_meta']
[2.969s] Level 1:colcon.colcon_core.package_identification:_identify(src/agv_bringup) by extension 'colcon_meta'
[2.970s] Level 1:colcon.colcon_core.package_identification:_identify(src/agv_bringup) by extensions ['ros']
[2.970s] Level 1:colcon.colcon_core.package_identification:_identify(src/agv_bringup) by extension 'ros'
[2.976s] DEBUG:colcon.colcon_core.package_identification:Package 'src/agv_bringup' with type 'ros.ament_cmake' and name 'agv_bringup'
[2.977s] Level 1:colcon.colcon_core.package_identification:_identify(src/agv_description) by extensions ['ignore', 'ignore_ament_install']
[2.978s] Level 1:colcon.colcon_core.package_identification:_identify(src/agv_description) by extension 'ignore'
[2.979s] Level 1:colcon.colcon_core.package_identification:_identify(src/agv_description) by extension 'ignore_ament_install'
[2.979s] Level 1:colcon.colcon_core.package_identification:_identify(src/agv_description) by extensions ['colcon_pkg']
[2.980s] Level 1:colcon.colcon_core.package_identification:_identify(src/agv_description) by extension 'colcon_pkg'
[2.980s] Level 1:colcon.colcon_core.package_identification:_identify(src/agv_description) by extensions ['colcon_meta']
[2.981s] Level 1:colcon.colcon_core.package_identification:_identify(src/agv_description) by extension 'colcon_meta'
[2.982s] Level 1:colcon.colcon_core.package_identification:_identify(src/agv_description) by extensions ['ros']
[2.982s] Level 1:colcon.colcon_core.package_identification:_identify(src/agv_description) by extension 'ros'
[2.987s] DEBUG:colcon.colcon_core.package_identification:Package 'src/agv_description' with type 'ros.ament_cmake' and name 'agv_description'
[2.988s] Level 1:colcon.colcon_core.package_identification:_identify(src/agv_lidar) by extensions ['ignore', 'ignore_ament_install']
[2.989s] Level 1:colcon.colcon_core.package_identification:_identify(src/agv_lidar) by extension 'ignore'
[2.989s] Level 1:colcon.colcon_core.package_identification:_identify(src/agv_lidar) by extension 'ignore_ament_install'
[2.990s] Level 1:colcon.colcon_core.package_identification:_identify(src/agv_lidar) by extensions ['colcon_pkg']
[2.991s] Level 1:colcon.colcon_core.package_identification:_identify(src/agv_lidar) by extension 'colcon_pkg'
[2.991s] Level 1:colcon.colcon_core.package_identification:_identify(src/agv_lidar) by extensions ['colcon_meta']
[2.992s] Level 1:colcon.colcon_core.package_identification:_identify(src/agv_lidar) by extension 'colcon_meta'
[2.992s] Level 1:colcon.colcon_core.package_identification:_identify(src/agv_lidar) by extensions ['ros']
[2.993s] Level 1:colcon.colcon_core.package_identification:_identify(src/agv_lidar) by extension 'ros'
[2.996s] DEBUG:colcon.colcon_core.package_identification:Package 'src/agv_lidar' with type 'ros.ament_cmake' and name 'agv_lidar'
[2.998s] Level 1:colcon.colcon_core.package_identification:_identify(src/ldlidar_sl_ros2) by extensions ['ignore', 'ignore_ament_install']
[2.998s] Level 1:colcon.colcon_core.package_identification:_identify(src/ldlidar_sl_ros2) by extension 'ignore'
[2.999s] Level 1:colcon.colcon_core.package_identification:_identify(src/ldlidar_sl_ros2) by extension 'ignore_ament_install'
[3.000s] Level 1:colcon.colcon_core.package_identification:_identify(src/ldlidar_sl_ros2) by extensions ['colcon_pkg']
[3.000s] Level 1:colcon.colcon_core.package_identification:_identify(src/ldlidar_sl_ros2) by extension 'colcon_pkg'
[3.001s] Level 1:colcon.colcon_core.package_identification:_identify(src/ldlidar_sl_ros2) by extensions ['colcon_meta']
[3.002s] Level 1:colcon.colcon_core.package_identification:_identify(src/ldlidar_sl_ros2) by extension 'colcon_meta'
[3.002s] Level 1:colcon.colcon_core.package_identification:_identify(src/ldlidar_sl_ros2) by extensions ['ros']
[3.003s] Level 1:colcon.colcon_core.package_identification:_identify(src/ldlidar_sl_ros2) by extension 'ros'
[3.008s] DEBUG:colcon.colcon_core.package_identification:Package 'src/ldlidar_sl_ros2' with type 'ros.ament_cmake' and name 'ldlidar_sl_ros2'
[3.008s] Level 1:colcon.colcon_core.package_discovery:discover_packages(recursive) using defaults
[3.009s] Level 1:colcon.colcon_core.package_discovery:discover_packages(ignore) discover
[3.009s] Level 1:colcon.colcon_core.package_discovery:discover_packages(ignore) using defaults
[3.010s] Level 1:colcon.colcon_core.package_discovery:discover_packages(path) discover
[3.010s] Level 1:colcon.colcon_core.package_discovery:discover_packages(path) using defaults
[3.153s] INFO:colcon.colcon_core.package_selection:Skipping not selected package 'agv_bridge' in 'src/agv_bridge'
[3.154s] INFO:colcon.colcon_core.package_selection:Skipping not selected package 'agv_description' in 'src/agv_description'
[3.154s] INFO:colcon.colcon_core.package_selection:Skipping not selected package 'ldlidar_sl' in 'ldlidar_ws/ldlidar_sl_sdk'
[3.154s] INFO:colcon.colcon_core.package_selection:Skipping not selected package 'ldlidar_sl_ros2' in 'src/ldlidar_sl_ros2'
[3.155s] INFO:colcon.colcon_core.package_selection:Skipping not selected package 'agv_lidar' in 'src/agv_lidar'
[3.157s] Level 1:colcon.colcon_core.package_discovery:discover_packages(prefix_path) check parameters
[3.158s] Level 1:colcon.colcon_core.package_discovery:discover_packages(prefix_path) discover
[3.174s] DEBUG:colcon.colcon_installed_package_information.package_discovery:Found 1 installed packages in /home/pi/ldlidar_ros2_ws/install
[3.186s] DEBUG:colcon.colcon_installed_package_information.package_discovery:Found 248 installed packages in /opt/ros/humble
[3.195s] Level 1:colcon.colcon_core.package_discovery:discover_packages(prefix_path) using defaults
[3.750s] Level 5:colcon.colcon_core.verb:set package 'agv_bringup' build argument 'cmake_args' from command line to 'None'
[3.750s] Level 5:colcon.colcon_core.verb:set package 'agv_bringup' build argument 'cmake_target' from command line to 'None'
[3.750s] Level 5:colcon.colcon_core.verb:set package 'agv_bringup' build argument 'cmake_target_skip_unavailable' from command line to 'False'
[3.751s] Level 5:colcon.colcon_core.verb:set package 'agv_bringup' build argument 'cmake_clean_cache' from command line to 'False'
[3.751s] Level 5:colcon.colcon_core.verb:set package 'agv_bringup' build argument 'cmake_clean_first' from command line to 'False'
[3.752s] Level 5:colcon.colcon_core.verb:set package 'agv_bringup' build argument 'cmake_force_configure' from command line to 'False'
[3.752s] Level 5:colcon.colcon_core.verb:set package 'agv_bringup' build argument 'ament_cmake_args' from command line to 'None'
[3.757s] Level 5:colcon.colcon_core.verb:set package 'agv_bringup' build argument 'catkin_cmake_args' from command line to 'None'
[3.757s] Level 5:colcon.colcon_core.verb:set package 'agv_bringup' build argument 'catkin_skip_building_tests' from command line to 'False'
[3.758s] DEBUG:colcon.colcon_core.verb:Building package 'agv_bringup' with the following arguments: {'ament_cmake_args': None, 'build_base': '/home/pi/agv_project/ros2_ws/build/agv_bringup', 'catkin_cmake_args': None, 'catkin_skip_building_tests': False, 'cmake_args': None, 'cmake_clean_cache': False, 'cmake_clean_first': False, 'cmake_force_configure': False, 'cmake_target': None, 'cmake_target_skip_unavailable': False, 'install_base': '/home/pi/agv_project/ros2_ws/install/agv_bringup', 'merge_install': False, 'path': '/home/pi/agv_project/ros2_ws/src/agv_bringup', 'symlink_install': False, 'test_result_base': None}
[3.759s] INFO:colcon.colcon_core.executor:Executing jobs using 'parallel' executor
[3.774s] DEBUG:colcon.colcon_parallel_executor.executor.parallel:run_until_complete
[3.780s] INFO:colcon.colcon_ros.task.ament_cmake.build:Building ROS package in '/home/pi/agv_project/ros2_ws/src/agv_bringup' with build type 'ament_cmake'
[3.785s] INFO:colcon.colcon_cmake.task.cmake.build:Building CMake package in '/home/pi/agv_project/ros2_ws/src/agv_bringup'
[3.816s] INFO:colcon.colcon_core.plugin_system:Skipping extension 'colcon_core.shell.bat': Not used on non-Windows systems
[3.817s] INFO:colcon.colcon_core.shell:Skip shell extension 'powershell' for command environment: Not usable outside of PowerShell
[3.818s] DEBUG:colcon.colcon_core.shell:Skip shell extension 'dsv' for command environment
[3.943s] DEBUG:colcon.colcon_core.event_handler.log_command:Invoking command in '/home/pi/agv_project/ros2_ws/build/agv_bringup': AMENT_PREFIX_PATH=/home/pi/agv_project/ros2_ws/install/agv_lidar:/home/pi/agv_project/ros2_ws/install/ldlidar_sl_ros2:/home/pi/agv_project/ros2_ws/install/agv_description:/home/pi/agv_project/ros2_ws/install/agv_bridge:${AMENT_PREFIX_PATH} CMAKE_PREFIX_PATH=/home/pi/agv_project/ros2_ws/install/agv_lidar:/home/pi/agv_project/ros2_ws/install/ldlidar_sl_ros2:/home/pi/agv_project/ros2_ws/install/agv_description:/home/pi/ldlidar_ros2_ws/install/ldlidar_ros2:/opt/ros/humble PYTHONPATH=/home/pi/agv_project/ros2_ws/install/agv_bridge/lib/python3.10/site-packages:${PYTHONPATH} /usr/bin/cmake --build /home/pi/agv_project/ros2_ws/build/agv_bringup -- -j4 -l4
[33.811s] DEBUG:colcon.colcon_core.event_handler.log_command:Invoked command in '/home/pi/agv_project/ros2_ws/build/agv_bringup' returned '0': AMENT_PREFIX_PATH=/home/pi/agv_project/ros2_ws/install/agv_lidar:/home/pi/agv_project/ros2_ws/install/ldlidar_sl_ros2:/home/pi/agv_project/ros2_ws/install/agv_description:/home/pi/agv_project/ros2_ws/install/agv_bridge:${AMENT_PREFIX_PATH} CMAKE_PREFIX_PATH=/home/pi/agv_project/ros2_ws/install/agv_lidar:/home/pi/agv_project/ros2_ws/install/ldlidar_sl_ros2:/home/pi/agv_project/ros2_ws/install/agv_description:/home/pi/ldlidar_ros2_ws/install/ldlidar_ros2:/opt/ros/humble PYTHONPATH=/home/pi/agv_project/ros2_ws/install/agv_bridge/lib/python3.10/site-packages:${PYTHONPATH} /usr/bin/cmake --build /home/pi/agv_project/ros2_ws/build/agv_bringup -- -j4 -l4
[33.869s] DEBUG:colcon.colcon_core.event_handler.log_command:Invoking command in '/home/pi/agv_project/ros2_ws/build/agv_bringup': AMENT_PREFIX_PATH=/home/pi/agv_project/ros2_ws/install/agv_lidar:/home/pi/agv_project/ros2_ws/install/ldlidar_sl_ros2:/home/pi/agv_project/ros2_ws/install/agv_description:/home/pi/agv_project/ros2_ws/install/agv_bridge:${AMENT_PREFIX_PATH} CMAKE_PREFIX_PATH=/home/pi/agv_project/ros2_ws/install/agv_lidar:/home/pi/agv_project/ros2_ws/install/ldlidar_sl_ros2:/home/pi/agv_project/ros2_ws/install/agv_description:/home/pi/ldlidar_ros2_ws/install/ldlidar_ros2:/opt/ros/humble PYTHONPATH=/home/pi/agv_project/ros2_ws/install/agv_bridge/lib/python3.10/site-packages:${PYTHONPATH} /usr/bin/cmake --install /home/pi/agv_project/ros2_ws/build/agv_bringup
[34.157s] Level 1:colcon.colcon_core.environment:create_environment_scripts_only(agv_bringup)
[34.167s] DEBUG:colcon.colcon_core.event_handler.log_command:Invoked command in '/home/pi/agv_project/ros2_ws/build/agv_bringup' returned '0': AMENT_PREFIX_PATH=/home/pi/agv_project/ros2_ws/install/agv_lidar:/home/pi/agv_project/ros2_ws/install/ldlidar_sl_ros2:/home/pi/agv_project/ros2_ws/install/agv_description:/home/pi/agv_project/ros2_ws/install/agv_bridge:${AMENT_PREFIX_PATH} CMAKE_PREFIX_PATH=/home/pi/agv_project/ros2_ws/install/agv_lidar:/home/pi/agv_project/ros2_ws/install/ldlidar_sl_ros2:/home/pi/agv_project/ros2_ws/install/agv_description:/home/pi/ldlidar_ros2_ws/install/ldlidar_ros2:/opt/ros/humble PYTHONPATH=/home/pi/agv_project/ros2_ws/install/agv_bridge/lib/python3.10/site-packages:${PYTHONPATH} /usr/bin/cmake --install /home/pi/agv_project/ros2_ws/build/agv_bringup
[34.210s] Level 1:colcon.colcon_core.environment:checking '/home/pi/agv_project/ros2_ws/install/agv_bringup' for CMake module files
[34.219s] Level 1:colcon.colcon_core.environment:checking '/home/pi/agv_project/ros2_ws/install/agv_bringup' for CMake config files
[34.236s] Level 1:colcon.colcon_core.shell:create_environment_hook('agv_bringup', 'cmake_prefix_path')
[34.238s] INFO:colcon.colcon_core.shell:Creating environment hook '/home/pi/agv_project/ros2_ws/install/agv_bringup/share/agv_bringup/hook/cmake_prefix_path.ps1'
[34.245s] INFO:colcon.colcon_core.shell:Creating environment descriptor '/home/pi/agv_project/ros2_ws/install/agv_bringup/share/agv_bringup/hook/cmake_prefix_path.dsv'
[34.250s] INFO:colcon.colcon_core.shell:Creating environment hook '/home/pi/agv_project/ros2_ws/install/agv_bringup/share/agv_bringup/hook/cmake_prefix_path.sh'
[34.257s] Level 1:colcon.colcon_core.environment:checking '/home/pi/agv_project/ros2_ws/install/agv_bringup/bin'
[34.258s] Level 1:colcon.colcon_core.environment:checking '/home/pi/agv_project/ros2_ws/install/agv_bringup/lib/pkgconfig/agv_bringup.pc'
[34.260s] Level 1:colcon.colcon_core.environment:checking '/home/pi/agv_project/ros2_ws/install/agv_bringup/lib/python3.10/site-packages'
[34.264s] Level 1:colcon.colcon_core.environment:checking '/home/pi/agv_project/ros2_ws/install/agv_bringup/bin'
[34.266s] INFO:colcon.colcon_core.shell:Creating package script '/home/pi/agv_project/ros2_ws/install/agv_bringup/share/agv_bringup/package.ps1'
[34.278s] INFO:colcon.colcon_core.shell:Creating package descriptor '/home/pi/agv_project/ros2_ws/install/agv_bringup/share/agv_bringup/package.dsv'
[34.282s] INFO:colcon.colcon_core.shell:Creating package script '/home/pi/agv_project/ros2_ws/install/agv_bringup/share/agv_bringup/package.sh'
[34.287s] INFO:colcon.colcon_core.shell:Creating package script '/home/pi/agv_project/ros2_ws/install/agv_bringup/share/agv_bringup/package.bash'
[34.296s] INFO:colcon.colcon_core.shell:Creating package script '/home/pi/agv_project/ros2_ws/install/agv_bringup/share/agv_bringup/package.zsh'
[34.303s] Level 1:colcon.colcon_core.environment:create_file_with_runtime_dependencies(/home/pi/agv_project/ros2_ws/install/agv_bringup/share/colcon-core/packages/agv_bringup)
[34.308s] Level 1:colcon.colcon_core.environment:create_environment_scripts_only(agv_bringup)
[34.310s] Level 1:colcon.colcon_core.environment:checking '/home/pi/agv_project/ros2_ws/install/agv_bringup' for CMake module files
[34.315s] Level 1:colcon.colcon_core.environment:checking '/home/pi/agv_project/ros2_ws/install/agv_bringup' for CMake config files
[34.317s] Level 1:colcon.colcon_core.shell:create_environment_hook('agv_bringup', 'cmake_prefix_path')
[34.319s] INFO:colcon.colcon_core.shell:Creating environment hook '/home/pi/agv_project/ros2_ws/install/agv_bringup/share/agv_bringup/hook/cmake_prefix_path.ps1'
[34.322s] INFO:colcon.colcon_core.shell:Creating environment descriptor '/home/pi/agv_project/ros2_ws/install/agv_bringup/share/agv_bringup/hook/cmake_prefix_path.dsv'
[34.326s] INFO:colcon.colcon_core.shell:Creating environment hook '/home/pi/agv_project/ros2_ws/install/agv_bringup/share/agv_bringup/hook/cmake_prefix_path.sh'
[34.335s] Level 1:colcon.colcon_core.environment:checking '/home/pi/agv_project/ros2_ws/install/agv_bringup/bin'
[34.336s] Level 1:colcon.colcon_core.environment:checking '/home/pi/agv_project/ros2_ws/install/agv_bringup/lib/pkgconfig/agv_bringup.pc'
[34.338s] Level 1:colcon.colcon_core.environment:checking '/home/pi/agv_project/ros2_ws/install/agv_bringup/lib/python3.10/site-packages'
[34.340s] Level 1:colcon.colcon_core.environment:checking '/home/pi/agv_project/ros2_ws/install/agv_bringup/bin'
[34.343s] INFO:colcon.colcon_core.shell:Creating package script '/home/pi/agv_project/ros2_ws/install/agv_bringup/share/agv_bringup/package.ps1'
[34.348s] INFO:colcon.colcon_core.shell:Creating package descriptor '/home/pi/agv_project/ros2_ws/install/agv_bringup/share/agv_bringup/package.dsv'
[34.353s] INFO:colcon.colcon_core.shell:Creating package script '/home/pi/agv_project/ros2_ws/install/agv_bringup/share/agv_bringup/package.sh'
[34.357s] INFO:colcon.colcon_core.shell:Creating package script '/home/pi/agv_project/ros2_ws/install/agv_bringup/share/agv_bringup/package.bash'
[34.362s] INFO:colcon.colcon_core.shell:Creating package script '/home/pi/agv_project/ros2_ws/install/agv_bringup/share/agv_bringup/package.zsh'
[34.365s] Level 1:colcon.colcon_core.environment:create_file_with_runtime_dependencies(/home/pi/agv_project/ros2_ws/install/agv_bringup/share/colcon-core/packages/agv_bringup)
[34.369s] DEBUG:colcon.colcon_parallel_executor.executor.parallel:closing loop
[34.369s] DEBUG:colcon.colcon_parallel_executor.executor.parallel:loop closed
[34.371s] DEBUG:colcon.colcon_parallel_executor.executor.parallel:run_until_complete finished with '0'
[34.372s] DEBUG:colcon.colcon_core.event_reactor:joining thread
[34.384s] DEBUG:colcon.colcon_core.event_reactor:joined thread
[34.385s] INFO:colcon.colcon_core.shell:Creating prefix script '/home/pi/agv_project/ros2_ws/install/local_setup.ps1'
[34.426s] INFO:colcon.colcon_core.shell:Creating prefix util module '/home/pi/agv_project/ros2_ws/install/_local_setup_util_ps1.py'
[34.447s] INFO:colcon.colcon_core.shell:Creating prefix chain script '/home/pi/agv_project/ros2_ws/install/setup.ps1'
[34.457s] INFO:colcon.colcon_core.shell:Creating prefix script '/home/pi/agv_project/ros2_ws/install/local_setup.sh'
[34.462s] INFO:colcon.colcon_core.shell:Creating prefix util module '/home/pi/agv_project/ros2_ws/install/_local_setup_util_sh.py'
[34.473s] INFO:colcon.colcon_core.shell:Creating prefix chain script '/home/pi/agv_project/ros2_ws/install/setup.sh'
[34.486s] INFO:colcon.colcon_core.shell:Creating prefix script '/home/pi/agv_project/ros2_ws/install/local_setup.bash'
[34.493s] INFO:colcon.colcon_core.shell:Creating prefix chain script '/home/pi/agv_project/ros2_ws/install/setup.bash'
[34.510s] INFO:colcon.colcon_core.shell:Creating prefix script '/home/pi/agv_project/ros2_ws/install/local_setup.zsh'
[34.520s] INFO:colcon.colcon_core.shell:Creating prefix chain script '/home/pi/agv_project/ros2_ws/install/setup.zsh'
