[0.063s] Invoking command in '/home/pi/agv_project/ros2_ws/build/agv_lidar': AMENT_PREFIX_PATH=/home/pi/agv_project/ros2_ws/install/ldlidar_sl_ros2:${AMENT_PREFIX_PATH} CMAKE_PREFIX_PATH=/home/pi/agv_project/ros2_ws/install/ldlidar_sl_ros2:/home/pi/ldlidar_ros2_ws/install/ldlidar_ros2:/opt/ros/humble /usr/bin/cmake --build /home/pi/agv_project/ros2_ws/build/agv_lidar -- -j4 -l4
[0.159s] -- Found ament_cmake: 1.3.14 (/opt/ros/humble/share/ament_cmake/cmake)
[1.069s] -- Configuring done
[1.091s] -- Generating done
[1.104s] -- Build files have been written to: /home/pi/agv_project/ros2_ws/build/agv_lidar
[1.189s] Invoked command in '/home/pi/agv_project/ros2_ws/build/agv_lidar' returned '0': AMENT_PREFIX_PATH=/home/pi/agv_project/ros2_ws/install/ldlidar_sl_ros2:${AMENT_PREFIX_PATH} CMAKE_PREFIX_PATH=/home/pi/agv_project/ros2_ws/install/ldlidar_sl_ros2:/home/pi/ldlidar_ros2_ws/install/ldlidar_ros2:/opt/ros/humble /usr/bin/cmake --build /home/pi/agv_project/ros2_ws/build/agv_lidar -- -j4 -l4
[1.230s] Invoking command in '/home/pi/agv_project/ros2_ws/build/agv_lidar': AMENT_PREFIX_PATH=/home/pi/agv_project/ros2_ws/install/ldlidar_sl_ros2:${AMENT_PREFIX_PATH} CMAKE_PREFIX_PATH=/home/pi/agv_project/ros2_ws/install/ldlidar_sl_ros2:/home/pi/ldlidar_ros2_ws/install/ldlidar_ros2:/opt/ros/humble /usr/bin/cmake --install /home/pi/agv_project/ros2_ws/build/agv_lidar
[1.265s] -- Install configuration: ""
[1.267s] -- Up-to-date: /home/pi/agv_project/ros2_ws/install/agv_lidar/share/agv_lidar/launch
[1.267s] -- Up-to-date: /home/pi/agv_project/ros2_ws/install/agv_lidar/share/agv_lidar/launch/ld14.launch.py
[1.268s] -- Up-to-date: /home/pi/agv_project/ros2_ws/install/agv_lidar/share/agv_lidar/config
[1.270s] -- Up-to-date: /home/pi/agv_project/ros2_ws/install/agv_lidar/share/agv_lidar/config/lidar_params.yaml
[1.270s] -- Installing: /home/pi/agv_project/ros2_ws/install/agv_lidar/share/ament_index/resource_index/package_run_dependencies/agv_lidar
[1.271s] -- Installing: /home/pi/agv_project/ros2_ws/install/agv_lidar/share/ament_index/resource_index/parent_prefix_path/agv_lidar
[1.272s] -- Up-to-date: /home/pi/agv_project/ros2_ws/install/agv_lidar/share/agv_lidar/environment/ament_prefix_path.sh
[1.273s] -- Installing: /home/pi/agv_project/ros2_ws/install/agv_lidar/share/agv_lidar/environment/ament_prefix_path.dsv
[1.274s] -- Up-to-date: /home/pi/agv_project/ros2_ws/install/agv_lidar/share/agv_lidar/environment/path.sh
[1.275s] -- Installing: /home/pi/agv_project/ros2_ws/install/agv_lidar/share/agv_lidar/environment/path.dsv
[1.278s] -- Up-to-date: /home/pi/agv_project/ros2_ws/install/agv_lidar/share/agv_lidar/local_setup.bash
[1.279s] -- Up-to-date: /home/pi/agv_project/ros2_ws/install/agv_lidar/share/agv_lidar/local_setup.sh
[1.279s] -- Up-to-date: /home/pi/agv_project/ros2_ws/install/agv_lidar/share/agv_lidar/local_setup.zsh
[1.280s] -- Installing: /home/pi/agv_project/ros2_ws/install/agv_lidar/share/agv_lidar/local_setup.dsv
[1.283s] -- Installing: /home/pi/agv_project/ros2_ws/install/agv_lidar/share/agv_lidar/package.dsv
[1.284s] -- Up-to-date: /home/pi/agv_project/ros2_ws/install/agv_lidar/share/ament_index/resource_index/packages/agv_lidar
[1.284s] -- Up-to-date: /home/pi/agv_project/ros2_ws/install/agv_lidar/share/agv_lidar/cmake/agv_lidarConfig.cmake
[1.285s] -- Up-to-date: /home/pi/agv_project/ros2_ws/install/agv_lidar/share/agv_lidar/cmake/agv_lidarConfig-version.cmake
[1.286s] -- Installing: /home/pi/agv_project/ros2_ws/install/agv_lidar/share/agv_lidar/package.xml
[1.290s] Invoked command in '/home/pi/agv_project/ros2_ws/build/agv_lidar' returned '0': AMENT_PREFIX_PATH=/home/pi/agv_project/ros2_ws/install/ldlidar_sl_ros2:${AMENT_PREFIX_PATH} CMAKE_PREFIX_PATH=/home/pi/agv_project/ros2_ws/install/ldlidar_sl_ros2:/home/pi/ldlidar_ros2_ws/install/ldlidar_ros2:/opt/ros/humble /usr/bin/cmake --install /home/pi/agv_project/ros2_ws/build/agv_lidar
