[0.066s] Invoking command in '/home/pi/agv_project/ros2_ws/build/ldlidar_sl_ros2': CMAKE_PREFIX_PATH=${CMAKE_PREFIX_PATH}:/home/pi/ros2_ws/install/agv_bridge:/opt/ros/humble /usr/bin/cmake /home/pi/agv_project/ros2_ws/src/ldlidar_sl_ros2 -DCMAKE_INSTALL_PREFIX=/home/pi/agv_project/ros2_ws/install/ldlidar_sl_ros2
[0.464s] -- The C compiler identification is GNU 11.4.0
[0.779s] -- The CXX compiler identification is GNU 11.4.0
[0.820s] -- Detecting C compiler ABI info
[1.214s] -- Detecting C compiler ABI info - done
[1.243s] -- Check for working C compiler: /usr/bin/cc - skipped
[1.244s] -- Detecting C compile features
[1.246s] -- Detecting C compile features - done
[1.260s] -- Detecting CXX compiler ABI info
[1.688s] -- Detecting CXX compiler ABI info - done
[1.719s] -- Check for working CXX compiler: /usr/bin/c++ - skipped
[1.720s] -- Detecting CXX compile features
[1.722s] -- Detecting CXX compile features - done
[1.753s] -- Found ament_cmake: 1.3.14 (/opt/ros/humble/share/ament_cmake/cmake)
[3.094s] -- Found Python3: /usr/bin/python3 (found version "3.10.12") found components: Interpreter 
[4.260s] -- Found rclcpp: 16.0.19 (/opt/ros/humble/share/rclcpp/cmake)
[4.742s] -- Found rosidl_generator_c: 3.1.8 (/opt/ros/humble/share/rosidl_generator_c/cmake)
[4.858s] -- Found rosidl_adapter: 3.1.8 (/opt/ros/humble/share/rosidl_adapter/cmake)
[4.989s] -- Found rosidl_generator_cpp: 3.1.8 (/opt/ros/humble/share/rosidl_generator_cpp/cmake)
[5.143s] -- Using all available rosidl_typesupport_c: rosidl_typesupport_fastrtps_c;rosidl_typesupport_introspection_c
[5.318s] -- Using all available rosidl_typesupport_cpp: rosidl_typesupport_fastrtps_cpp;rosidl_typesupport_introspection_cpp
[5.888s] -- Found rmw_implementation_cmake: 6.1.2 (/opt/ros/humble/share/rmw_implementation_cmake/cmake)
[5.919s] -- Found rmw_fastrtps_cpp: 6.2.10 (/opt/ros/humble/share/rmw_fastrtps_cpp/cmake)
[7.056s] -- Found OpenSSL: /usr/lib/aarch64-linux-gnu/libcrypto.so (found version "3.0.2")  
[7.330s] -- Found FastRTPS: /opt/ros/humble/include  
[7.751s] -- Using RMW implementation 'rmw_fastrtps_cpp' as default
[8.353s] -- Looking for pthread.h
[8.973s] -- Looking for pthread.h - found
[8.976s] -- Performing Test CMAKE_HAVE_LIBC_PTHREAD
[9.845s] -- Performing Test CMAKE_HAVE_LIBC_PTHREAD - Success
[9.851s] -- Found Threads: TRUE  
[10.334s] -- Found sensor_msgs: 4.9.1 (/opt/ros/humble/share/sensor_msgs/cmake)
[10.650s] -- Found ament_lint_auto: 0.12.15 (/opt/ros/humble/share/ament_lint_auto/cmake)
[11.657s] -- Added test 'copyright' to check source files copyright and LICENSE
[11.771s] -- Added test 'cppcheck' to perform static code analysis on C / C++ code
[11.773s] -- Configured cppcheck include dirs: /home/pi/agv_project/ros2_ws/src/ldlidar_sl_ros2/include;/home/pi/agv_project/ros2_ws/src/ldlidar_sl_ros2/ldlidar_driver/include
[11.773s] -- Configured cppcheck exclude dirs and/or files: 
[11.864s] -- Added test 'cpplint' to check C / C++ code against the Google style
[11.865s] -- Configured cpplint exclude dirs and/or files: 
[11.888s] -- Added test 'flake8' to check Python code syntax and style conventions
[11.930s] -- Added test 'lint_cmake' to check CMake code style
[11.963s] -- Added test 'pep257' to check Python code against some of the docstring style conventions in PEP 257
[12.064s] -- Added test 'uncrustify' to check C / C++ code style
[12.065s] -- Configured uncrustify additional arguments: 
[12.086s] -- Added test 'xmllint' to check XML markup files
[12.117s] -- Configuring done
[12.307s] -- Generating done
[12.357s] -- Build files have been written to: /home/pi/agv_project/ros2_ws/build/ldlidar_sl_ros2
[12.439s] Invoked command in '/home/pi/agv_project/ros2_ws/build/ldlidar_sl_ros2' returned '0': CMAKE_PREFIX_PATH=${CMAKE_PREFIX_PATH}:/home/pi/ros2_ws/install/agv_bridge:/opt/ros/humble /usr/bin/cmake /home/pi/agv_project/ros2_ws/src/ldlidar_sl_ros2 -DCMAKE_INSTALL_PREFIX=/home/pi/agv_project/ros2_ws/install/ldlidar_sl_ros2
[12.452s] Invoking command in '/home/pi/agv_project/ros2_ws/build/ldlidar_sl_ros2': CMAKE_PREFIX_PATH=${CMAKE_PREFIX_PATH}:/home/pi/ros2_ws/install/agv_bridge:/opt/ros/humble /usr/bin/cmake --build /home/pi/agv_project/ros2_ws/build/ldlidar_sl_ros2 -- -j4 -l4
[12.904s] [ 12%] [32mBuilding CXX object CMakeFiles/ldlidar_sl_ros2_node.dir/ldlidar_driver/src/ldlidar_driver.cpp.o[0m
[12.941s] [ 25%] [32mBuilding CXX object CMakeFiles/ldlidar_sl_ros2_node.dir/src/demo.cpp.o[0m
[12.969s] [ 37%] [32mBuilding CXX object CMakeFiles/ldlidar_sl_ros2_node.dir/ldlidar_driver/src/lipkg.cpp.o[0m
[12.979s] [ 50%] [32mBuilding CXX object CMakeFiles/ldlidar_sl_ros2_node.dir/ldlidar_driver/src/log_module.cpp.o[0m
[16.820s] [ 62%] [32mBuilding CXX object CMakeFiles/ldlidar_sl_ros2_node.dir/ldlidar_driver/src/serial_interface_linux.cpp.o[0m
[24.116s] [ 75%] [32mBuilding CXX object CMakeFiles/ldlidar_sl_ros2_node.dir/ldlidar_driver/src/sl_transform.cpp.o[0m
[24.123s] [ 87%] [32mBuilding CXX object CMakeFiles/ldlidar_sl_ros2_node.dir/ldlidar_driver/src/slbf.cpp.o[0m
[41.959s] [100%] [32m[1mLinking CXX executable ldlidar_sl_ros2_node[0m
[43.239s] [100%] Built target ldlidar_sl_ros2_node
[43.319s] Invoked command in '/home/pi/agv_project/ros2_ws/build/ldlidar_sl_ros2' returned '0': CMAKE_PREFIX_PATH=${CMAKE_PREFIX_PATH}:/home/pi/ros2_ws/install/agv_bridge:/opt/ros/humble /usr/bin/cmake --build /home/pi/agv_project/ros2_ws/build/ldlidar_sl_ros2 -- -j4 -l4
[43.330s] Invoking command in '/home/pi/agv_project/ros2_ws/build/ldlidar_sl_ros2': CMAKE_PREFIX_PATH=${CMAKE_PREFIX_PATH}:/home/pi/ros2_ws/install/agv_bridge:/opt/ros/humble /usr/bin/cmake --install /home/pi/agv_project/ros2_ws/build/ldlidar_sl_ros2
[43.359s] -- Install configuration: ""
[43.360s] -- Installing: /home/pi/agv_project/ros2_ws/install/ldlidar_sl_ros2/lib/ldlidar_sl_ros2/ldlidar_sl_ros2_node
[43.375s] -- Set runtime path of "/home/pi/agv_project/ros2_ws/install/ldlidar_sl_ros2/lib/ldlidar_sl_ros2/ldlidar_sl_ros2_node" to ""
[43.376s] -- Installing: /home/pi/agv_project/ros2_ws/install/ldlidar_sl_ros2/share/ldlidar_sl_ros2//launch
[43.376s] -- Installing: /home/pi/agv_project/ros2_ws/install/ldlidar_sl_ros2/share/ldlidar_sl_ros2//launch/viewer_ld14p.launch.py
[43.377s] -- Installing: /home/pi/agv_project/ros2_ws/install/ldlidar_sl_ros2/share/ldlidar_sl_ros2//launch/viewer_ld14.launch.py
[43.379s] -- Installing: /home/pi/agv_project/ros2_ws/install/ldlidar_sl_ros2/share/ldlidar_sl_ros2//launch/ld14p.launch.py
[43.380s] -- Installing: /home/pi/agv_project/ros2_ws/install/ldlidar_sl_ros2/share/ldlidar_sl_ros2//launch/ld14.launch.py
[43.381s] -- Installing: /home/pi/agv_project/ros2_ws/install/ldlidar_sl_ros2/share/ldlidar_sl_ros2//rviz2
[43.381s] -- Installing: /home/pi/agv_project/ros2_ws/install/ldlidar_sl_ros2/share/ldlidar_sl_ros2//rviz2/ldlidar.rviz
[43.383s] -- Installing: /home/pi/agv_project/ros2_ws/install/ldlidar_sl_ros2/share/ldlidar_sl_ros2//scripts
[43.383s] -- Installing: /home/pi/agv_project/ros2_ws/install/ldlidar_sl_ros2/share/ldlidar_sl_ros2//scripts/ldlidar.rules
[43.385s] -- Installing: /home/pi/agv_project/ros2_ws/install/ldlidar_sl_ros2/share/ldlidar_sl_ros2//scripts/create_udev_rules.sh
[43.386s] -- Installing: /home/pi/agv_project/ros2_ws/install/ldlidar_sl_ros2/share/ldlidar_sl_ros2//scripts/delete_udev_rules.sh
[43.388s] -- Installing: /home/pi/agv_project/ros2_ws/install/ldlidar_sl_ros2/share/ament_index/resource_index/package_run_dependencies/ldlidar_sl_ros2
[43.390s] -- Installing: /home/pi/agv_project/ros2_ws/install/ldlidar_sl_ros2/share/ament_index/resource_index/parent_prefix_path/ldlidar_sl_ros2
[43.392s] -- Installing: /home/pi/agv_project/ros2_ws/install/ldlidar_sl_ros2/share/ldlidar_sl_ros2/environment/ament_prefix_path.sh
[43.393s] -- Installing: /home/pi/agv_project/ros2_ws/install/ldlidar_sl_ros2/share/ldlidar_sl_ros2/environment/ament_prefix_path.dsv
[43.395s] -- Installing: /home/pi/agv_project/ros2_ws/install/ldlidar_sl_ros2/share/ldlidar_sl_ros2/environment/path.sh
[43.396s] -- Installing: /home/pi/agv_project/ros2_ws/install/ldlidar_sl_ros2/share/ldlidar_sl_ros2/environment/path.dsv
[43.397s] -- Installing: /home/pi/agv_project/ros2_ws/install/ldlidar_sl_ros2/share/ldlidar_sl_ros2/local_setup.bash
[43.399s] -- Installing: /home/pi/agv_project/ros2_ws/install/ldlidar_sl_ros2/share/ldlidar_sl_ros2/local_setup.sh
[43.400s] -- Installing: /home/pi/agv_project/ros2_ws/install/ldlidar_sl_ros2/share/ldlidar_sl_ros2/local_setup.zsh
[43.402s] -- Installing: /home/pi/agv_project/ros2_ws/install/ldlidar_sl_ros2/share/ldlidar_sl_ros2/local_setup.dsv
[43.403s] -- Installing: /home/pi/agv_project/ros2_ws/install/ldlidar_sl_ros2/share/ldlidar_sl_ros2/package.dsv
[43.405s] -- Installing: /home/pi/agv_project/ros2_ws/install/ldlidar_sl_ros2/share/ament_index/resource_index/packages/ldlidar_sl_ros2
[43.407s] -- Installing: /home/pi/agv_project/ros2_ws/install/ldlidar_sl_ros2/share/ldlidar_sl_ros2/cmake/ldlidar_sl_ros2Config.cmake
[43.408s] -- Installing: /home/pi/agv_project/ros2_ws/install/ldlidar_sl_ros2/share/ldlidar_sl_ros2/cmake/ldlidar_sl_ros2Config-version.cmake
[43.409s] -- Installing: /home/pi/agv_project/ros2_ws/install/ldlidar_sl_ros2/share/ldlidar_sl_ros2/package.xml
[43.418s] Invoked command in '/home/pi/agv_project/ros2_ws/build/ldlidar_sl_ros2' returned '0': CMAKE_PREFIX_PATH=${CMAKE_PREFIX_PATH}:/home/pi/ros2_ws/install/agv_bridge:/opt/ros/humble /usr/bin/cmake --install /home/pi/agv_project/ros2_ws/build/ldlidar_sl_ros2
