[0.478s] DEBUG:colcon:Command line arguments: ['/usr/bin/colcon', 'build', '--packages-select', 'agv_bridge']
[0.479s] DEBUG:colcon:Parsed command line arguments: Namespace(log_base=None, log_level=None, verb_name='build', build_base='build', install_base='install', merge_install=False, symlink_install=False, test_result_base=None, continue_on_error=False, executor='parallel', parallel_workers=4, event_handlers=None, ignore_user_meta=False, metas=['./colcon.meta'], base_paths=['.'], packages_ignore=None, packages_ignore_regex=None, paths=None, packages_up_to=None, packages_up_to_regex=None, packages_above=None, packages_above_and_dependencies=None, packages_above_depth=None, packages_select_by_dep=None, packages_skip_by_dep=None, packages_skip_up_to=None, packages_select_build_failed=False, packages_skip_build_finished=False, packages_select_test_failures=False, packages_skip_test_passed=False, packages_select=['agv_bridge'], packages_skip=None, packages_select_regex=None, packages_skip_regex=None, packages_start=None, packages_end=None, allow_overriding=[], cmake_args=None, cmake_target=None, cmake_target_skip_unavailable=False, cmake_clean_cache=False, cmake_clean_first=False, cmake_force_configure=False, ament_cmake_args=None, catkin_cmake_args=None, catkin_skip_building_tests=False, verb_parser=<colcon_defaults.argument_parser.defaults.DefaultArgumentsDecorator object at 0xffff7f87e3e0>, verb_extension=<colcon_core.verb.build.BuildVerb object at 0xffff7f98b8b0>, main=<bound method BuildVerb.main of <colcon_core.verb.build.BuildVerb object at 0xffff7f98b8b0>>)
[1.276s] Level 1:colcon.colcon_core.package_discovery:discover_packages(colcon_meta) check parameters
[1.276s] Level 1:colcon.colcon_core.package_discovery:discover_packages(recursive) check parameters
[1.276s] Level 1:colcon.colcon_core.package_discovery:discover_packages(ignore) check parameters
[1.277s] Level 1:colcon.colcon_core.package_discovery:discover_packages(path) check parameters
[1.277s] Level 1:colcon.colcon_core.package_discovery:discover_packages(colcon_meta) discover
[1.277s] Level 1:colcon.colcon_core.package_discovery:discover_packages(recursive) discover
[1.278s] INFO:colcon.colcon_core.package_discovery:Crawling recursively for packages in '/home/pi/agv_project/ros2_ws'
[1.278s] Level 1:colcon.colcon_core.package_identification:_identify(.) by extensions ['ignore', 'ignore_ament_install']
[1.279s] Level 1:colcon.colcon_core.package_identification:_identify(.) by extension 'ignore'
[1.279s] Level 1:colcon.colcon_core.package_identification:_identify(.) by extension 'ignore_ament_install'
[1.279s] Level 1:colcon.colcon_core.package_identification:_identify(.) by extensions ['colcon_pkg']
[1.280s] Level 1:colcon.colcon_core.package_identification:_identify(.) by extension 'colcon_pkg'
[1.280s] Level 1:colcon.colcon_core.package_identification:_identify(.) by extensions ['colcon_meta']
[1.280s] Level 1:colcon.colcon_core.package_identification:_identify(.) by extension 'colcon_meta'
[1.280s] Level 1:colcon.colcon_core.package_identification:_identify(.) by extensions ['ros']
[1.281s] Level 1:colcon.colcon_core.package_identification:_identify(.) by extension 'ros'
[1.331s] Level 1:colcon.colcon_core.package_identification:_identify(.) by extensions ['cmake', 'python']
[1.331s] Level 1:colcon.colcon_core.package_identification:_identify(.) by extension 'cmake'
[1.331s] Level 1:colcon.colcon_core.package_identification:_identify(.) by extension 'python'
[1.332s] Level 1:colcon.colcon_core.package_identification:_identify(.) by extensions ['python_setup_py']
[1.332s] Level 1:colcon.colcon_core.package_identification:_identify(.) by extension 'python_setup_py'
[1.333s] Level 1:colcon.colcon_core.package_identification:_identify(build) by extensions ['ignore', 'ignore_ament_install']
[1.334s] Level 1:colcon.colcon_core.package_identification:_identify(build) by extension 'ignore'
[1.334s] Level 1:colcon.colcon_core.package_identification:_identify(build) ignored
[1.335s] Level 1:colcon.colcon_core.package_identification:_identify(install) by extensions ['ignore', 'ignore_ament_install']
[1.335s] Level 1:colcon.colcon_core.package_identification:_identify(install) by extension 'ignore'
[1.336s] Level 1:colcon.colcon_core.package_identification:_identify(install) ignored
[1.336s] Level 1:colcon.colcon_core.package_identification:_identify(ldlidar_ws) by extensions ['ignore', 'ignore_ament_install']
[1.337s] Level 1:colcon.colcon_core.package_identification:_identify(ldlidar_ws) by extension 'ignore'
[1.337s] Level 1:colcon.colcon_core.package_identification:_identify(ldlidar_ws) by extension 'ignore_ament_install'
[1.337s] Level 1:colcon.colcon_core.package_identification:_identify(ldlidar_ws) by extensions ['colcon_pkg']
[1.338s] Level 1:colcon.colcon_core.package_identification:_identify(ldlidar_ws) by extension 'colcon_pkg'
[1.338s] Level 1:colcon.colcon_core.package_identification:_identify(ldlidar_ws) by extensions ['colcon_meta']
[1.338s] Level 1:colcon.colcon_core.package_identification:_identify(ldlidar_ws) by extension 'colcon_meta'
[1.339s] Level 1:colcon.colcon_core.package_identification:_identify(ldlidar_ws) by extensions ['ros']
[1.339s] Level 1:colcon.colcon_core.package_identification:_identify(ldlidar_ws) by extension 'ros'
[1.339s] Level 1:colcon.colcon_core.package_identification:_identify(ldlidar_ws) by extensions ['cmake', 'python']
[1.339s] Level 1:colcon.colcon_core.package_identification:_identify(ldlidar_ws) by extension 'cmake'
[1.340s] Level 1:colcon.colcon_core.package_identification:_identify(ldlidar_ws) by extension 'python'
[1.340s] Level 1:colcon.colcon_core.package_identification:_identify(ldlidar_ws) by extensions ['python_setup_py']
[1.340s] Level 1:colcon.colcon_core.package_identification:_identify(ldlidar_ws) by extension 'python_setup_py'
[1.341s] Level 1:colcon.colcon_core.package_identification:_identify(ldlidar_ws/ldlidar_sl_sdk) by extensions ['ignore', 'ignore_ament_install']
[1.342s] Level 1:colcon.colcon_core.package_identification:_identify(ldlidar_ws/ldlidar_sl_sdk) by extension 'ignore'
[1.342s] Level 1:colcon.colcon_core.package_identification:_identify(ldlidar_ws/ldlidar_sl_sdk) by extension 'ignore_ament_install'
[1.342s] Level 1:colcon.colcon_core.package_identification:_identify(ldlidar_ws/ldlidar_sl_sdk) by extensions ['colcon_pkg']
[1.343s] Level 1:colcon.colcon_core.package_identification:_identify(ldlidar_ws/ldlidar_sl_sdk) by extension 'colcon_pkg'
[1.343s] Level 1:colcon.colcon_core.package_identification:_identify(ldlidar_ws/ldlidar_sl_sdk) by extensions ['colcon_meta']
[1.343s] Level 1:colcon.colcon_core.package_identification:_identify(ldlidar_ws/ldlidar_sl_sdk) by extension 'colcon_meta'
[1.344s] Level 1:colcon.colcon_core.package_identification:_identify(ldlidar_ws/ldlidar_sl_sdk) by extensions ['ros']
[1.344s] Level 1:colcon.colcon_core.package_identification:_identify(ldlidar_ws/ldlidar_sl_sdk) by extension 'ros'
[1.344s] Level 1:colcon.colcon_core.package_identification:_identify(ldlidar_ws/ldlidar_sl_sdk) by extensions ['cmake', 'python']
[1.345s] Level 1:colcon.colcon_core.package_identification:_identify(ldlidar_ws/ldlidar_sl_sdk) by extension 'cmake'
[1.358s] Level 1:colcon.colcon_core.package_identification:_identify(ldlidar_ws/ldlidar_sl_sdk) by extension 'python'
[1.359s] DEBUG:colcon.colcon_core.package_identification:Package 'ldlidar_ws/ldlidar_sl_sdk' with type 'cmake' and name 'ldlidar_sl'
[1.360s] Level 1:colcon.colcon_core.package_identification:_identify(log) by extensions ['ignore', 'ignore_ament_install']
[1.360s] Level 1:colcon.colcon_core.package_identification:_identify(log) by extension 'ignore'
[1.361s] Level 1:colcon.colcon_core.package_identification:_identify(log) ignored
[1.361s] Level 1:colcon.colcon_core.package_identification:_identify(src) by extensions ['ignore', 'ignore_ament_install']
[1.362s] Level 1:colcon.colcon_core.package_identification:_identify(src) by extension 'ignore'
[1.362s] Level 1:colcon.colcon_core.package_identification:_identify(src) by extension 'ignore_ament_install'
[1.363s] Level 1:colcon.colcon_core.package_identification:_identify(src) by extensions ['colcon_pkg']
[1.363s] Level 1:colcon.colcon_core.package_identification:_identify(src) by extension 'colcon_pkg'
[1.363s] Level 1:colcon.colcon_core.package_identification:_identify(src) by extensions ['colcon_meta']
[1.363s] Level 1:colcon.colcon_core.package_identification:_identify(src) by extension 'colcon_meta'
[1.364s] Level 1:colcon.colcon_core.package_identification:_identify(src) by extensions ['ros']
[1.364s] Level 1:colcon.colcon_core.package_identification:_identify(src) by extension 'ros'
[1.364s] Level 1:colcon.colcon_core.package_identification:_identify(src) by extensions ['cmake', 'python']
[1.365s] Level 1:colcon.colcon_core.package_identification:_identify(src) by extension 'cmake'
[1.365s] Level 1:colcon.colcon_core.package_identification:_identify(src) by extension 'python'
[1.365s] Level 1:colcon.colcon_core.package_identification:_identify(src) by extensions ['python_setup_py']
[1.366s] Level 1:colcon.colcon_core.package_identification:_identify(src) by extension 'python_setup_py'
[1.366s] Level 1:colcon.colcon_core.package_identification:_identify(src/agv_bridge) by extensions ['ignore', 'ignore_ament_install']
[1.367s] Level 1:colcon.colcon_core.package_identification:_identify(src/agv_bridge) by extension 'ignore'
[1.367s] Level 1:colcon.colcon_core.package_identification:_identify(src/agv_bridge) by extension 'ignore_ament_install'
[1.368s] Level 1:colcon.colcon_core.package_identification:_identify(src/agv_bridge) by extensions ['colcon_pkg']
[1.368s] Level 1:colcon.colcon_core.package_identification:_identify(src/agv_bridge) by extension 'colcon_pkg'
[1.368s] Level 1:colcon.colcon_core.package_identification:_identify(src/agv_bridge) by extensions ['colcon_meta']
[1.368s] Level 1:colcon.colcon_core.package_identification:_identify(src/agv_bridge) by extension 'colcon_meta'
[1.369s] Level 1:colcon.colcon_core.package_identification:_identify(src/agv_bridge) by extensions ['ros']
[1.369s] Level 1:colcon.colcon_core.package_identification:_identify(src/agv_bridge) by extension 'ros'
[1.381s] DEBUG:colcon.colcon_core.package_identification:Package 'src/agv_bridge' with type 'ros.ament_python' and name 'agv_bridge'
[1.381s] Level 1:colcon.colcon_core.package_identification:_identify(src/agv_bringup) by extensions ['ignore', 'ignore_ament_install']
[1.382s] Level 1:colcon.colcon_core.package_identification:_identify(src/agv_bringup) by extension 'ignore'
[1.382s] Level 1:colcon.colcon_core.package_identification:_identify(src/agv_bringup) by extension 'ignore_ament_install'
[1.383s] Level 1:colcon.colcon_core.package_identification:_identify(src/agv_bringup) by extensions ['colcon_pkg']
[1.383s] Level 1:colcon.colcon_core.package_identification:_identify(src/agv_bringup) by extension 'colcon_pkg'
[1.383s] Level 1:colcon.colcon_core.package_identification:_identify(src/agv_bringup) by extensions ['colcon_meta']
[1.384s] Level 1:colcon.colcon_core.package_identification:_identify(src/agv_bringup) by extension 'colcon_meta'
[1.384s] Level 1:colcon.colcon_core.package_identification:_identify(src/agv_bringup) by extensions ['ros']
[1.384s] Level 1:colcon.colcon_core.package_identification:_identify(src/agv_bringup) by extension 'ros'
[1.386s] DEBUG:colcon.colcon_core.package_identification:Package 'src/agv_bringup' with type 'ros.ament_cmake' and name 'agv_bringup'
[1.387s] Level 1:colcon.colcon_core.package_identification:_identify(src/agv_description) by extensions ['ignore', 'ignore_ament_install']
[1.388s] Level 1:colcon.colcon_core.package_identification:_identify(src/agv_description) by extension 'ignore'
[1.388s] Level 1:colcon.colcon_core.package_identification:_identify(src/agv_description) by extension 'ignore_ament_install'
[1.389s] Level 1:colcon.colcon_core.package_identification:_identify(src/agv_description) by extensions ['colcon_pkg']
[1.389s] Level 1:colcon.colcon_core.package_identification:_identify(src/agv_description) by extension 'colcon_pkg'
[1.389s] Level 1:colcon.colcon_core.package_identification:_identify(src/agv_description) by extensions ['colcon_meta']
[1.389s] Level 1:colcon.colcon_core.package_identification:_identify(src/agv_description) by extension 'colcon_meta'
[1.390s] Level 1:colcon.colcon_core.package_identification:_identify(src/agv_description) by extensions ['ros']
[1.390s] Level 1:colcon.colcon_core.package_identification:_identify(src/agv_description) by extension 'ros'
[1.393s] DEBUG:colcon.colcon_core.package_identification:Package 'src/agv_description' with type 'ros.ament_cmake' and name 'agv_description'
[1.393s] Level 1:colcon.colcon_core.package_identification:_identify(src/agv_lidar) by extensions ['ignore', 'ignore_ament_install']
[1.394s] Level 1:colcon.colcon_core.package_identification:_identify(src/agv_lidar) by extension 'ignore'
[1.394s] Level 1:colcon.colcon_core.package_identification:_identify(src/agv_lidar) by extension 'ignore_ament_install'
[1.395s] Level 1:colcon.colcon_core.package_identification:_identify(src/agv_lidar) by extensions ['colcon_pkg']
[1.395s] Level 1:colcon.colcon_core.package_identification:_identify(src/agv_lidar) by extension 'colcon_pkg'
[1.395s] Level 1:colcon.colcon_core.package_identification:_identify(src/agv_lidar) by extensions ['colcon_meta']
[1.395s] Level 1:colcon.colcon_core.package_identification:_identify(src/agv_lidar) by extension 'colcon_meta'
[1.396s] Level 1:colcon.colcon_core.package_identification:_identify(src/agv_lidar) by extensions ['ros']
[1.396s] Level 1:colcon.colcon_core.package_identification:_identify(src/agv_lidar) by extension 'ros'
[1.399s] DEBUG:colcon.colcon_core.package_identification:Package 'src/agv_lidar' with type 'ros.ament_cmake' and name 'agv_lidar'
[1.400s] Level 1:colcon.colcon_core.package_identification:_identify(src/ldlidar_sl_ros2) by extensions ['ignore', 'ignore_ament_install']
[1.400s] Level 1:colcon.colcon_core.package_identification:_identify(src/ldlidar_sl_ros2) by extension 'ignore'
[1.401s] Level 1:colcon.colcon_core.package_identification:_identify(src/ldlidar_sl_ros2) by extension 'ignore_ament_install'
[1.401s] Level 1:colcon.colcon_core.package_identification:_identify(src/ldlidar_sl_ros2) by extensions ['colcon_pkg']
[1.402s] Level 1:colcon.colcon_core.package_identification:_identify(src/ldlidar_sl_ros2) by extension 'colcon_pkg'
[1.402s] Level 1:colcon.colcon_core.package_identification:_identify(src/ldlidar_sl_ros2) by extensions ['colcon_meta']
[1.402s] Level 1:colcon.colcon_core.package_identification:_identify(src/ldlidar_sl_ros2) by extension 'colcon_meta'
[1.403s] Level 1:colcon.colcon_core.package_identification:_identify(src/ldlidar_sl_ros2) by extensions ['ros']
[1.403s] Level 1:colcon.colcon_core.package_identification:_identify(src/ldlidar_sl_ros2) by extension 'ros'
[1.406s] DEBUG:colcon.colcon_core.package_identification:Package 'src/ldlidar_sl_ros2' with type 'ros.ament_cmake' and name 'ldlidar_sl_ros2'
[1.407s] Level 1:colcon.colcon_core.package_discovery:discover_packages(recursive) using defaults
[1.407s] Level 1:colcon.colcon_core.package_discovery:discover_packages(ignore) discover
[1.407s] Level 1:colcon.colcon_core.package_discovery:discover_packages(ignore) using defaults
[1.407s] Level 1:colcon.colcon_core.package_discovery:discover_packages(path) discover
[1.407s] Level 1:colcon.colcon_core.package_discovery:discover_packages(path) using defaults
[1.493s] INFO:colcon.colcon_core.package_selection:Skipping not selected package 'agv_bringup' in 'src/agv_bringup'
[1.493s] INFO:colcon.colcon_core.package_selection:Skipping not selected package 'agv_description' in 'src/agv_description'
[1.494s] INFO:colcon.colcon_core.package_selection:Skipping not selected package 'ldlidar_sl' in 'ldlidar_ws/ldlidar_sl_sdk'
[1.494s] INFO:colcon.colcon_core.package_selection:Skipping not selected package 'ldlidar_sl_ros2' in 'src/ldlidar_sl_ros2'
[1.494s] INFO:colcon.colcon_core.package_selection:Skipping not selected package 'agv_lidar' in 'src/agv_lidar'
[1.496s] Level 1:colcon.colcon_core.package_discovery:discover_packages(prefix_path) check parameters
[1.496s] Level 1:colcon.colcon_core.package_discovery:discover_packages(prefix_path) discover
[1.508s] DEBUG:colcon.colcon_installed_package_information.package_discovery:Found 6 installed packages in /home/pi/agv_project/ros2_ws/install
[1.510s] DEBUG:colcon.colcon_installed_package_information.package_discovery:Found 1 installed packages in /home/pi/ldlidar_ros2_ws/install
[1.519s] DEBUG:colcon.colcon_installed_package_information.package_discovery:Found 211 installed packages in /opt/ros/humble
[1.525s] Level 1:colcon.colcon_core.package_discovery:discover_packages(prefix_path) using defaults
[1.717s] Level 5:colcon.colcon_core.verb:set package 'agv_bridge' build argument 'cmake_args' from command line to 'None'
[1.717s] Level 5:colcon.colcon_core.verb:set package 'agv_bridge' build argument 'cmake_target' from command line to 'None'
[1.717s] Level 5:colcon.colcon_core.verb:set package 'agv_bridge' build argument 'cmake_target_skip_unavailable' from command line to 'False'
[1.717s] Level 5:colcon.colcon_core.verb:set package 'agv_bridge' build argument 'cmake_clean_cache' from command line to 'False'
[1.718s] Level 5:colcon.colcon_core.verb:set package 'agv_bridge' build argument 'cmake_clean_first' from command line to 'False'
[1.718s] Level 5:colcon.colcon_core.verb:set package 'agv_bridge' build argument 'cmake_force_configure' from command line to 'False'
[1.718s] Level 5:colcon.colcon_core.verb:set package 'agv_bridge' build argument 'ament_cmake_args' from command line to 'None'
[1.718s] Level 5:colcon.colcon_core.verb:set package 'agv_bridge' build argument 'catkin_cmake_args' from command line to 'None'
[1.718s] Level 5:colcon.colcon_core.verb:set package 'agv_bridge' build argument 'catkin_skip_building_tests' from command line to 'False'
[1.719s] DEBUG:colcon.colcon_core.verb:Building package 'agv_bridge' with the following arguments: {'ament_cmake_args': None, 'build_base': '/home/pi/agv_project/ros2_ws/build/agv_bridge', 'catkin_cmake_args': None, 'catkin_skip_building_tests': False, 'cmake_args': None, 'cmake_clean_cache': False, 'cmake_clean_first': False, 'cmake_force_configure': False, 'cmake_target': None, 'cmake_target_skip_unavailable': False, 'install_base': '/home/pi/agv_project/ros2_ws/install/agv_bridge', 'merge_install': False, 'path': '/home/pi/agv_project/ros2_ws/src/agv_bridge', 'symlink_install': False, 'test_result_base': None}
[1.719s] INFO:colcon.colcon_core.executor:Executing jobs using 'parallel' executor
[1.723s] DEBUG:colcon.colcon_parallel_executor.executor.parallel:run_until_complete
[1.724s] INFO:colcon.colcon_ros.task.ament_python.build:Building ROS package in '/home/pi/agv_project/ros2_ws/src/agv_bridge' with build type 'ament_python'
[1.725s] Level 1:colcon.colcon_core.shell:create_environment_hook('agv_bridge', 'ament_prefix_path')
[1.738s] INFO:colcon.colcon_core.plugin_system:Skipping extension 'colcon_core.shell.bat': Not used on non-Windows systems
[1.739s] INFO:colcon.colcon_core.shell:Creating environment hook '/home/pi/agv_project/ros2_ws/install/agv_bridge/share/agv_bridge/hook/ament_prefix_path.ps1'
[1.743s] INFO:colcon.colcon_core.shell:Creating environment descriptor '/home/pi/agv_project/ros2_ws/install/agv_bridge/share/agv_bridge/hook/ament_prefix_path.dsv'
[1.745s] INFO:colcon.colcon_core.shell:Creating environment hook '/home/pi/agv_project/ros2_ws/install/agv_bridge/share/agv_bridge/hook/ament_prefix_path.sh'
[1.750s] INFO:colcon.colcon_core.shell:Skip shell extension 'powershell' for command environment: Not usable outside of PowerShell
[1.750s] DEBUG:colcon.colcon_core.shell:Skip shell extension 'dsv' for command environment
[2.997s] INFO:colcon.colcon_core.task.python.build:Building Python package in '/home/pi/agv_project/ros2_ws/src/agv_bridge'
[2.998s] INFO:colcon.colcon_core.shell:Skip shell extension 'powershell' for command environment: Not usable outside of PowerShell
[2.999s] DEBUG:colcon.colcon_core.shell:Skip shell extension 'dsv' for command environment
[4.732s] DEBUG:colcon.colcon_core.event_handler.log_command:Invoking command in '/home/pi/agv_project/ros2_ws/src/agv_bridge': PYTHONPATH=/home/pi/agv_project/ros2_ws/build/agv_bridge/prefix_override:/usr/lib/python3/dist-packages/colcon_core/task/python/colcon_distutils_commands:/home/pi/agv_project/ros2_ws/install/agv_bridge/lib/python3.10/site-packages:${PYTHONPATH} /usr/bin/python3 -W ignore:setup.py install is deprecated -W ignore:easy_install command is deprecated setup.py egg_info --egg-base ../../build/agv_bridge build --build-base /home/pi/agv_project/ros2_ws/build/agv_bridge/build install --record /home/pi/agv_project/ros2_ws/build/agv_bridge/install.log --single-version-externally-managed install_data
[6.125s] DEBUG:colcon.colcon_core.event_handler.log_command:Invoked command in '/home/pi/agv_project/ros2_ws/src/agv_bridge' returned '0': PYTHONPATH=/home/pi/agv_project/ros2_ws/build/agv_bridge/prefix_override:/usr/lib/python3/dist-packages/colcon_core/task/python/colcon_distutils_commands:/home/pi/agv_project/ros2_ws/install/agv_bridge/lib/python3.10/site-packages:${PYTHONPATH} /usr/bin/python3 -W ignore:setup.py install is deprecated -W ignore:easy_install command is deprecated setup.py egg_info --egg-base ../../build/agv_bridge build --build-base /home/pi/agv_project/ros2_ws/build/agv_bridge/build install --record /home/pi/agv_project/ros2_ws/build/agv_bridge/install.log --single-version-externally-managed install_data
[6.137s] Level 1:colcon.colcon_core.environment:checking '/home/pi/agv_project/ros2_ws/install/agv_bridge' for CMake module files
[6.140s] Level 1:colcon.colcon_core.environment:checking '/home/pi/agv_project/ros2_ws/install/agv_bridge' for CMake config files
[6.145s] Level 1:colcon.colcon_core.environment:checking '/home/pi/agv_project/ros2_ws/install/agv_bridge/lib'
[6.146s] Level 1:colcon.colcon_core.environment:checking '/home/pi/agv_project/ros2_ws/install/agv_bridge/bin'
[6.146s] Level 1:colcon.colcon_core.environment:checking '/home/pi/agv_project/ros2_ws/install/agv_bridge/lib/pkgconfig/agv_bridge.pc'
[6.147s] Level 1:colcon.colcon_core.environment:checking '/home/pi/agv_project/ros2_ws/install/agv_bridge/lib/python3.10/site-packages'
[6.148s] Level 1:colcon.colcon_core.shell:create_environment_hook('agv_bridge', 'pythonpath')
[6.149s] INFO:colcon.colcon_core.shell:Creating environment hook '/home/pi/agv_project/ros2_ws/install/agv_bridge/share/agv_bridge/hook/pythonpath.ps1'
[6.151s] INFO:colcon.colcon_core.shell:Creating environment descriptor '/home/pi/agv_project/ros2_ws/install/agv_bridge/share/agv_bridge/hook/pythonpath.dsv'
[6.154s] INFO:colcon.colcon_core.shell:Creating environment hook '/home/pi/agv_project/ros2_ws/install/agv_bridge/share/agv_bridge/hook/pythonpath.sh'
[6.158s] Level 1:colcon.colcon_core.environment:checking '/home/pi/agv_project/ros2_ws/install/agv_bridge/bin'
[6.159s] Level 1:colcon.colcon_core.environment:create_environment_scripts_only(agv_bridge)
[6.160s] INFO:colcon.colcon_core.shell:Creating package script '/home/pi/agv_project/ros2_ws/install/agv_bridge/share/agv_bridge/package.ps1'
[6.166s] INFO:colcon.colcon_core.shell:Creating package descriptor '/home/pi/agv_project/ros2_ws/install/agv_bridge/share/agv_bridge/package.dsv'
[6.169s] INFO:colcon.colcon_core.shell:Creating package script '/home/pi/agv_project/ros2_ws/install/agv_bridge/share/agv_bridge/package.sh'
[6.173s] INFO:colcon.colcon_core.shell:Creating package script '/home/pi/agv_project/ros2_ws/install/agv_bridge/share/agv_bridge/package.bash'
[6.178s] INFO:colcon.colcon_core.shell:Creating package script '/home/pi/agv_project/ros2_ws/install/agv_bridge/share/agv_bridge/package.zsh'
[6.182s] Level 1:colcon.colcon_core.environment:create_file_with_runtime_dependencies(/home/pi/agv_project/ros2_ws/install/agv_bridge/share/colcon-core/packages/agv_bridge)
[6.184s] DEBUG:colcon.colcon_parallel_executor.executor.parallel:closing loop
[6.185s] DEBUG:colcon.colcon_parallel_executor.executor.parallel:loop closed
[6.186s] DEBUG:colcon.colcon_parallel_executor.executor.parallel:run_until_complete finished with '0'
[6.187s] DEBUG:colcon.colcon_core.event_reactor:joining thread
[6.189s] DEBUG:colcon.colcon_core.event_reactor:joined thread
[6.191s] INFO:colcon.colcon_core.shell:Creating prefix script '/home/pi/agv_project/ros2_ws/install/local_setup.ps1'
[6.196s] INFO:colcon.colcon_core.shell:Creating prefix util module '/home/pi/agv_project/ros2_ws/install/_local_setup_util_ps1.py'
[6.204s] INFO:colcon.colcon_core.shell:Creating prefix chain script '/home/pi/agv_project/ros2_ws/install/setup.ps1'
[6.212s] INFO:colcon.colcon_core.shell:Creating prefix script '/home/pi/agv_project/ros2_ws/install/local_setup.sh'
[6.215s] INFO:colcon.colcon_core.shell:Creating prefix util module '/home/pi/agv_project/ros2_ws/install/_local_setup_util_sh.py'
[6.219s] INFO:colcon.colcon_core.shell:Creating prefix chain script '/home/pi/agv_project/ros2_ws/install/setup.sh'
[6.227s] INFO:colcon.colcon_core.shell:Creating prefix script '/home/pi/agv_project/ros2_ws/install/local_setup.bash'
[6.230s] INFO:colcon.colcon_core.shell:Creating prefix chain script '/home/pi/agv_project/ros2_ws/install/setup.bash'
[6.237s] INFO:colcon.colcon_core.shell:Creating prefix script '/home/pi/agv_project/ros2_ws/install/local_setup.zsh'
[6.240s] INFO:colcon.colcon_core.shell:Creating prefix chain script '/home/pi/agv_project/ros2_ws/install/setup.zsh'
