[0.816s] DEBUG:colcon:Command line arguments: ['/usr/bin/colcon', 'build', '--packages-select', 'agv_bridge']
[0.816s] DEBUG:colcon:Parsed command line arguments: Namespace(log_base=None, log_level=None, verb_name='build', build_base='build', install_base='install', merge_install=False, symlink_install=False, test_result_base=None, continue_on_error=False, executor='parallel', parallel_workers=4, event_handlers=None, ignore_user_meta=False, metas=['./colcon.meta'], base_paths=['.'], packages_ignore=None, packages_ignore_regex=None, paths=None, packages_up_to=None, packages_up_to_regex=None, packages_above=None, packages_above_and_dependencies=None, packages_above_depth=None, packages_select_by_dep=None, packages_skip_by_dep=None, packages_skip_up_to=None, packages_select_build_failed=False, packages_skip_build_finished=False, packages_select_test_failures=False, packages_skip_test_passed=False, packages_select=['agv_bridge'], packages_skip=None, packages_select_regex=None, packages_skip_regex=None, packages_start=None, packages_end=None, allow_overriding=[], cmake_args=None, cmake_target=None, cmake_target_skip_unavailable=False, cmake_clean_cache=False, cmake_clean_first=False, cmake_force_configure=False, ament_cmake_args=None, catkin_cmake_args=None, catkin_skip_building_tests=False, verb_parser=<colcon_defaults.argument_parser.defaults.DefaultArgumentsDecorator object at 0xffffb0eca650>, verb_extension=<colcon_core.verb.build.BuildVerb object at 0xffffb0fdbb20>, main=<bound method BuildVerb.main of <colcon_core.verb.build.BuildVerb object at 0xffffb0fdbb20>>)
[2.093s] Level 1:colcon.colcon_core.package_discovery:discover_packages(colcon_meta) check parameters
[2.094s] Level 1:colcon.colcon_core.package_discovery:discover_packages(recursive) check parameters
[2.095s] Level 1:colcon.colcon_core.package_discovery:discover_packages(ignore) check parameters
[2.096s] Level 1:colcon.colcon_core.package_discovery:discover_packages(path) check parameters
[2.097s] Level 1:colcon.colcon_core.package_discovery:discover_packages(colcon_meta) discover
[2.097s] Level 1:colcon.colcon_core.package_discovery:discover_packages(recursive) discover
[2.098s] INFO:colcon.colcon_core.package_discovery:Crawling recursively for packages in '/home/pi/agv_project/ros2_ws'
[2.102s] Level 1:colcon.colcon_core.package_identification:_identify(.) by extensions ['ignore', 'ignore_ament_install']
[2.104s] Level 1:colcon.colcon_core.package_identification:_identify(.) by extension 'ignore'
[2.105s] Level 1:colcon.colcon_core.package_identification:_identify(.) by extension 'ignore_ament_install'
[2.106s] Level 1:colcon.colcon_core.package_identification:_identify(.) by extensions ['colcon_pkg']
[2.107s] Level 1:colcon.colcon_core.package_identification:_identify(.) by extension 'colcon_pkg'
[2.108s] Level 1:colcon.colcon_core.package_identification:_identify(.) by extensions ['colcon_meta']
[2.108s] Level 1:colcon.colcon_core.package_identification:_identify(.) by extension 'colcon_meta'
[2.109s] Level 1:colcon.colcon_core.package_identification:_identify(.) by extensions ['ros']
[2.110s] Level 1:colcon.colcon_core.package_identification:_identify(.) by extension 'ros'
[2.210s] Level 1:colcon.colcon_core.package_identification:_identify(.) by extensions ['cmake', 'python']
[2.211s] Level 1:colcon.colcon_core.package_identification:_identify(.) by extension 'cmake'
[2.214s] Level 1:colcon.colcon_core.package_identification:_identify(.) by extension 'python'
[2.215s] Level 1:colcon.colcon_core.package_identification:_identify(.) by extensions ['python_setup_py']
[2.216s] Level 1:colcon.colcon_core.package_identification:_identify(.) by extension 'python_setup_py'
[2.217s] Level 1:colcon.colcon_core.package_identification:_identify(build) by extensions ['ignore', 'ignore_ament_install']
[2.220s] Level 1:colcon.colcon_core.package_identification:_identify(build) by extension 'ignore'
[2.221s] Level 1:colcon.colcon_core.package_identification:_identify(build) ignored
[2.222s] Level 1:colcon.colcon_core.package_identification:_identify(install) by extensions ['ignore', 'ignore_ament_install']
[2.224s] Level 1:colcon.colcon_core.package_identification:_identify(install) by extension 'ignore'
[2.224s] Level 1:colcon.colcon_core.package_identification:_identify(install) ignored
[2.226s] Level 1:colcon.colcon_core.package_identification:_identify(ldlidar_ws) by extensions ['ignore', 'ignore_ament_install']
[2.227s] Level 1:colcon.colcon_core.package_identification:_identify(ldlidar_ws) by extension 'ignore'
[2.227s] Level 1:colcon.colcon_core.package_identification:_identify(ldlidar_ws) by extension 'ignore_ament_install'
[2.228s] Level 1:colcon.colcon_core.package_identification:_identify(ldlidar_ws) by extensions ['colcon_pkg']
[2.228s] Level 1:colcon.colcon_core.package_identification:_identify(ldlidar_ws) by extension 'colcon_pkg'
[2.229s] Level 1:colcon.colcon_core.package_identification:_identify(ldlidar_ws) by extensions ['colcon_meta']
[2.230s] Level 1:colcon.colcon_core.package_identification:_identify(ldlidar_ws) by extension 'colcon_meta'
[2.230s] Level 1:colcon.colcon_core.package_identification:_identify(ldlidar_ws) by extensions ['ros']
[2.231s] Level 1:colcon.colcon_core.package_identification:_identify(ldlidar_ws) by extension 'ros'
[2.232s] Level 1:colcon.colcon_core.package_identification:_identify(ldlidar_ws) by extensions ['cmake', 'python']
[2.233s] Level 1:colcon.colcon_core.package_identification:_identify(ldlidar_ws) by extension 'cmake'
[2.233s] Level 1:colcon.colcon_core.package_identification:_identify(ldlidar_ws) by extension 'python'
[2.234s] Level 1:colcon.colcon_core.package_identification:_identify(ldlidar_ws) by extensions ['python_setup_py']
[2.234s] Level 1:colcon.colcon_core.package_identification:_identify(ldlidar_ws) by extension 'python_setup_py'
[2.236s] Level 1:colcon.colcon_core.package_identification:_identify(ldlidar_ws/ldlidar_sl_sdk) by extensions ['ignore', 'ignore_ament_install']
[2.236s] Level 1:colcon.colcon_core.package_identification:_identify(ldlidar_ws/ldlidar_sl_sdk) by extension 'ignore'
[2.237s] Level 1:colcon.colcon_core.package_identification:_identify(ldlidar_ws/ldlidar_sl_sdk) by extension 'ignore_ament_install'
[2.238s] Level 1:colcon.colcon_core.package_identification:_identify(ldlidar_ws/ldlidar_sl_sdk) by extensions ['colcon_pkg']
[2.241s] Level 1:colcon.colcon_core.package_identification:_identify(ldlidar_ws/ldlidar_sl_sdk) by extension 'colcon_pkg'
[2.242s] Level 1:colcon.colcon_core.package_identification:_identify(ldlidar_ws/ldlidar_sl_sdk) by extensions ['colcon_meta']
[2.243s] Level 1:colcon.colcon_core.package_identification:_identify(ldlidar_ws/ldlidar_sl_sdk) by extension 'colcon_meta'
[2.247s] Level 1:colcon.colcon_core.package_identification:_identify(ldlidar_ws/ldlidar_sl_sdk) by extensions ['ros']
[2.248s] Level 1:colcon.colcon_core.package_identification:_identify(ldlidar_ws/ldlidar_sl_sdk) by extension 'ros'
[2.249s] Level 1:colcon.colcon_core.package_identification:_identify(ldlidar_ws/ldlidar_sl_sdk) by extensions ['cmake', 'python']
[2.250s] Level 1:colcon.colcon_core.package_identification:_identify(ldlidar_ws/ldlidar_sl_sdk) by extension 'cmake'
[2.273s] Level 1:colcon.colcon_core.package_identification:_identify(ldlidar_ws/ldlidar_sl_sdk) by extension 'python'
[2.275s] DEBUG:colcon.colcon_core.package_identification:Package 'ldlidar_ws/ldlidar_sl_sdk' with type 'cmake' and name 'ldlidar_sl'
[2.277s] Level 1:colcon.colcon_core.package_identification:_identify(log) by extensions ['ignore', 'ignore_ament_install']
[2.278s] Level 1:colcon.colcon_core.package_identification:_identify(log) by extension 'ignore'
[2.280s] Level 1:colcon.colcon_core.package_identification:_identify(log) ignored
[2.282s] Level 1:colcon.colcon_core.package_identification:_identify(src) by extensions ['ignore', 'ignore_ament_install']
[2.283s] Level 1:colcon.colcon_core.package_identification:_identify(src) by extension 'ignore'
[2.284s] Level 1:colcon.colcon_core.package_identification:_identify(src) by extension 'ignore_ament_install'
[2.286s] Level 1:colcon.colcon_core.package_identification:_identify(src) by extensions ['colcon_pkg']
[2.287s] Level 1:colcon.colcon_core.package_identification:_identify(src) by extension 'colcon_pkg'
[2.288s] Level 1:colcon.colcon_core.package_identification:_identify(src) by extensions ['colcon_meta']
[2.289s] Level 1:colcon.colcon_core.package_identification:_identify(src) by extension 'colcon_meta'
[2.291s] Level 1:colcon.colcon_core.package_identification:_identify(src) by extensions ['ros']
[2.292s] Level 1:colcon.colcon_core.package_identification:_identify(src) by extension 'ros'
[2.293s] Level 1:colcon.colcon_core.package_identification:_identify(src) by extensions ['cmake', 'python']
[2.294s] Level 1:colcon.colcon_core.package_identification:_identify(src) by extension 'cmake'
[2.296s] Level 1:colcon.colcon_core.package_identification:_identify(src) by extension 'python'
[2.297s] Level 1:colcon.colcon_core.package_identification:_identify(src) by extensions ['python_setup_py']
[2.298s] Level 1:colcon.colcon_core.package_identification:_identify(src) by extension 'python_setup_py'
[2.299s] Level 1:colcon.colcon_core.package_identification:_identify(src/agv_bridge) by extensions ['ignore', 'ignore_ament_install']
[2.301s] Level 1:colcon.colcon_core.package_identification:_identify(src/agv_bridge) by extension 'ignore'
[2.302s] Level 1:colcon.colcon_core.package_identification:_identify(src/agv_bridge) by extension 'ignore_ament_install'
[2.305s] Level 1:colcon.colcon_core.package_identification:_identify(src/agv_bridge) by extensions ['colcon_pkg']
[2.305s] Level 1:colcon.colcon_core.package_identification:_identify(src/agv_bridge) by extension 'colcon_pkg'
[2.306s] Level 1:colcon.colcon_core.package_identification:_identify(src/agv_bridge) by extensions ['colcon_meta']
[2.307s] Level 1:colcon.colcon_core.package_identification:_identify(src/agv_bridge) by extension 'colcon_meta'
[2.308s] Level 1:colcon.colcon_core.package_identification:_identify(src/agv_bridge) by extensions ['ros']
[2.308s] Level 1:colcon.colcon_core.package_identification:_identify(src/agv_bridge) by extension 'ros'
[2.332s] DEBUG:colcon.colcon_core.package_identification:Package 'src/agv_bridge' with type 'ros.ament_python' and name 'agv_bridge'
[2.334s] Level 1:colcon.colcon_core.package_identification:_identify(src/agv_bringup) by extensions ['ignore', 'ignore_ament_install']
[2.335s] Level 1:colcon.colcon_core.package_identification:_identify(src/agv_bringup) by extension 'ignore'
[2.336s] Level 1:colcon.colcon_core.package_identification:_identify(src/agv_bringup) by extension 'ignore_ament_install'
[2.337s] Level 1:colcon.colcon_core.package_identification:_identify(src/agv_bringup) by extensions ['colcon_pkg']
[2.338s] Level 1:colcon.colcon_core.package_identification:_identify(src/agv_bringup) by extension 'colcon_pkg'
[2.341s] Level 1:colcon.colcon_core.package_identification:_identify(src/agv_bringup) by extensions ['colcon_meta']
[2.343s] Level 1:colcon.colcon_core.package_identification:_identify(src/agv_bringup) by extension 'colcon_meta'
[2.345s] Level 1:colcon.colcon_core.package_identification:_identify(src/agv_bringup) by extensions ['ros']
[2.347s] Level 1:colcon.colcon_core.package_identification:_identify(src/agv_bringup) by extension 'ros'
[2.353s] DEBUG:colcon.colcon_core.package_identification:Package 'src/agv_bringup' with type 'ros.ament_cmake' and name 'agv_bringup'
[2.356s] Level 1:colcon.colcon_core.package_identification:_identify(src/agv_description) by extensions ['ignore', 'ignore_ament_install']
[2.358s] Level 1:colcon.colcon_core.package_identification:_identify(src/agv_description) by extension 'ignore'
[2.359s] Level 1:colcon.colcon_core.package_identification:_identify(src/agv_description) by extension 'ignore_ament_install'
[2.359s] Level 1:colcon.colcon_core.package_identification:_identify(src/agv_description) by extensions ['colcon_pkg']
[2.360s] Level 1:colcon.colcon_core.package_identification:_identify(src/agv_description) by extension 'colcon_pkg'
[2.360s] Level 1:colcon.colcon_core.package_identification:_identify(src/agv_description) by extensions ['colcon_meta']
[2.361s] Level 1:colcon.colcon_core.package_identification:_identify(src/agv_description) by extension 'colcon_meta'
[2.362s] Level 1:colcon.colcon_core.package_identification:_identify(src/agv_description) by extensions ['ros']
[2.362s] Level 1:colcon.colcon_core.package_identification:_identify(src/agv_description) by extension 'ros'
[2.369s] DEBUG:colcon.colcon_core.package_identification:Package 'src/agv_description' with type 'ros.ament_cmake' and name 'agv_description'
[2.370s] Level 1:colcon.colcon_core.package_identification:_identify(src/agv_lidar) by extensions ['ignore', 'ignore_ament_install']
[2.372s] Level 1:colcon.colcon_core.package_identification:_identify(src/agv_lidar) by extension 'ignore'
[2.373s] Level 1:colcon.colcon_core.package_identification:_identify(src/agv_lidar) by extension 'ignore_ament_install'
[2.374s] Level 1:colcon.colcon_core.package_identification:_identify(src/agv_lidar) by extensions ['colcon_pkg']
[2.374s] Level 1:colcon.colcon_core.package_identification:_identify(src/agv_lidar) by extension 'colcon_pkg'
[2.375s] Level 1:colcon.colcon_core.package_identification:_identify(src/agv_lidar) by extensions ['colcon_meta']
[2.375s] Level 1:colcon.colcon_core.package_identification:_identify(src/agv_lidar) by extension 'colcon_meta'
[2.379s] Level 1:colcon.colcon_core.package_identification:_identify(src/agv_lidar) by extensions ['ros']
[2.380s] Level 1:colcon.colcon_core.package_identification:_identify(src/agv_lidar) by extension 'ros'
[2.384s] DEBUG:colcon.colcon_core.package_identification:Package 'src/agv_lidar' with type 'ros.ament_cmake' and name 'agv_lidar'
[2.386s] Level 1:colcon.colcon_core.package_identification:_identify(src/ldlidar_sl_ros2) by extensions ['ignore', 'ignore_ament_install']
[2.387s] Level 1:colcon.colcon_core.package_identification:_identify(src/ldlidar_sl_ros2) by extension 'ignore'
[2.388s] Level 1:colcon.colcon_core.package_identification:_identify(src/ldlidar_sl_ros2) by extension 'ignore_ament_install'
[2.389s] Level 1:colcon.colcon_core.package_identification:_identify(src/ldlidar_sl_ros2) by extensions ['colcon_pkg']
[2.390s] Level 1:colcon.colcon_core.package_identification:_identify(src/ldlidar_sl_ros2) by extension 'colcon_pkg'
[2.391s] Level 1:colcon.colcon_core.package_identification:_identify(src/ldlidar_sl_ros2) by extensions ['colcon_meta']
[2.392s] Level 1:colcon.colcon_core.package_identification:_identify(src/ldlidar_sl_ros2) by extension 'colcon_meta'
[2.392s] Level 1:colcon.colcon_core.package_identification:_identify(src/ldlidar_sl_ros2) by extensions ['ros']
[2.393s] Level 1:colcon.colcon_core.package_identification:_identify(src/ldlidar_sl_ros2) by extension 'ros'
[2.398s] DEBUG:colcon.colcon_core.package_identification:Package 'src/ldlidar_sl_ros2' with type 'ros.ament_cmake' and name 'ldlidar_sl_ros2'
[2.399s] Level 1:colcon.colcon_core.package_discovery:discover_packages(recursive) using defaults
[2.399s] Level 1:colcon.colcon_core.package_discovery:discover_packages(ignore) discover
[2.400s] Level 1:colcon.colcon_core.package_discovery:discover_packages(ignore) using defaults
[2.401s] Level 1:colcon.colcon_core.package_discovery:discover_packages(path) discover
[2.401s] Level 1:colcon.colcon_core.package_discovery:discover_packages(path) using defaults
[2.547s] INFO:colcon.colcon_core.package_selection:Skipping not selected package 'agv_description' in 'src/agv_description'
[2.547s] INFO:colcon.colcon_core.package_selection:Skipping not selected package 'ldlidar_sl' in 'ldlidar_ws/ldlidar_sl_sdk'
[2.548s] INFO:colcon.colcon_core.package_selection:Skipping not selected package 'ldlidar_sl_ros2' in 'src/ldlidar_sl_ros2'
[2.548s] INFO:colcon.colcon_core.package_selection:Skipping not selected package 'agv_lidar' in 'src/agv_lidar'
[2.548s] INFO:colcon.colcon_core.package_selection:Skipping not selected package 'agv_bringup' in 'src/agv_bringup'
[2.551s] Level 1:colcon.colcon_core.package_discovery:discover_packages(prefix_path) check parameters
[2.551s] Level 1:colcon.colcon_core.package_discovery:discover_packages(prefix_path) discover
[2.566s] DEBUG:colcon.colcon_installed_package_information.package_discovery:Found 1 installed packages in /home/pi/ldlidar_ros2_ws/install
[2.577s] DEBUG:colcon.colcon_installed_package_information.package_discovery:Found 248 installed packages in /opt/ros/humble
[2.591s] Level 1:colcon.colcon_core.package_discovery:discover_packages(prefix_path) using defaults
[2.982s] Level 5:colcon.colcon_core.verb:set package 'agv_bridge' build argument 'cmake_args' from command line to 'None'
[2.983s] Level 5:colcon.colcon_core.verb:set package 'agv_bridge' build argument 'cmake_target' from command line to 'None'
[2.983s] Level 5:colcon.colcon_core.verb:set package 'agv_bridge' build argument 'cmake_target_skip_unavailable' from command line to 'False'
[2.984s] Level 5:colcon.colcon_core.verb:set package 'agv_bridge' build argument 'cmake_clean_cache' from command line to 'False'
[2.985s] Level 5:colcon.colcon_core.verb:set package 'agv_bridge' build argument 'cmake_clean_first' from command line to 'False'
[2.986s] Level 5:colcon.colcon_core.verb:set package 'agv_bridge' build argument 'cmake_force_configure' from command line to 'False'
[2.987s] Level 5:colcon.colcon_core.verb:set package 'agv_bridge' build argument 'ament_cmake_args' from command line to 'None'
[2.987s] Level 5:colcon.colcon_core.verb:set package 'agv_bridge' build argument 'catkin_cmake_args' from command line to 'None'
[2.988s] Level 5:colcon.colcon_core.verb:set package 'agv_bridge' build argument 'catkin_skip_building_tests' from command line to 'False'
[2.989s] DEBUG:colcon.colcon_core.verb:Building package 'agv_bridge' with the following arguments: {'ament_cmake_args': None, 'build_base': '/home/pi/agv_project/ros2_ws/build/agv_bridge', 'catkin_cmake_args': None, 'catkin_skip_building_tests': False, 'cmake_args': None, 'cmake_clean_cache': False, 'cmake_clean_first': False, 'cmake_force_configure': False, 'cmake_target': None, 'cmake_target_skip_unavailable': False, 'install_base': '/home/pi/agv_project/ros2_ws/install/agv_bridge', 'merge_install': False, 'path': '/home/pi/agv_project/ros2_ws/src/agv_bridge', 'symlink_install': False, 'test_result_base': None}
[2.991s] INFO:colcon.colcon_core.executor:Executing jobs using 'parallel' executor
[2.998s] DEBUG:colcon.colcon_parallel_executor.executor.parallel:run_until_complete
[3.001s] INFO:colcon.colcon_ros.task.ament_python.build:Building ROS package in '/home/pi/agv_project/ros2_ws/src/agv_bridge' with build type 'ament_python'
[3.002s] Level 1:colcon.colcon_core.shell:create_environment_hook('agv_bridge', 'ament_prefix_path')
[3.021s] INFO:colcon.colcon_core.plugin_system:Skipping extension 'colcon_core.shell.bat': Not used on non-Windows systems
[3.023s] INFO:colcon.colcon_core.shell:Creating environment hook '/home/pi/agv_project/ros2_ws/install/agv_bridge/share/agv_bridge/hook/ament_prefix_path.ps1'
[3.029s] INFO:colcon.colcon_core.shell:Creating environment descriptor '/home/pi/agv_project/ros2_ws/install/agv_bridge/share/agv_bridge/hook/ament_prefix_path.dsv'
[3.033s] INFO:colcon.colcon_core.shell:Creating environment hook '/home/pi/agv_project/ros2_ws/install/agv_bridge/share/agv_bridge/hook/ament_prefix_path.sh'
[3.038s] INFO:colcon.colcon_core.shell:Skip shell extension 'powershell' for command environment: Not usable outside of PowerShell
[3.038s] DEBUG:colcon.colcon_core.shell:Skip shell extension 'dsv' for command environment
[34.600s] INFO:colcon.colcon_core.task.python.build:Building Python package in '/home/pi/agv_project/ros2_ws/src/agv_bridge'
[34.602s] INFO:colcon.colcon_core.shell:Skip shell extension 'powershell' for command environment: Not usable outside of PowerShell
[34.602s] DEBUG:colcon.colcon_core.shell:Skip shell extension 'dsv' for command environment
[63.064s] DEBUG:colcon.colcon_core.event_handler.log_command:Invoking command in '/home/pi/agv_project/ros2_ws/src/agv_bridge': PYTHONPATH=/home/pi/agv_project/ros2_ws/build/agv_bridge/prefix_override:/usr/lib/python3/dist-packages/colcon_core/task/python/colcon_distutils_commands:/home/pi/agv_project/ros2_ws/install/agv_bridge/lib/python3.10/site-packages:${PYTHONPATH} /usr/bin/python3 -W ignore:setup.py install is deprecated -W ignore:easy_install command is deprecated setup.py egg_info --egg-base ../../build/agv_bridge build --build-base /home/pi/agv_project/ros2_ws/build/agv_bridge/build install --record /home/pi/agv_project/ros2_ws/build/agv_bridge/install.log --single-version-externally-managed install_data
[64.955s] DEBUG:colcon.colcon_core.event_handler.log_command:Invoked command in '/home/pi/agv_project/ros2_ws/src/agv_bridge' returned '0': PYTHONPATH=/home/pi/agv_project/ros2_ws/build/agv_bridge/prefix_override:/usr/lib/python3/dist-packages/colcon_core/task/python/colcon_distutils_commands:/home/pi/agv_project/ros2_ws/install/agv_bridge/lib/python3.10/site-packages:${PYTHONPATH} /usr/bin/python3 -W ignore:setup.py install is deprecated -W ignore:easy_install command is deprecated setup.py egg_info --egg-base ../../build/agv_bridge build --build-base /home/pi/agv_project/ros2_ws/build/agv_bridge/build install --record /home/pi/agv_project/ros2_ws/build/agv_bridge/install.log --single-version-externally-managed install_data
[64.971s] Level 1:colcon.colcon_core.environment:checking '/home/pi/agv_project/ros2_ws/install/agv_bridge' for CMake module files
[64.976s] Level 1:colcon.colcon_core.environment:checking '/home/pi/agv_project/ros2_ws/install/agv_bridge' for CMake config files
[64.983s] Level 1:colcon.colcon_core.environment:checking '/home/pi/agv_project/ros2_ws/install/agv_bridge/lib'
[64.984s] Level 1:colcon.colcon_core.environment:checking '/home/pi/agv_project/ros2_ws/install/agv_bridge/bin'
[64.985s] Level 1:colcon.colcon_core.environment:checking '/home/pi/agv_project/ros2_ws/install/agv_bridge/lib/pkgconfig/agv_bridge.pc'
[64.987s] Level 1:colcon.colcon_core.environment:checking '/home/pi/agv_project/ros2_ws/install/agv_bridge/lib/python3.10/site-packages'
[64.987s] Level 1:colcon.colcon_core.shell:create_environment_hook('agv_bridge', 'pythonpath')
[64.988s] INFO:colcon.colcon_core.shell:Creating environment hook '/home/pi/agv_project/ros2_ws/install/agv_bridge/share/agv_bridge/hook/pythonpath.ps1'
[64.992s] INFO:colcon.colcon_core.shell:Creating environment descriptor '/home/pi/agv_project/ros2_ws/install/agv_bridge/share/agv_bridge/hook/pythonpath.dsv'
[64.995s] INFO:colcon.colcon_core.shell:Creating environment hook '/home/pi/agv_project/ros2_ws/install/agv_bridge/share/agv_bridge/hook/pythonpath.sh'
[64.999s] Level 1:colcon.colcon_core.environment:checking '/home/pi/agv_project/ros2_ws/install/agv_bridge/bin'
[65.000s] Level 1:colcon.colcon_core.environment:create_environment_scripts_only(agv_bridge)
[65.002s] INFO:colcon.colcon_core.shell:Creating package script '/home/pi/agv_project/ros2_ws/install/agv_bridge/share/agv_bridge/package.ps1'
[65.011s] INFO:colcon.colcon_core.shell:Creating package descriptor '/home/pi/agv_project/ros2_ws/install/agv_bridge/share/agv_bridge/package.dsv'
[65.016s] INFO:colcon.colcon_core.shell:Creating package script '/home/pi/agv_project/ros2_ws/install/agv_bridge/share/agv_bridge/package.sh'
[65.022s] INFO:colcon.colcon_core.shell:Creating package script '/home/pi/agv_project/ros2_ws/install/agv_bridge/share/agv_bridge/package.bash'
[65.027s] INFO:colcon.colcon_core.shell:Creating package script '/home/pi/agv_project/ros2_ws/install/agv_bridge/share/agv_bridge/package.zsh'
[65.032s] Level 1:colcon.colcon_core.environment:create_file_with_runtime_dependencies(/home/pi/agv_project/ros2_ws/install/agv_bridge/share/colcon-core/packages/agv_bridge)
[65.036s] DEBUG:colcon.colcon_parallel_executor.executor.parallel:closing loop
[65.037s] DEBUG:colcon.colcon_parallel_executor.executor.parallel:loop closed
[65.037s] DEBUG:colcon.colcon_parallel_executor.executor.parallel:run_until_complete finished with '0'
[65.037s] DEBUG:colcon.colcon_core.event_reactor:joining thread
[65.038s] DEBUG:colcon.colcon_core.event_reactor:joined thread
[65.040s] INFO:colcon.colcon_core.shell:Creating prefix script '/home/pi/agv_project/ros2_ws/install/local_setup.ps1'
[65.047s] INFO:colcon.colcon_core.shell:Creating prefix util module '/home/pi/agv_project/ros2_ws/install/_local_setup_util_ps1.py'
[65.055s] INFO:colcon.colcon_core.shell:Creating prefix chain script '/home/pi/agv_project/ros2_ws/install/setup.ps1'
[65.064s] INFO:colcon.colcon_core.shell:Creating prefix script '/home/pi/agv_project/ros2_ws/install/local_setup.sh'
[65.068s] INFO:colcon.colcon_core.shell:Creating prefix util module '/home/pi/agv_project/ros2_ws/install/_local_setup_util_sh.py'
[65.072s] INFO:colcon.colcon_core.shell:Creating prefix chain script '/home/pi/agv_project/ros2_ws/install/setup.sh'
[65.078s] INFO:colcon.colcon_core.shell:Creating prefix script '/home/pi/agv_project/ros2_ws/install/local_setup.bash'
[65.082s] INFO:colcon.colcon_core.shell:Creating prefix chain script '/home/pi/agv_project/ros2_ws/install/setup.bash'
[65.089s] INFO:colcon.colcon_core.shell:Creating prefix script '/home/pi/agv_project/ros2_ws/install/local_setup.zsh'
[65.093s] INFO:colcon.colcon_core.shell:Creating prefix chain script '/home/pi/agv_project/ros2_ws/install/setup.zsh'
