[3.591s] Invoking command in '/home/pi/agv_project/ros2_ws/src/agv_bridge': PYTHONPATH=/home/pi/agv_project/ros2_ws/build/agv_bridge/prefix_override:/usr/lib/python3/dist-packages/colcon_core/task/python/colcon_distutils_commands:/home/pi/agv_project/ros2_ws/install/agv_bridge/lib/python3.10/site-packages:${PYTHONPATH} /usr/bin/python3 -W ignore:setup.py install is deprecated -W ignore:easy_install command is deprecated setup.py egg_info --egg-base ../../build/agv_bridge build --build-base /home/pi/agv_project/ros2_ws/build/agv_bridge/build install --record /home/pi/agv_project/ros2_ws/build/agv_bridge/install.log --single-version-externally-managed install_data
[4.705s] running egg_info
[4.708s] writing ../../build/agv_bridge/agv_bridge.egg-info/PKG-INFO
[4.710s] writing dependency_links to ../../build/agv_bridge/agv_bridge.egg-info/dependency_links.txt
[4.711s] writing entry points to ../../build/agv_bridge/agv_bridge.egg-info/entry_points.txt
[4.712s] writing requirements to ../../build/agv_bridge/agv_bridge.egg-info/requires.txt
[4.713s] writing top-level names to ../../build/agv_bridge/agv_bridge.egg-info/top_level.txt
[4.738s] reading manifest file '../../build/agv_bridge/agv_bridge.egg-info/SOURCES.txt'
[4.739s] writing manifest file '../../build/agv_bridge/agv_bridge.egg-info/SOURCES.txt'
[4.740s] running build
[4.741s] running build_py
[4.742s] running install
[4.743s] running install_lib
[4.744s] running install_data
[4.744s] copying launch/esp32_bridge.launch.py -> /home/pi/agv_project/ros2_ws/install/agv_bridge/share/agv_bridge/launch
[4.745s] running install_egg_info
[4.754s] removing '/home/pi/agv_project/ros2_ws/install/agv_bridge/lib/python3.10/site-packages/agv_bridge-0.0.0-py3.10.egg-info' (and everything under it)
[4.757s] Copying ../../build/agv_bridge/agv_bridge.egg-info to /home/pi/agv_project/ros2_ws/install/agv_bridge/lib/python3.10/site-packages/agv_bridge-0.0.0-py3.10.egg-info
[4.767s] running install_scripts
[4.858s] Installing esp32_bridge_odom script to /home/pi/agv_project/ros2_ws/install/agv_bridge/lib/agv_bridge
[4.860s] writing list of installed files to '/home/pi/agv_project/ros2_ws/build/agv_bridge/install.log'
[4.975s] Invoked command in '/home/pi/agv_project/ros2_ws/src/agv_bridge' returned '0': PYTHONPATH=/home/pi/agv_project/ros2_ws/build/agv_bridge/prefix_override:/usr/lib/python3/dist-packages/colcon_core/task/python/colcon_distutils_commands:/home/pi/agv_project/ros2_ws/install/agv_bridge/lib/python3.10/site-packages:${PYTHONPATH} /usr/bin/python3 -W ignore:setup.py install is deprecated -W ignore:easy_install command is deprecated setup.py egg_info --egg-base ../../build/agv_bridge build --build-base /home/pi/agv_project/ros2_ws/build/agv_bridge/build install --record /home/pi/agv_project/ros2_ws/build/agv_bridge/install.log --single-version-externally-managed install_data
