[0.063s] Invoking command in '/home/pi/agv_project/ros2_ws/build/ldlidar_sl_ros2': CMAKE_PREFIX_PATH=${CMAKE_PREFIX_PATH}:/opt/ros/humble /usr/bin/cmake --build /home/pi/agv_project/ros2_ws/build/ldlidar_sl_ros2 -- -j4 -l4
[0.353s] [100%] Built target ldlidar_sl_ros2_node
[0.399s] Invoked command in '/home/pi/agv_project/ros2_ws/build/ldlidar_sl_ros2' returned '0': CMAKE_PREFIX_PATH=${CMAKE_PREFIX_PATH}:/opt/ros/humble /usr/bin/cmake --build /home/pi/agv_project/ros2_ws/build/ldlidar_sl_ros2 -- -j4 -l4
[0.448s] Invoking command in '/home/pi/agv_project/ros2_ws/build/ldlidar_sl_ros2': CMAKE_PREFIX_PATH=${CMAKE_PREFIX_PATH}:/opt/ros/humble /usr/bin/cmake --install /home/pi/agv_project/ros2_ws/build/ldlidar_sl_ros2
[0.478s] -- Install configuration: ""
[0.480s] -- Up-to-date: /home/pi/agv_project/ros2_ws/install/ldlidar_sl_ros2/lib/ldlidar_sl_ros2/ldlidar_sl_ros2_node
[0.481s] -- Up-to-date: /home/pi/agv_project/ros2_ws/install/ldlidar_sl_ros2/share/ldlidar_sl_ros2//launch
[0.485s] -- Installing: /home/pi/agv_project/ros2_ws/install/ldlidar_sl_ros2/share/ldlidar_sl_ros2//launch/viewer_ld14p.launch.py
[0.488s] -- Installing: /home/pi/agv_project/ros2_ws/install/ldlidar_sl_ros2/share/ldlidar_sl_ros2//launch/viewer_ld14.launch.py
[0.490s] -- Installing: /home/pi/agv_project/ros2_ws/install/ldlidar_sl_ros2/share/ldlidar_sl_ros2//launch/ld14p.launch.py
[0.490s] -- Installing: /home/pi/agv_project/ros2_ws/install/ldlidar_sl_ros2/share/ldlidar_sl_ros2//launch/ld14.launch.py
[0.494s] -- Up-to-date: /home/pi/agv_project/ros2_ws/install/ldlidar_sl_ros2/share/ldlidar_sl_ros2//rviz2
[0.497s] -- Up-to-date: /home/pi/agv_project/ros2_ws/install/ldlidar_sl_ros2/share/ldlidar_sl_ros2//rviz2/ldlidar.rviz
[0.501s] -- Up-to-date: /home/pi/agv_project/ros2_ws/install/ldlidar_sl_ros2/share/ldlidar_sl_ros2//scripts
[0.502s] -- Up-to-date: /home/pi/agv_project/ros2_ws/install/ldlidar_sl_ros2/share/ldlidar_sl_ros2//scripts/ldlidar.rules
[0.506s] -- Up-to-date: /home/pi/agv_project/ros2_ws/install/ldlidar_sl_ros2/share/ldlidar_sl_ros2//scripts/create_udev_rules.sh
[0.507s] -- Up-to-date: /home/pi/agv_project/ros2_ws/install/ldlidar_sl_ros2/share/ldlidar_sl_ros2//scripts/delete_udev_rules.sh
[0.507s] -- Up-to-date: /home/pi/agv_project/ros2_ws/install/ldlidar_sl_ros2/share/ament_index/resource_index/package_run_dependencies/ldlidar_sl_ros2
[0.510s] -- Up-to-date: /home/pi/agv_project/ros2_ws/install/ldlidar_sl_ros2/share/ament_index/resource_index/parent_prefix_path/ldlidar_sl_ros2
[0.511s] -- Up-to-date: /home/pi/agv_project/ros2_ws/install/ldlidar_sl_ros2/share/ldlidar_sl_ros2/environment/ament_prefix_path.sh
[0.512s] -- Up-to-date: /home/pi/agv_project/ros2_ws/install/ldlidar_sl_ros2/share/ldlidar_sl_ros2/environment/ament_prefix_path.dsv
[0.512s] -- Up-to-date: /home/pi/agv_project/ros2_ws/install/ldlidar_sl_ros2/share/ldlidar_sl_ros2/environment/path.sh
[0.513s] -- Up-to-date: /home/pi/agv_project/ros2_ws/install/ldlidar_sl_ros2/share/ldlidar_sl_ros2/environment/path.dsv
[0.519s] -- Up-to-date: /home/pi/agv_project/ros2_ws/install/ldlidar_sl_ros2/share/ldlidar_sl_ros2/local_setup.bash
[0.522s] -- Up-to-date: /home/pi/agv_project/ros2_ws/install/ldlidar_sl_ros2/share/ldlidar_sl_ros2/local_setup.sh
[0.524s] -- Up-to-date: /home/pi/agv_project/ros2_ws/install/ldlidar_sl_ros2/share/ldlidar_sl_ros2/local_setup.zsh
[0.527s] -- Up-to-date: /home/pi/agv_project/ros2_ws/install/ldlidar_sl_ros2/share/ldlidar_sl_ros2/local_setup.dsv
[0.530s] -- Installing: /home/pi/agv_project/ros2_ws/install/ldlidar_sl_ros2/share/ldlidar_sl_ros2/package.dsv
[0.533s] -- Up-to-date: /home/pi/agv_project/ros2_ws/install/ldlidar_sl_ros2/share/ament_index/resource_index/packages/ldlidar_sl_ros2
[0.537s] -- Up-to-date: /home/pi/agv_project/ros2_ws/install/ldlidar_sl_ros2/share/ldlidar_sl_ros2/cmake/ldlidar_sl_ros2Config.cmake
[0.542s] -- Up-to-date: /home/pi/agv_project/ros2_ws/install/ldlidar_sl_ros2/share/ldlidar_sl_ros2/cmake/ldlidar_sl_ros2Config-version.cmake
[0.543s] -- Up-to-date: /home/pi/agv_project/ros2_ws/install/ldlidar_sl_ros2/share/ldlidar_sl_ros2/package.xml
[0.545s] Invoked command in '/home/pi/agv_project/ros2_ws/build/ldlidar_sl_ros2' returned '0': CMAKE_PREFIX_PATH=${CMAKE_PREFIX_PATH}:/opt/ros/humble /usr/bin/cmake --install /home/pi/agv_project/ros2_ws/build/ldlidar_sl_ros2
