[62.557s] Invoking command in '/home/pi/agv_project/ros2_ws/src/agv_bridge': PYTHONPATH=/home/pi/agv_project/ros2_ws/build/agv_bridge/prefix_override:/usr/lib/python3/dist-packages/colcon_core/task/python/colcon_distutils_commands:/home/pi/agv_project/ros2_ws/install/agv_bridge/lib/python3.10/site-packages:${PYTHONPATH} /usr/bin/python3 -W ignore:setup.py install is deprecated -W ignore:easy_install command is deprecated setup.py egg_info --egg-base ../../build/agv_bridge build --build-base /home/pi/agv_project/ros2_ws/build/agv_bridge/build install --record /home/pi/agv_project/ros2_ws/build/agv_bridge/install.log --single-version-externally-managed install_data
[64.336s] running egg_info
[64.342s] writing ../../build/agv_bridge/agv_bridge.egg-info/PKG-INFO
[64.344s] writing dependency_links to ../../build/agv_bridge/agv_bridge.egg-info/dependency_links.txt
[64.345s] writing entry points to ../../build/agv_bridge/agv_bridge.egg-info/entry_points.txt
[64.348s] writing requirements to ../../build/agv_bridge/agv_bridge.egg-info/requires.txt
[64.352s] writing top-level names to ../../build/agv_bridge/agv_bridge.egg-info/top_level.txt
[64.365s] reading manifest file '../../build/agv_bridge/agv_bridge.egg-info/SOURCES.txt'
[64.385s] writing manifest file '../../build/agv_bridge/agv_bridge.egg-info/SOURCES.txt'
[64.386s] running build
[64.400s] running build_py
[64.415s] copying agv_bridge/esp32_bridge_odom.py -> /home/pi/agv_project/ros2_ws/build/agv_bridge/build/lib/agv_bridge
[64.416s] running install
[64.417s] running install_lib
[64.418s] copying /home/pi/agv_project/ros2_ws/build/agv_bridge/build/lib/agv_bridge/esp32_bridge_odom.py -> /home/pi/agv_project/ros2_ws/install/agv_bridge/lib/python3.10/site-packages/agv_bridge
[64.419s] byte-compiling /home/pi/agv_project/ros2_ws/install/agv_bridge/lib/python3.10/site-packages/agv_bridge/esp32_bridge_odom.py to esp32_bridge_odom.cpython-310.pyc
[64.425s] running install_data
[64.426s] copying launch/esp32_bridge.launch.py -> /home/pi/agv_project/ros2_ws/install/agv_bridge/share/agv_bridge/launch
[64.430s] running install_egg_info
[64.431s] removing '/home/pi/agv_project/ros2_ws/install/agv_bridge/lib/python3.10/site-packages/agv_bridge-0.0.0-py3.10.egg-info' (and everything under it)
[64.432s] Copying ../../build/agv_bridge/agv_bridge.egg-info to /home/pi/agv_project/ros2_ws/install/agv_bridge/lib/python3.10/site-packages/agv_bridge-0.0.0-py3.10.egg-info
[64.438s] running install_scripts
[64.585s] Installing esp32_bridge_odom script to /home/pi/agv_project/ros2_ws/install/agv_bridge/lib/agv_bridge
[64.593s] writing list of installed files to '/home/pi/agv_project/ros2_ws/build/agv_bridge/install.log'
[90.074s] Invoked command in '/home/pi/agv_project/ros2_ws/src/agv_bridge' returned '0': PYTHONPATH=/home/pi/agv_project/ros2_ws/build/agv_bridge/prefix_override:/usr/lib/python3/dist-packages/colcon_core/task/python/colcon_distutils_commands:/home/pi/agv_project/ros2_ws/install/agv_bridge/lib/python3.10/site-packages:${PYTHONPATH} /usr/bin/python3 -W ignore:setup.py install is deprecated -W ignore:easy_install command is deprecated setup.py egg_info --egg-base ../../build/agv_bridge build --build-base /home/pi/agv_project/ros2_ws/build/agv_bridge/build install --record /home/pi/agv_project/ros2_ws/build/agv_bridge/install.log --single-version-externally-managed install_data
