[0.490s] DEBUG:colcon:Command line arguments: ['/usr/bin/colcon', 'build', '--packages-select', 'agv_bringup']
[0.491s] DEBUG:colcon:Parsed command line arguments: Namespace(log_base=None, log_level=None, verb_name='build', build_base='build', install_base='install', merge_install=False, symlink_install=False, test_result_base=None, continue_on_error=False, executor='parallel', parallel_workers=4, event_handlers=None, ignore_user_meta=False, metas=['./colcon.meta'], base_paths=['.'], packages_ignore=None, packages_ignore_regex=None, paths=None, packages_up_to=None, packages_up_to_regex=None, packages_above=None, packages_above_and_dependencies=None, packages_above_depth=None, packages_select_by_dep=None, packages_skip_by_dep=None, packages_skip_up_to=None, packages_select_build_failed=False, packages_skip_build_finished=False, packages_select_test_failures=False, packages_skip_test_passed=False, packages_select=['agv_bringup'], packages_skip=None, packages_select_regex=None, packages_skip_regex=None, packages_start=None, packages_end=None, allow_overriding=[], cmake_args=None, cmake_target=None, cmake_target_skip_unavailable=False, cmake_clean_cache=False, cmake_clean_first=False, cmake_force_configure=False, ament_cmake_args=None, catkin_cmake_args=None, catkin_skip_building_tests=False, verb_parser=<colcon_defaults.argument_parser.defaults.DefaultArgumentsDecorator object at 0xffffbd62e650>, verb_extension=<colcon_core.verb.build.BuildVerb object at 0xffffbd73bb20>, main=<bound method BuildVerb.main of <colcon_core.verb.build.BuildVerb object at 0xffffbd73bb20>>)
[1.289s] Level 1:colcon.colcon_core.package_discovery:discover_packages(colcon_meta) check parameters
[1.289s] Level 1:colcon.colcon_core.package_discovery:discover_packages(recursive) check parameters
[1.290s] Level 1:colcon.colcon_core.package_discovery:discover_packages(ignore) check parameters
[1.290s] Level 1:colcon.colcon_core.package_discovery:discover_packages(path) check parameters
[1.290s] Level 1:colcon.colcon_core.package_discovery:discover_packages(colcon_meta) discover
[1.290s] Level 1:colcon.colcon_core.package_discovery:discover_packages(recursive) discover
[1.291s] INFO:colcon.colcon_core.package_discovery:Crawling recursively for packages in '/home/pi/agv_project/ros2_ws'
[1.291s] Level 1:colcon.colcon_core.package_identification:_identify(.) by extensions ['ignore', 'ignore_ament_install']
[1.291s] Level 1:colcon.colcon_core.package_identification:_identify(.) by extension 'ignore'
[1.292s] Level 1:colcon.colcon_core.package_identification:_identify(.) by extension 'ignore_ament_install'
[1.292s] Level 1:colcon.colcon_core.package_identification:_identify(.) by extensions ['colcon_pkg']
[1.292s] Level 1:colcon.colcon_core.package_identification:_identify(.) by extension 'colcon_pkg'
[1.292s] Level 1:colcon.colcon_core.package_identification:_identify(.) by extensions ['colcon_meta']
[1.293s] Level 1:colcon.colcon_core.package_identification:_identify(.) by extension 'colcon_meta'
[1.293s] Level 1:colcon.colcon_core.package_identification:_identify(.) by extensions ['ros']
[1.293s] Level 1:colcon.colcon_core.package_identification:_identify(.) by extension 'ros'
[1.343s] Level 1:colcon.colcon_core.package_identification:_identify(.) by extensions ['cmake', 'python']
[1.344s] Level 1:colcon.colcon_core.package_identification:_identify(.) by extension 'cmake'
[1.344s] Level 1:colcon.colcon_core.package_identification:_identify(.) by extension 'python'
[1.344s] Level 1:colcon.colcon_core.package_identification:_identify(.) by extensions ['python_setup_py']
[1.344s] Level 1:colcon.colcon_core.package_identification:_identify(.) by extension 'python_setup_py'
[1.345s] Level 1:colcon.colcon_core.package_identification:_identify(build) by extensions ['ignore', 'ignore_ament_install']
[1.346s] Level 1:colcon.colcon_core.package_identification:_identify(build) by extension 'ignore'
[1.346s] Level 1:colcon.colcon_core.package_identification:_identify(build) ignored
[1.347s] Level 1:colcon.colcon_core.package_identification:_identify(install) by extensions ['ignore', 'ignore_ament_install']
[1.347s] Level 1:colcon.colcon_core.package_identification:_identify(install) by extension 'ignore'
[1.347s] Level 1:colcon.colcon_core.package_identification:_identify(install) ignored
[1.348s] Level 1:colcon.colcon_core.package_identification:_identify(ldlidar_ws) by extensions ['ignore', 'ignore_ament_install']
[1.348s] Level 1:colcon.colcon_core.package_identification:_identify(ldlidar_ws) by extension 'ignore'
[1.348s] Level 1:colcon.colcon_core.package_identification:_identify(ldlidar_ws) by extension 'ignore_ament_install'
[1.349s] Level 1:colcon.colcon_core.package_identification:_identify(ldlidar_ws) by extensions ['colcon_pkg']
[1.349s] Level 1:colcon.colcon_core.package_identification:_identify(ldlidar_ws) by extension 'colcon_pkg'
[1.349s] Level 1:colcon.colcon_core.package_identification:_identify(ldlidar_ws) by extensions ['colcon_meta']
[1.349s] Level 1:colcon.colcon_core.package_identification:_identify(ldlidar_ws) by extension 'colcon_meta'
[1.349s] Level 1:colcon.colcon_core.package_identification:_identify(ldlidar_ws) by extensions ['ros']
[1.350s] Level 1:colcon.colcon_core.package_identification:_identify(ldlidar_ws) by extension 'ros'
[1.350s] Level 1:colcon.colcon_core.package_identification:_identify(ldlidar_ws) by extensions ['cmake', 'python']
[1.350s] Level 1:colcon.colcon_core.package_identification:_identify(ldlidar_ws) by extension 'cmake'
[1.350s] Level 1:colcon.colcon_core.package_identification:_identify(ldlidar_ws) by extension 'python'
[1.351s] Level 1:colcon.colcon_core.package_identification:_identify(ldlidar_ws) by extensions ['python_setup_py']
[1.351s] Level 1:colcon.colcon_core.package_identification:_identify(ldlidar_ws) by extension 'python_setup_py'
[1.351s] Level 1:colcon.colcon_core.package_identification:_identify(ldlidar_ws/ldlidar_sl_sdk) by extensions ['ignore', 'ignore_ament_install']
[1.352s] Level 1:colcon.colcon_core.package_identification:_identify(ldlidar_ws/ldlidar_sl_sdk) by extension 'ignore'
[1.352s] Level 1:colcon.colcon_core.package_identification:_identify(ldlidar_ws/ldlidar_sl_sdk) by extension 'ignore_ament_install'
[1.352s] Level 1:colcon.colcon_core.package_identification:_identify(ldlidar_ws/ldlidar_sl_sdk) by extensions ['colcon_pkg']
[1.353s] Level 1:colcon.colcon_core.package_identification:_identify(ldlidar_ws/ldlidar_sl_sdk) by extension 'colcon_pkg'
[1.353s] Level 1:colcon.colcon_core.package_identification:_identify(ldlidar_ws/ldlidar_sl_sdk) by extensions ['colcon_meta']
[1.353s] Level 1:colcon.colcon_core.package_identification:_identify(ldlidar_ws/ldlidar_sl_sdk) by extension 'colcon_meta'
[1.353s] Level 1:colcon.colcon_core.package_identification:_identify(ldlidar_ws/ldlidar_sl_sdk) by extensions ['ros']
[1.353s] Level 1:colcon.colcon_core.package_identification:_identify(ldlidar_ws/ldlidar_sl_sdk) by extension 'ros'
[1.354s] Level 1:colcon.colcon_core.package_identification:_identify(ldlidar_ws/ldlidar_sl_sdk) by extensions ['cmake', 'python']
[1.354s] Level 1:colcon.colcon_core.package_identification:_identify(ldlidar_ws/ldlidar_sl_sdk) by extension 'cmake'
[1.367s] Level 1:colcon.colcon_core.package_identification:_identify(ldlidar_ws/ldlidar_sl_sdk) by extension 'python'
[1.368s] DEBUG:colcon.colcon_core.package_identification:Package 'ldlidar_ws/ldlidar_sl_sdk' with type 'cmake' and name 'ldlidar_sl'
[1.369s] Level 1:colcon.colcon_core.package_identification:_identify(log) by extensions ['ignore', 'ignore_ament_install']
[1.369s] Level 1:colcon.colcon_core.package_identification:_identify(log) by extension 'ignore'
[1.370s] Level 1:colcon.colcon_core.package_identification:_identify(log) ignored
[1.370s] Level 1:colcon.colcon_core.package_identification:_identify(src) by extensions ['ignore', 'ignore_ament_install']
[1.371s] Level 1:colcon.colcon_core.package_identification:_identify(src) by extension 'ignore'
[1.371s] Level 1:colcon.colcon_core.package_identification:_identify(src) by extension 'ignore_ament_install'
[1.371s] Level 1:colcon.colcon_core.package_identification:_identify(src) by extensions ['colcon_pkg']
[1.371s] Level 1:colcon.colcon_core.package_identification:_identify(src) by extension 'colcon_pkg'
[1.372s] Level 1:colcon.colcon_core.package_identification:_identify(src) by extensions ['colcon_meta']
[1.372s] Level 1:colcon.colcon_core.package_identification:_identify(src) by extension 'colcon_meta'
[1.372s] Level 1:colcon.colcon_core.package_identification:_identify(src) by extensions ['ros']
[1.372s] Level 1:colcon.colcon_core.package_identification:_identify(src) by extension 'ros'
[1.373s] Level 1:colcon.colcon_core.package_identification:_identify(src) by extensions ['cmake', 'python']
[1.373s] Level 1:colcon.colcon_core.package_identification:_identify(src) by extension 'cmake'
[1.373s] Level 1:colcon.colcon_core.package_identification:_identify(src) by extension 'python'
[1.373s] Level 1:colcon.colcon_core.package_identification:_identify(src) by extensions ['python_setup_py']
[1.373s] Level 1:colcon.colcon_core.package_identification:_identify(src) by extension 'python_setup_py'
[1.374s] Level 1:colcon.colcon_core.package_identification:_identify(src/agv_bridge) by extensions ['ignore', 'ignore_ament_install']
[1.374s] Level 1:colcon.colcon_core.package_identification:_identify(src/agv_bridge) by extension 'ignore'
[1.375s] Level 1:colcon.colcon_core.package_identification:_identify(src/agv_bridge) by extension 'ignore_ament_install'
[1.375s] Level 1:colcon.colcon_core.package_identification:_identify(src/agv_bridge) by extensions ['colcon_pkg']
[1.375s] Level 1:colcon.colcon_core.package_identification:_identify(src/agv_bridge) by extension 'colcon_pkg'
[1.375s] Level 1:colcon.colcon_core.package_identification:_identify(src/agv_bridge) by extensions ['colcon_meta']
[1.375s] Level 1:colcon.colcon_core.package_identification:_identify(src/agv_bridge) by extension 'colcon_meta'
[1.376s] Level 1:colcon.colcon_core.package_identification:_identify(src/agv_bridge) by extensions ['ros']
[1.376s] Level 1:colcon.colcon_core.package_identification:_identify(src/agv_bridge) by extension 'ros'
[1.388s] DEBUG:colcon.colcon_core.package_identification:Package 'src/agv_bridge' with type 'ros.ament_python' and name 'agv_bridge'
[1.389s] Level 1:colcon.colcon_core.package_identification:_identify(src/agv_bringup) by extensions ['ignore', 'ignore_ament_install']
[1.389s] Level 1:colcon.colcon_core.package_identification:_identify(src/agv_bringup) by extension 'ignore'
[1.389s] Level 1:colcon.colcon_core.package_identification:_identify(src/agv_bringup) by extension 'ignore_ament_install'
[1.390s] Level 1:colcon.colcon_core.package_identification:_identify(src/agv_bringup) by extensions ['colcon_pkg']
[1.390s] Level 1:colcon.colcon_core.package_identification:_identify(src/agv_bringup) by extension 'colcon_pkg'
[1.390s] Level 1:colcon.colcon_core.package_identification:_identify(src/agv_bringup) by extensions ['colcon_meta']
[1.390s] Level 1:colcon.colcon_core.package_identification:_identify(src/agv_bringup) by extension 'colcon_meta'
[1.390s] Level 1:colcon.colcon_core.package_identification:_identify(src/agv_bringup) by extensions ['ros']
[1.391s] Level 1:colcon.colcon_core.package_identification:_identify(src/agv_bringup) by extension 'ros'
[1.394s] DEBUG:colcon.colcon_core.package_identification:Package 'src/agv_bringup' with type 'ros.ament_cmake' and name 'agv_bringup'
[1.395s] Level 1:colcon.colcon_core.package_identification:_identify(src/agv_description) by extensions ['ignore', 'ignore_ament_install']
[1.395s] Level 1:colcon.colcon_core.package_identification:_identify(src/agv_description) by extension 'ignore'
[1.395s] Level 1:colcon.colcon_core.package_identification:_identify(src/agv_description) by extension 'ignore_ament_install'
[1.396s] Level 1:colcon.colcon_core.package_identification:_identify(src/agv_description) by extensions ['colcon_pkg']
[1.396s] Level 1:colcon.colcon_core.package_identification:_identify(src/agv_description) by extension 'colcon_pkg'
[1.396s] Level 1:colcon.colcon_core.package_identification:_identify(src/agv_description) by extensions ['colcon_meta']
[1.396s] Level 1:colcon.colcon_core.package_identification:_identify(src/agv_description) by extension 'colcon_meta'
[1.397s] Level 1:colcon.colcon_core.package_identification:_identify(src/agv_description) by extensions ['ros']
[1.397s] Level 1:colcon.colcon_core.package_identification:_identify(src/agv_description) by extension 'ros'
[1.400s] DEBUG:colcon.colcon_core.package_identification:Package 'src/agv_description' with type 'ros.ament_cmake' and name 'agv_description'
[1.401s] Level 1:colcon.colcon_core.package_identification:_identify(src/agv_lidar) by extensions ['ignore', 'ignore_ament_install']
[1.401s] Level 1:colcon.colcon_core.package_identification:_identify(src/agv_lidar) by extension 'ignore'
[1.401s] Level 1:colcon.colcon_core.package_identification:_identify(src/agv_lidar) by extension 'ignore_ament_install'
[1.402s] Level 1:colcon.colcon_core.package_identification:_identify(src/agv_lidar) by extensions ['colcon_pkg']
[1.402s] Level 1:colcon.colcon_core.package_identification:_identify(src/agv_lidar) by extension 'colcon_pkg'
[1.402s] Level 1:colcon.colcon_core.package_identification:_identify(src/agv_lidar) by extensions ['colcon_meta']
[1.402s] Level 1:colcon.colcon_core.package_identification:_identify(src/agv_lidar) by extension 'colcon_meta'
[1.402s] Level 1:colcon.colcon_core.package_identification:_identify(src/agv_lidar) by extensions ['ros']
[1.403s] Level 1:colcon.colcon_core.package_identification:_identify(src/agv_lidar) by extension 'ros'
[1.405s] DEBUG:colcon.colcon_core.package_identification:Package 'src/agv_lidar' with type 'ros.ament_cmake' and name 'agv_lidar'
[1.406s] Level 1:colcon.colcon_core.package_identification:_identify(src/ldlidar_sl_ros2) by extensions ['ignore', 'ignore_ament_install']
[1.406s] Level 1:colcon.colcon_core.package_identification:_identify(src/ldlidar_sl_ros2) by extension 'ignore'
[1.407s] Level 1:colcon.colcon_core.package_identification:_identify(src/ldlidar_sl_ros2) by extension 'ignore_ament_install'
[1.407s] Level 1:colcon.colcon_core.package_identification:_identify(src/ldlidar_sl_ros2) by extensions ['colcon_pkg']
[1.407s] Level 1:colcon.colcon_core.package_identification:_identify(src/ldlidar_sl_ros2) by extension 'colcon_pkg'
[1.407s] Level 1:colcon.colcon_core.package_identification:_identify(src/ldlidar_sl_ros2) by extensions ['colcon_meta']
[1.407s] Level 1:colcon.colcon_core.package_identification:_identify(src/ldlidar_sl_ros2) by extension 'colcon_meta'
[1.408s] Level 1:colcon.colcon_core.package_identification:_identify(src/ldlidar_sl_ros2) by extensions ['ros']
[1.408s] Level 1:colcon.colcon_core.package_identification:_identify(src/ldlidar_sl_ros2) by extension 'ros'
[1.411s] DEBUG:colcon.colcon_core.package_identification:Package 'src/ldlidar_sl_ros2' with type 'ros.ament_cmake' and name 'ldlidar_sl_ros2'
[1.411s] Level 1:colcon.colcon_core.package_discovery:discover_packages(recursive) using defaults
[1.412s] Level 1:colcon.colcon_core.package_discovery:discover_packages(ignore) discover
[1.412s] Level 1:colcon.colcon_core.package_discovery:discover_packages(ignore) using defaults
[1.412s] Level 1:colcon.colcon_core.package_discovery:discover_packages(path) discover
[1.412s] Level 1:colcon.colcon_core.package_discovery:discover_packages(path) using defaults
[1.501s] INFO:colcon.colcon_core.package_selection:Skipping not selected package 'agv_bridge' in 'src/agv_bridge'
[1.501s] INFO:colcon.colcon_core.package_selection:Skipping not selected package 'agv_description' in 'src/agv_description'
[1.502s] INFO:colcon.colcon_core.package_selection:Skipping not selected package 'ldlidar_sl' in 'ldlidar_ws/ldlidar_sl_sdk'
[1.502s] INFO:colcon.colcon_core.package_selection:Skipping not selected package 'ldlidar_sl_ros2' in 'src/ldlidar_sl_ros2'
[1.502s] INFO:colcon.colcon_core.package_selection:Skipping not selected package 'agv_lidar' in 'src/agv_lidar'
[1.504s] Level 1:colcon.colcon_core.package_discovery:discover_packages(prefix_path) check parameters
[1.504s] Level 1:colcon.colcon_core.package_discovery:discover_packages(prefix_path) discover
[1.513s] DEBUG:colcon.colcon_installed_package_information.package_discovery:Found 1 installed packages in /home/pi/ldlidar_ros2_ws/install
[1.523s] DEBUG:colcon.colcon_installed_package_information.package_discovery:Found 248 installed packages in /opt/ros/humble
[1.530s] Level 1:colcon.colcon_core.package_discovery:discover_packages(prefix_path) using defaults
[1.745s] Level 5:colcon.colcon_core.verb:set package 'agv_bringup' build argument 'cmake_args' from command line to 'None'
[1.745s] Level 5:colcon.colcon_core.verb:set package 'agv_bringup' build argument 'cmake_target' from command line to 'None'
[1.745s] Level 5:colcon.colcon_core.verb:set package 'agv_bringup' build argument 'cmake_target_skip_unavailable' from command line to 'False'
[1.745s] Level 5:colcon.colcon_core.verb:set package 'agv_bringup' build argument 'cmake_clean_cache' from command line to 'False'
[1.746s] Level 5:colcon.colcon_core.verb:set package 'agv_bringup' build argument 'cmake_clean_first' from command line to 'False'
[1.746s] Level 5:colcon.colcon_core.verb:set package 'agv_bringup' build argument 'cmake_force_configure' from command line to 'False'
[1.746s] Level 5:colcon.colcon_core.verb:set package 'agv_bringup' build argument 'ament_cmake_args' from command line to 'None'
[1.746s] Level 5:colcon.colcon_core.verb:set package 'agv_bringup' build argument 'catkin_cmake_args' from command line to 'None'
[1.746s] Level 5:colcon.colcon_core.verb:set package 'agv_bringup' build argument 'catkin_skip_building_tests' from command line to 'False'
[1.746s] DEBUG:colcon.colcon_core.verb:Building package 'agv_bringup' with the following arguments: {'ament_cmake_args': None, 'build_base': '/home/pi/agv_project/ros2_ws/build/agv_bringup', 'catkin_cmake_args': None, 'catkin_skip_building_tests': False, 'cmake_args': None, 'cmake_clean_cache': False, 'cmake_clean_first': False, 'cmake_force_configure': False, 'cmake_target': None, 'cmake_target_skip_unavailable': False, 'install_base': '/home/pi/agv_project/ros2_ws/install/agv_bringup', 'merge_install': False, 'path': '/home/pi/agv_project/ros2_ws/src/agv_bringup', 'symlink_install': False, 'test_result_base': None}
[1.747s] INFO:colcon.colcon_core.executor:Executing jobs using 'parallel' executor
[1.751s] DEBUG:colcon.colcon_parallel_executor.executor.parallel:run_until_complete
[1.752s] INFO:colcon.colcon_ros.task.ament_cmake.build:Building ROS package in '/home/pi/agv_project/ros2_ws/src/agv_bringup' with build type 'ament_cmake'
[1.753s] INFO:colcon.colcon_cmake.task.cmake.build:Building CMake package in '/home/pi/agv_project/ros2_ws/src/agv_bringup'
[1.764s] INFO:colcon.colcon_core.plugin_system:Skipping extension 'colcon_core.shell.bat': Not used on non-Windows systems
[1.765s] INFO:colcon.colcon_core.shell:Skip shell extension 'powershell' for command environment: Not usable outside of PowerShell
[1.765s] DEBUG:colcon.colcon_core.shell:Skip shell extension 'dsv' for command environment
[1.827s] DEBUG:colcon.colcon_core.event_handler.log_command:Invoking command in '/home/pi/agv_project/ros2_ws/build/agv_bringup': AMENT_PREFIX_PATH=/home/pi/agv_project/ros2_ws/install/agv_lidar:/home/pi/agv_project/ros2_ws/install/ldlidar_sl_ros2:/home/pi/agv_project/ros2_ws/install/agv_description:/home/pi/agv_project/ros2_ws/install/agv_bridge:${AMENT_PREFIX_PATH} CMAKE_PREFIX_PATH=/home/pi/agv_project/ros2_ws/install/agv_lidar:/home/pi/agv_project/ros2_ws/install/ldlidar_sl_ros2:/home/pi/agv_project/ros2_ws/install/agv_description:/home/pi/ldlidar_ros2_ws/install/ldlidar_ros2:/opt/ros/humble PYTHONPATH=/home/pi/agv_project/ros2_ws/install/agv_bridge/lib/python3.10/site-packages:${PYTHONPATH} /usr/bin/cmake --build /home/pi/agv_project/ros2_ws/build/agv_bringup -- -j4 -l4
[3.032s] DEBUG:colcon.colcon_core.event_handler.log_command:Invoked command in '/home/pi/agv_project/ros2_ws/build/agv_bringup' returned '0': AMENT_PREFIX_PATH=/home/pi/agv_project/ros2_ws/install/agv_lidar:/home/pi/agv_project/ros2_ws/install/ldlidar_sl_ros2:/home/pi/agv_project/ros2_ws/install/agv_description:/home/pi/agv_project/ros2_ws/install/agv_bridge:${AMENT_PREFIX_PATH} CMAKE_PREFIX_PATH=/home/pi/agv_project/ros2_ws/install/agv_lidar:/home/pi/agv_project/ros2_ws/install/ldlidar_sl_ros2:/home/pi/agv_project/ros2_ws/install/agv_description:/home/pi/ldlidar_ros2_ws/install/ldlidar_ros2:/opt/ros/humble PYTHONPATH=/home/pi/agv_project/ros2_ws/install/agv_bridge/lib/python3.10/site-packages:${PYTHONPATH} /usr/bin/cmake --build /home/pi/agv_project/ros2_ws/build/agv_bringup -- -j4 -l4
[3.073s] DEBUG:colcon.colcon_core.event_handler.log_command:Invoking command in '/home/pi/agv_project/ros2_ws/build/agv_bringup': AMENT_PREFIX_PATH=/home/pi/agv_project/ros2_ws/install/agv_lidar:/home/pi/agv_project/ros2_ws/install/ldlidar_sl_ros2:/home/pi/agv_project/ros2_ws/install/agv_description:/home/pi/agv_project/ros2_ws/install/agv_bridge:${AMENT_PREFIX_PATH} CMAKE_PREFIX_PATH=/home/pi/agv_project/ros2_ws/install/agv_lidar:/home/pi/agv_project/ros2_ws/install/ldlidar_sl_ros2:/home/pi/agv_project/ros2_ws/install/agv_description:/home/pi/ldlidar_ros2_ws/install/ldlidar_ros2:/opt/ros/humble PYTHONPATH=/home/pi/agv_project/ros2_ws/install/agv_bridge/lib/python3.10/site-packages:${PYTHONPATH} /usr/bin/cmake --install /home/pi/agv_project/ros2_ws/build/agv_bringup
[3.131s] Level 1:colcon.colcon_core.environment:create_environment_scripts_only(agv_bringup)
[3.132s] DEBUG:colcon.colcon_core.event_handler.log_command:Invoked command in '/home/pi/agv_project/ros2_ws/build/agv_bringup' returned '0': AMENT_PREFIX_PATH=/home/pi/agv_project/ros2_ws/install/agv_lidar:/home/pi/agv_project/ros2_ws/install/ldlidar_sl_ros2:/home/pi/agv_project/ros2_ws/install/agv_description:/home/pi/agv_project/ros2_ws/install/agv_bridge:${AMENT_PREFIX_PATH} CMAKE_PREFIX_PATH=/home/pi/agv_project/ros2_ws/install/agv_lidar:/home/pi/agv_project/ros2_ws/install/ldlidar_sl_ros2:/home/pi/agv_project/ros2_ws/install/agv_description:/home/pi/ldlidar_ros2_ws/install/ldlidar_ros2:/opt/ros/humble PYTHONPATH=/home/pi/agv_project/ros2_ws/install/agv_bridge/lib/python3.10/site-packages:${PYTHONPATH} /usr/bin/cmake --install /home/pi/agv_project/ros2_ws/build/agv_bringup
[3.144s] Level 1:colcon.colcon_core.environment:checking '/home/pi/agv_project/ros2_ws/install/agv_bringup' for CMake module files
[3.147s] Level 1:colcon.colcon_core.environment:checking '/home/pi/agv_project/ros2_ws/install/agv_bringup' for CMake config files
[3.149s] Level 1:colcon.colcon_core.shell:create_environment_hook('agv_bringup', 'cmake_prefix_path')
[3.150s] INFO:colcon.colcon_core.shell:Creating environment hook '/home/pi/agv_project/ros2_ws/install/agv_bringup/share/agv_bringup/hook/cmake_prefix_path.ps1'
[3.153s] INFO:colcon.colcon_core.shell:Creating environment descriptor '/home/pi/agv_project/ros2_ws/install/agv_bringup/share/agv_bringup/hook/cmake_prefix_path.dsv'
[3.156s] INFO:colcon.colcon_core.shell:Creating environment hook '/home/pi/agv_project/ros2_ws/install/agv_bringup/share/agv_bringup/hook/cmake_prefix_path.sh'
[3.161s] Level 1:colcon.colcon_core.environment:checking '/home/pi/agv_project/ros2_ws/install/agv_bringup/bin'
[3.161s] Level 1:colcon.colcon_core.environment:checking '/home/pi/agv_project/ros2_ws/install/agv_bringup/lib/pkgconfig/agv_bringup.pc'
[3.162s] Level 1:colcon.colcon_core.environment:checking '/home/pi/agv_project/ros2_ws/install/agv_bringup/lib/python3.10/site-packages'
[3.165s] Level 1:colcon.colcon_core.environment:checking '/home/pi/agv_project/ros2_ws/install/agv_bringup/bin'
[3.166s] INFO:colcon.colcon_core.shell:Creating package script '/home/pi/agv_project/ros2_ws/install/agv_bringup/share/agv_bringup/package.ps1'
[3.172s] INFO:colcon.colcon_core.shell:Creating package descriptor '/home/pi/agv_project/ros2_ws/install/agv_bringup/share/agv_bringup/package.dsv'
[3.175s] INFO:colcon.colcon_core.shell:Creating package script '/home/pi/agv_project/ros2_ws/install/agv_bringup/share/agv_bringup/package.sh'
[3.179s] INFO:colcon.colcon_core.shell:Creating package script '/home/pi/agv_project/ros2_ws/install/agv_bringup/share/agv_bringup/package.bash'
[3.183s] INFO:colcon.colcon_core.shell:Creating package script '/home/pi/agv_project/ros2_ws/install/agv_bringup/share/agv_bringup/package.zsh'
[3.186s] Level 1:colcon.colcon_core.environment:create_file_with_runtime_dependencies(/home/pi/agv_project/ros2_ws/install/agv_bringup/share/colcon-core/packages/agv_bringup)
[3.190s] Level 1:colcon.colcon_core.environment:create_environment_scripts_only(agv_bringup)
[3.191s] Level 1:colcon.colcon_core.environment:checking '/home/pi/agv_project/ros2_ws/install/agv_bringup' for CMake module files
[3.195s] Level 1:colcon.colcon_core.environment:checking '/home/pi/agv_project/ros2_ws/install/agv_bringup' for CMake config files
[3.196s] Level 1:colcon.colcon_core.shell:create_environment_hook('agv_bringup', 'cmake_prefix_path')
[3.197s] INFO:colcon.colcon_core.shell:Creating environment hook '/home/pi/agv_project/ros2_ws/install/agv_bringup/share/agv_bringup/hook/cmake_prefix_path.ps1'
[3.200s] INFO:colcon.colcon_core.shell:Creating environment descriptor '/home/pi/agv_project/ros2_ws/install/agv_bringup/share/agv_bringup/hook/cmake_prefix_path.dsv'
[3.202s] INFO:colcon.colcon_core.shell:Creating environment hook '/home/pi/agv_project/ros2_ws/install/agv_bringup/share/agv_bringup/hook/cmake_prefix_path.sh'
[3.205s] Level 1:colcon.colcon_core.environment:checking '/home/pi/agv_project/ros2_ws/install/agv_bringup/bin'
[3.205s] Level 1:colcon.colcon_core.environment:checking '/home/pi/agv_project/ros2_ws/install/agv_bringup/lib/pkgconfig/agv_bringup.pc'
[3.206s] Level 1:colcon.colcon_core.environment:checking '/home/pi/agv_project/ros2_ws/install/agv_bringup/lib/python3.10/site-packages'
[3.208s] Level 1:colcon.colcon_core.environment:checking '/home/pi/agv_project/ros2_ws/install/agv_bringup/bin'
[3.209s] INFO:colcon.colcon_core.shell:Creating package script '/home/pi/agv_project/ros2_ws/install/agv_bringup/share/agv_bringup/package.ps1'
[3.212s] INFO:colcon.colcon_core.shell:Creating package descriptor '/home/pi/agv_project/ros2_ws/install/agv_bringup/share/agv_bringup/package.dsv'
[3.215s] INFO:colcon.colcon_core.shell:Creating package script '/home/pi/agv_project/ros2_ws/install/agv_bringup/share/agv_bringup/package.sh'
[3.217s] INFO:colcon.colcon_core.shell:Creating package script '/home/pi/agv_project/ros2_ws/install/agv_bringup/share/agv_bringup/package.bash'
[3.220s] INFO:colcon.colcon_core.shell:Creating package script '/home/pi/agv_project/ros2_ws/install/agv_bringup/share/agv_bringup/package.zsh'
[3.222s] Level 1:colcon.colcon_core.environment:create_file_with_runtime_dependencies(/home/pi/agv_project/ros2_ws/install/agv_bringup/share/colcon-core/packages/agv_bringup)
[3.224s] DEBUG:colcon.colcon_parallel_executor.executor.parallel:closing loop
[3.225s] DEBUG:colcon.colcon_parallel_executor.executor.parallel:loop closed
[3.225s] DEBUG:colcon.colcon_parallel_executor.executor.parallel:run_until_complete finished with '0'
[3.226s] DEBUG:colcon.colcon_core.event_reactor:joining thread
[3.228s] DEBUG:colcon.colcon_core.event_reactor:joined thread
[3.229s] INFO:colcon.colcon_core.shell:Creating prefix script '/home/pi/agv_project/ros2_ws/install/local_setup.ps1'
[3.234s] INFO:colcon.colcon_core.shell:Creating prefix util module '/home/pi/agv_project/ros2_ws/install/_local_setup_util_ps1.py'
[3.241s] INFO:colcon.colcon_core.shell:Creating prefix chain script '/home/pi/agv_project/ros2_ws/install/setup.ps1'
[3.247s] INFO:colcon.colcon_core.shell:Creating prefix script '/home/pi/agv_project/ros2_ws/install/local_setup.sh'
[3.250s] INFO:colcon.colcon_core.shell:Creating prefix util module '/home/pi/agv_project/ros2_ws/install/_local_setup_util_sh.py'
[3.254s] INFO:colcon.colcon_core.shell:Creating prefix chain script '/home/pi/agv_project/ros2_ws/install/setup.sh'
[3.259s] INFO:colcon.colcon_core.shell:Creating prefix script '/home/pi/agv_project/ros2_ws/install/local_setup.bash'
[3.262s] INFO:colcon.colcon_core.shell:Creating prefix chain script '/home/pi/agv_project/ros2_ws/install/setup.bash'
[3.267s] INFO:colcon.colcon_core.shell:Creating prefix script '/home/pi/agv_project/ros2_ws/install/local_setup.zsh'
[3.269s] INFO:colcon.colcon_core.shell:Creating prefix chain script '/home/pi/agv_project/ros2_ws/install/setup.zsh'
