[0.736s] DEBUG:colcon:Command line arguments: ['/usr/bin/colcon', 'build', '--packages-select', 'agv_bringup']
[0.737s] DEBUG:colcon:Parsed command line arguments: Namespace(log_base=None, log_level=None, verb_name='build', build_base='build', install_base='install', merge_install=False, symlink_install=False, test_result_base=None, continue_on_error=False, executor='parallel', parallel_workers=4, event_handlers=None, ignore_user_meta=False, metas=['./colcon.meta'], base_paths=['.'], packages_ignore=None, packages_ignore_regex=None, paths=None, packages_up_to=None, packages_up_to_regex=None, packages_above=None, packages_above_and_dependencies=None, packages_above_depth=None, packages_select_by_dep=None, packages_skip_by_dep=None, packages_skip_up_to=None, packages_select_build_failed=False, packages_skip_build_finished=False, packages_select_test_failures=False, packages_skip_test_passed=False, packages_select=['agv_bringup'], packages_skip=None, packages_select_regex=None, packages_skip_regex=None, packages_start=None, packages_end=None, allow_overriding=[], cmake_args=None, cmake_target=None, cmake_target_skip_unavailable=False, cmake_clean_cache=False, cmake_clean_first=False, cmake_force_configure=False, ament_cmake_args=None, catkin_cmake_args=None, catkin_skip_building_tests=False, verb_parser=<colcon_defaults.argument_parser.defaults.DefaultArgumentsDecorator object at 0xffffab612650>, verb_extension=<colcon_core.verb.build.BuildVerb object at 0xffffab71fb20>, main=<bound method BuildVerb.main of <colcon_core.verb.build.BuildVerb object at 0xffffab71fb20>>)
[2.088s] Level 1:colcon.colcon_core.package_discovery:discover_packages(colcon_meta) check parameters
[2.089s] Level 1:colcon.colcon_core.package_discovery:discover_packages(recursive) check parameters
[2.089s] Level 1:colcon.colcon_core.package_discovery:discover_packages(ignore) check parameters
[2.090s] Level 1:colcon.colcon_core.package_discovery:discover_packages(path) check parameters
[2.090s] Level 1:colcon.colcon_core.package_discovery:discover_packages(colcon_meta) discover
[2.091s] Level 1:colcon.colcon_core.package_discovery:discover_packages(recursive) discover
[2.091s] INFO:colcon.colcon_core.package_discovery:Crawling recursively for packages in '/home/pi/agv_project/ros2_ws'
[2.092s] Level 1:colcon.colcon_core.package_identification:_identify(.) by extensions ['ignore', 'ignore_ament_install']
[2.092s] Level 1:colcon.colcon_core.package_identification:_identify(.) by extension 'ignore'
[2.093s] Level 1:colcon.colcon_core.package_identification:_identify(.) by extension 'ignore_ament_install'
[2.093s] Level 1:colcon.colcon_core.package_identification:_identify(.) by extensions ['colcon_pkg']
[2.093s] Level 1:colcon.colcon_core.package_identification:_identify(.) by extension 'colcon_pkg'
[2.093s] Level 1:colcon.colcon_core.package_identification:_identify(.) by extensions ['colcon_meta']
[2.094s] Level 1:colcon.colcon_core.package_identification:_identify(.) by extension 'colcon_meta'
[2.094s] Level 1:colcon.colcon_core.package_identification:_identify(.) by extensions ['ros']
[2.094s] Level 1:colcon.colcon_core.package_identification:_identify(.) by extension 'ros'
[2.179s] Level 1:colcon.colcon_core.package_identification:_identify(.) by extensions ['cmake', 'python']
[2.179s] Level 1:colcon.colcon_core.package_identification:_identify(.) by extension 'cmake'
[2.180s] Level 1:colcon.colcon_core.package_identification:_identify(.) by extension 'python'
[2.180s] Level 1:colcon.colcon_core.package_identification:_identify(.) by extensions ['python_setup_py']
[2.180s] Level 1:colcon.colcon_core.package_identification:_identify(.) by extension 'python_setup_py'
[2.181s] Level 1:colcon.colcon_core.package_identification:_identify(build) by extensions ['ignore', 'ignore_ament_install']
[2.182s] Level 1:colcon.colcon_core.package_identification:_identify(build) by extension 'ignore'
[2.183s] Level 1:colcon.colcon_core.package_identification:_identify(build) ignored
[2.184s] Level 1:colcon.colcon_core.package_identification:_identify(install) by extensions ['ignore', 'ignore_ament_install']
[2.184s] Level 1:colcon.colcon_core.package_identification:_identify(install) by extension 'ignore'
[2.185s] Level 1:colcon.colcon_core.package_identification:_identify(install) ignored
[2.185s] Level 1:colcon.colcon_core.package_identification:_identify(ldlidar_ws) by extensions ['ignore', 'ignore_ament_install']
[2.186s] Level 1:colcon.colcon_core.package_identification:_identify(ldlidar_ws) by extension 'ignore'
[2.187s] Level 1:colcon.colcon_core.package_identification:_identify(ldlidar_ws) by extension 'ignore_ament_install'
[2.187s] Level 1:colcon.colcon_core.package_identification:_identify(ldlidar_ws) by extensions ['colcon_pkg']
[2.187s] Level 1:colcon.colcon_core.package_identification:_identify(ldlidar_ws) by extension 'colcon_pkg'
[2.188s] Level 1:colcon.colcon_core.package_identification:_identify(ldlidar_ws) by extensions ['colcon_meta']
[2.188s] Level 1:colcon.colcon_core.package_identification:_identify(ldlidar_ws) by extension 'colcon_meta'
[2.188s] Level 1:colcon.colcon_core.package_identification:_identify(ldlidar_ws) by extensions ['ros']
[2.188s] Level 1:colcon.colcon_core.package_identification:_identify(ldlidar_ws) by extension 'ros'
[2.189s] Level 1:colcon.colcon_core.package_identification:_identify(ldlidar_ws) by extensions ['cmake', 'python']
[2.189s] Level 1:colcon.colcon_core.package_identification:_identify(ldlidar_ws) by extension 'cmake'
[2.190s] Level 1:colcon.colcon_core.package_identification:_identify(ldlidar_ws) by extension 'python'
[2.190s] Level 1:colcon.colcon_core.package_identification:_identify(ldlidar_ws) by extensions ['python_setup_py']
[2.190s] Level 1:colcon.colcon_core.package_identification:_identify(ldlidar_ws) by extension 'python_setup_py'
[2.191s] Level 1:colcon.colcon_core.package_identification:_identify(ldlidar_ws/ldlidar_sl_sdk) by extensions ['ignore', 'ignore_ament_install']
[2.192s] Level 1:colcon.colcon_core.package_identification:_identify(ldlidar_ws/ldlidar_sl_sdk) by extension 'ignore'
[2.193s] Level 1:colcon.colcon_core.package_identification:_identify(ldlidar_ws/ldlidar_sl_sdk) by extension 'ignore_ament_install'
[2.193s] Level 1:colcon.colcon_core.package_identification:_identify(ldlidar_ws/ldlidar_sl_sdk) by extensions ['colcon_pkg']
[2.194s] Level 1:colcon.colcon_core.package_identification:_identify(ldlidar_ws/ldlidar_sl_sdk) by extension 'colcon_pkg'
[2.194s] Level 1:colcon.colcon_core.package_identification:_identify(ldlidar_ws/ldlidar_sl_sdk) by extensions ['colcon_meta']
[2.194s] Level 1:colcon.colcon_core.package_identification:_identify(ldlidar_ws/ldlidar_sl_sdk) by extension 'colcon_meta'
[2.195s] Level 1:colcon.colcon_core.package_identification:_identify(ldlidar_ws/ldlidar_sl_sdk) by extensions ['ros']
[2.195s] Level 1:colcon.colcon_core.package_identification:_identify(ldlidar_ws/ldlidar_sl_sdk) by extension 'ros'
[2.196s] Level 1:colcon.colcon_core.package_identification:_identify(ldlidar_ws/ldlidar_sl_sdk) by extensions ['cmake', 'python']
[2.196s] Level 1:colcon.colcon_core.package_identification:_identify(ldlidar_ws/ldlidar_sl_sdk) by extension 'cmake'
[2.211s] Level 1:colcon.colcon_core.package_identification:_identify(ldlidar_ws/ldlidar_sl_sdk) by extension 'python'
[2.212s] DEBUG:colcon.colcon_core.package_identification:Package 'ldlidar_ws/ldlidar_sl_sdk' with type 'cmake' and name 'ldlidar_sl'
[2.214s] Level 1:colcon.colcon_core.package_identification:_identify(log) by extensions ['ignore', 'ignore_ament_install']
[2.214s] Level 1:colcon.colcon_core.package_identification:_identify(log) by extension 'ignore'
[2.215s] Level 1:colcon.colcon_core.package_identification:_identify(log) ignored
[2.215s] Level 1:colcon.colcon_core.package_identification:_identify(src) by extensions ['ignore', 'ignore_ament_install']
[2.216s] Level 1:colcon.colcon_core.package_identification:_identify(src) by extension 'ignore'
[2.216s] Level 1:colcon.colcon_core.package_identification:_identify(src) by extension 'ignore_ament_install'
[2.217s] Level 1:colcon.colcon_core.package_identification:_identify(src) by extensions ['colcon_pkg']
[2.217s] Level 1:colcon.colcon_core.package_identification:_identify(src) by extension 'colcon_pkg'
[2.218s] Level 1:colcon.colcon_core.package_identification:_identify(src) by extensions ['colcon_meta']
[2.218s] Level 1:colcon.colcon_core.package_identification:_identify(src) by extension 'colcon_meta'
[2.219s] Level 1:colcon.colcon_core.package_identification:_identify(src) by extensions ['ros']
[2.219s] Level 1:colcon.colcon_core.package_identification:_identify(src) by extension 'ros'
[2.220s] Level 1:colcon.colcon_core.package_identification:_identify(src) by extensions ['cmake', 'python']
[2.220s] Level 1:colcon.colcon_core.package_identification:_identify(src) by extension 'cmake'
[2.220s] Level 1:colcon.colcon_core.package_identification:_identify(src) by extension 'python'
[2.221s] Level 1:colcon.colcon_core.package_identification:_identify(src) by extensions ['python_setup_py']
[2.221s] Level 1:colcon.colcon_core.package_identification:_identify(src) by extension 'python_setup_py'
[2.222s] Level 1:colcon.colcon_core.package_identification:_identify(src/agv_bridge) by extensions ['ignore', 'ignore_ament_install']
[2.222s] Level 1:colcon.colcon_core.package_identification:_identify(src/agv_bridge) by extension 'ignore'
[2.223s] Level 1:colcon.colcon_core.package_identification:_identify(src/agv_bridge) by extension 'ignore_ament_install'
[2.223s] Level 1:colcon.colcon_core.package_identification:_identify(src/agv_bridge) by extensions ['colcon_pkg']
[2.224s] Level 1:colcon.colcon_core.package_identification:_identify(src/agv_bridge) by extension 'colcon_pkg'
[2.224s] Level 1:colcon.colcon_core.package_identification:_identify(src/agv_bridge) by extensions ['colcon_meta']
[2.224s] Level 1:colcon.colcon_core.package_identification:_identify(src/agv_bridge) by extension 'colcon_meta'
[2.225s] Level 1:colcon.colcon_core.package_identification:_identify(src/agv_bridge) by extensions ['ros']
[2.225s] Level 1:colcon.colcon_core.package_identification:_identify(src/agv_bridge) by extension 'ros'
[2.239s] DEBUG:colcon.colcon_core.package_identification:Package 'src/agv_bridge' with type 'ros.ament_python' and name 'agv_bridge'
[2.240s] Level 1:colcon.colcon_core.package_identification:_identify(src/agv_bringup) by extensions ['ignore', 'ignore_ament_install']
[2.240s] Level 1:colcon.colcon_core.package_identification:_identify(src/agv_bringup) by extension 'ignore'
[2.241s] Level 1:colcon.colcon_core.package_identification:_identify(src/agv_bringup) by extension 'ignore_ament_install'
[2.241s] Level 1:colcon.colcon_core.package_identification:_identify(src/agv_bringup) by extensions ['colcon_pkg']
[2.241s] Level 1:colcon.colcon_core.package_identification:_identify(src/agv_bringup) by extension 'colcon_pkg'
[2.242s] Level 1:colcon.colcon_core.package_identification:_identify(src/agv_bringup) by extensions ['colcon_meta']
[2.242s] Level 1:colcon.colcon_core.package_identification:_identify(src/agv_bringup) by extension 'colcon_meta'
[2.242s] Level 1:colcon.colcon_core.package_identification:_identify(src/agv_bringup) by extensions ['ros']
[2.243s] Level 1:colcon.colcon_core.package_identification:_identify(src/agv_bringup) by extension 'ros'
[2.247s] DEBUG:colcon.colcon_core.package_identification:Package 'src/agv_bringup' with type 'ros.ament_cmake' and name 'agv_bringup'
[2.247s] Level 1:colcon.colcon_core.package_identification:_identify(src/agv_description) by extensions ['ignore', 'ignore_ament_install']
[2.248s] Level 1:colcon.colcon_core.package_identification:_identify(src/agv_description) by extension 'ignore'
[2.248s] Level 1:colcon.colcon_core.package_identification:_identify(src/agv_description) by extension 'ignore_ament_install'
[2.249s] Level 1:colcon.colcon_core.package_identification:_identify(src/agv_description) by extensions ['colcon_pkg']
[2.249s] Level 1:colcon.colcon_core.package_identification:_identify(src/agv_description) by extension 'colcon_pkg'
[2.249s] Level 1:colcon.colcon_core.package_identification:_identify(src/agv_description) by extensions ['colcon_meta']
[2.250s] Level 1:colcon.colcon_core.package_identification:_identify(src/agv_description) by extension 'colcon_meta'
[2.250s] Level 1:colcon.colcon_core.package_identification:_identify(src/agv_description) by extensions ['ros']
[2.250s] Level 1:colcon.colcon_core.package_identification:_identify(src/agv_description) by extension 'ros'
[2.254s] DEBUG:colcon.colcon_core.package_identification:Package 'src/agv_description' with type 'ros.ament_cmake' and name 'agv_description'
[2.255s] Level 1:colcon.colcon_core.package_identification:_identify(src/agv_lidar) by extensions ['ignore', 'ignore_ament_install']
[2.255s] Level 1:colcon.colcon_core.package_identification:_identify(src/agv_lidar) by extension 'ignore'
[2.256s] Level 1:colcon.colcon_core.package_identification:_identify(src/agv_lidar) by extension 'ignore_ament_install'
[2.256s] Level 1:colcon.colcon_core.package_identification:_identify(src/agv_lidar) by extensions ['colcon_pkg']
[2.256s] Level 1:colcon.colcon_core.package_identification:_identify(src/agv_lidar) by extension 'colcon_pkg'
[2.257s] Level 1:colcon.colcon_core.package_identification:_identify(src/agv_lidar) by extensions ['colcon_meta']
[2.257s] Level 1:colcon.colcon_core.package_identification:_identify(src/agv_lidar) by extension 'colcon_meta'
[2.257s] Level 1:colcon.colcon_core.package_identification:_identify(src/agv_lidar) by extensions ['ros']
[2.258s] Level 1:colcon.colcon_core.package_identification:_identify(src/agv_lidar) by extension 'ros'
[2.261s] DEBUG:colcon.colcon_core.package_identification:Package 'src/agv_lidar' with type 'ros.ament_cmake' and name 'agv_lidar'
[2.262s] Level 1:colcon.colcon_core.package_identification:_identify(src/ldlidar_sl_ros2) by extensions ['ignore', 'ignore_ament_install']
[2.263s] Level 1:colcon.colcon_core.package_identification:_identify(src/ldlidar_sl_ros2) by extension 'ignore'
[2.263s] Level 1:colcon.colcon_core.package_identification:_identify(src/ldlidar_sl_ros2) by extension 'ignore_ament_install'
[2.264s] Level 1:colcon.colcon_core.package_identification:_identify(src/ldlidar_sl_ros2) by extensions ['colcon_pkg']
[2.264s] Level 1:colcon.colcon_core.package_identification:_identify(src/ldlidar_sl_ros2) by extension 'colcon_pkg'
[2.264s] Level 1:colcon.colcon_core.package_identification:_identify(src/ldlidar_sl_ros2) by extensions ['colcon_meta']
[2.264s] Level 1:colcon.colcon_core.package_identification:_identify(src/ldlidar_sl_ros2) by extension 'colcon_meta'
[2.265s] Level 1:colcon.colcon_core.package_identification:_identify(src/ldlidar_sl_ros2) by extensions ['ros']
[2.265s] Level 1:colcon.colcon_core.package_identification:_identify(src/ldlidar_sl_ros2) by extension 'ros'
[2.270s] DEBUG:colcon.colcon_core.package_identification:Package 'src/ldlidar_sl_ros2' with type 'ros.ament_cmake' and name 'ldlidar_sl_ros2'
[2.270s] Level 1:colcon.colcon_core.package_discovery:discover_packages(recursive) using defaults
[2.270s] Level 1:colcon.colcon_core.package_discovery:discover_packages(ignore) discover
[2.271s] Level 1:colcon.colcon_core.package_discovery:discover_packages(ignore) using defaults
[2.271s] Level 1:colcon.colcon_core.package_discovery:discover_packages(path) discover
[2.271s] Level 1:colcon.colcon_core.package_discovery:discover_packages(path) using defaults
[2.414s] INFO:colcon.colcon_core.package_selection:Skipping not selected package 'agv_bridge' in 'src/agv_bridge'
[2.414s] INFO:colcon.colcon_core.package_selection:Skipping not selected package 'agv_description' in 'src/agv_description'
[2.414s] INFO:colcon.colcon_core.package_selection:Skipping not selected package 'ldlidar_sl' in 'ldlidar_ws/ldlidar_sl_sdk'
[2.415s] INFO:colcon.colcon_core.package_selection:Skipping not selected package 'ldlidar_sl_ros2' in 'src/ldlidar_sl_ros2'
[2.415s] INFO:colcon.colcon_core.package_selection:Skipping not selected package 'agv_lidar' in 'src/agv_lidar'
[2.418s] Level 1:colcon.colcon_core.package_discovery:discover_packages(prefix_path) check parameters
[2.418s] Level 1:colcon.colcon_core.package_discovery:discover_packages(prefix_path) discover
[2.436s] DEBUG:colcon.colcon_installed_package_information.package_discovery:Found 1 installed packages in /home/pi/ldlidar_ros2_ws/install
[2.447s] DEBUG:colcon.colcon_installed_package_information.package_discovery:Found 248 installed packages in /opt/ros/humble
[2.455s] Level 1:colcon.colcon_core.package_discovery:discover_packages(prefix_path) using defaults
[2.716s] Level 5:colcon.colcon_core.verb:set package 'agv_bringup' build argument 'cmake_args' from command line to 'None'
[2.716s] Level 5:colcon.colcon_core.verb:set package 'agv_bringup' build argument 'cmake_target' from command line to 'None'
[2.716s] Level 5:colcon.colcon_core.verb:set package 'agv_bringup' build argument 'cmake_target_skip_unavailable' from command line to 'False'
[2.717s] Level 5:colcon.colcon_core.verb:set package 'agv_bringup' build argument 'cmake_clean_cache' from command line to 'False'
[2.717s] Level 5:colcon.colcon_core.verb:set package 'agv_bringup' build argument 'cmake_clean_first' from command line to 'False'
[2.717s] Level 5:colcon.colcon_core.verb:set package 'agv_bringup' build argument 'cmake_force_configure' from command line to 'False'
[2.717s] Level 5:colcon.colcon_core.verb:set package 'agv_bringup' build argument 'ament_cmake_args' from command line to 'None'
[2.718s] Level 5:colcon.colcon_core.verb:set package 'agv_bringup' build argument 'catkin_cmake_args' from command line to 'None'
[2.718s] Level 5:colcon.colcon_core.verb:set package 'agv_bringup' build argument 'catkin_skip_building_tests' from command line to 'False'
[2.718s] DEBUG:colcon.colcon_core.verb:Building package 'agv_bringup' with the following arguments: {'ament_cmake_args': None, 'build_base': '/home/pi/agv_project/ros2_ws/build/agv_bringup', 'catkin_cmake_args': None, 'catkin_skip_building_tests': False, 'cmake_args': None, 'cmake_clean_cache': False, 'cmake_clean_first': False, 'cmake_force_configure': False, 'cmake_target': None, 'cmake_target_skip_unavailable': False, 'install_base': '/home/pi/agv_project/ros2_ws/install/agv_bringup', 'merge_install': False, 'path': '/home/pi/agv_project/ros2_ws/src/agv_bringup', 'symlink_install': False, 'test_result_base': None}
[2.719s] INFO:colcon.colcon_core.executor:Executing jobs using 'parallel' executor
[2.723s] DEBUG:colcon.colcon_parallel_executor.executor.parallel:run_until_complete
[2.725s] INFO:colcon.colcon_ros.task.ament_cmake.build:Building ROS package in '/home/pi/agv_project/ros2_ws/src/agv_bringup' with build type 'ament_cmake'
[2.725s] INFO:colcon.colcon_cmake.task.cmake.build:Building CMake package in '/home/pi/agv_project/ros2_ws/src/agv_bringup'
[2.752s] INFO:colcon.colcon_core.plugin_system:Skipping extension 'colcon_core.shell.bat': Not used on non-Windows systems
[2.753s] INFO:colcon.colcon_core.shell:Skip shell extension 'powershell' for command environment: Not usable outside of PowerShell
[2.753s] DEBUG:colcon.colcon_core.shell:Skip shell extension 'dsv' for command environment
[2.822s] DEBUG:colcon.colcon_core.event_handler.log_command:Invoking command in '/home/pi/agv_project/ros2_ws/build/agv_bringup': AMENT_PREFIX_PATH=/home/pi/agv_project/ros2_ws/install/agv_lidar:/home/pi/agv_project/ros2_ws/install/ldlidar_sl_ros2:/home/pi/agv_project/ros2_ws/install/agv_description:/home/pi/agv_project/ros2_ws/install/agv_bridge:${AMENT_PREFIX_PATH} CMAKE_PREFIX_PATH=/home/pi/agv_project/ros2_ws/install/agv_lidar:/home/pi/agv_project/ros2_ws/install/ldlidar_sl_ros2:/home/pi/agv_project/ros2_ws/install/agv_description:/home/pi/ldlidar_ros2_ws/install/ldlidar_ros2:/opt/ros/humble PYTHONPATH=/home/pi/agv_project/ros2_ws/install/agv_bridge/lib/python3.10/site-packages:${PYTHONPATH} /usr/bin/cmake --build /home/pi/agv_project/ros2_ws/build/agv_bringup -- -j4 -l4
[3.242s] DEBUG:colcon.colcon_core.event_handler.log_command:Invoked command in '/home/pi/agv_project/ros2_ws/build/agv_bringup' returned '0': AMENT_PREFIX_PATH=/home/pi/agv_project/ros2_ws/install/agv_lidar:/home/pi/agv_project/ros2_ws/install/ldlidar_sl_ros2:/home/pi/agv_project/ros2_ws/install/agv_description:/home/pi/agv_project/ros2_ws/install/agv_bridge:${AMENT_PREFIX_PATH} CMAKE_PREFIX_PATH=/home/pi/agv_project/ros2_ws/install/agv_lidar:/home/pi/agv_project/ros2_ws/install/ldlidar_sl_ros2:/home/pi/agv_project/ros2_ws/install/agv_description:/home/pi/ldlidar_ros2_ws/install/ldlidar_ros2:/opt/ros/humble PYTHONPATH=/home/pi/agv_project/ros2_ws/install/agv_bridge/lib/python3.10/site-packages:${PYTHONPATH} /usr/bin/cmake --build /home/pi/agv_project/ros2_ws/build/agv_bringup -- -j4 -l4
[3.289s] DEBUG:colcon.colcon_core.event_handler.log_command:Invoking command in '/home/pi/agv_project/ros2_ws/build/agv_bringup': AMENT_PREFIX_PATH=/home/pi/agv_project/ros2_ws/install/agv_lidar:/home/pi/agv_project/ros2_ws/install/ldlidar_sl_ros2:/home/pi/agv_project/ros2_ws/install/agv_description:/home/pi/agv_project/ros2_ws/install/agv_bridge:${AMENT_PREFIX_PATH} CMAKE_PREFIX_PATH=/home/pi/agv_project/ros2_ws/install/agv_lidar:/home/pi/agv_project/ros2_ws/install/ldlidar_sl_ros2:/home/pi/agv_project/ros2_ws/install/agv_description:/home/pi/ldlidar_ros2_ws/install/ldlidar_ros2:/opt/ros/humble PYTHONPATH=/home/pi/agv_project/ros2_ws/install/agv_bridge/lib/python3.10/site-packages:${PYTHONPATH} /usr/bin/cmake --install /home/pi/agv_project/ros2_ws/build/agv_bringup
[3.345s] Level 1:colcon.colcon_core.environment:create_environment_scripts_only(agv_bringup)
[3.355s] DEBUG:colcon.colcon_core.event_handler.log_command:Invoked command in '/home/pi/agv_project/ros2_ws/build/agv_bringup' returned '0': AMENT_PREFIX_PATH=/home/pi/agv_project/ros2_ws/install/agv_lidar:/home/pi/agv_project/ros2_ws/install/ldlidar_sl_ros2:/home/pi/agv_project/ros2_ws/install/agv_description:/home/pi/agv_project/ros2_ws/install/agv_bridge:${AMENT_PREFIX_PATH} CMAKE_PREFIX_PATH=/home/pi/agv_project/ros2_ws/install/agv_lidar:/home/pi/agv_project/ros2_ws/install/ldlidar_sl_ros2:/home/pi/agv_project/ros2_ws/install/agv_description:/home/pi/ldlidar_ros2_ws/install/ldlidar_ros2:/opt/ros/humble PYTHONPATH=/home/pi/agv_project/ros2_ws/install/agv_bridge/lib/python3.10/site-packages:${PYTHONPATH} /usr/bin/cmake --install /home/pi/agv_project/ros2_ws/build/agv_bringup
[3.378s] Level 1:colcon.colcon_core.environment:checking '/home/pi/agv_project/ros2_ws/install/agv_bringup' for CMake module files
[3.382s] Level 1:colcon.colcon_core.environment:checking '/home/pi/agv_project/ros2_ws/install/agv_bringup' for CMake config files
[3.392s] Level 1:colcon.colcon_core.shell:create_environment_hook('agv_bringup', 'cmake_prefix_path')
[3.394s] INFO:colcon.colcon_core.shell:Creating environment hook '/home/pi/agv_project/ros2_ws/install/agv_bringup/share/agv_bringup/hook/cmake_prefix_path.ps1'
[3.407s] INFO:colcon.colcon_core.shell:Creating environment descriptor '/home/pi/agv_project/ros2_ws/install/agv_bringup/share/agv_bringup/hook/cmake_prefix_path.dsv'
[3.418s] INFO:colcon.colcon_core.shell:Creating environment hook '/home/pi/agv_project/ros2_ws/install/agv_bringup/share/agv_bringup/hook/cmake_prefix_path.sh'
[3.425s] Level 1:colcon.colcon_core.environment:checking '/home/pi/agv_project/ros2_ws/install/agv_bringup/bin'
[3.426s] Level 1:colcon.colcon_core.environment:checking '/home/pi/agv_project/ros2_ws/install/agv_bringup/lib/pkgconfig/agv_bringup.pc'
[3.428s] Level 1:colcon.colcon_core.environment:checking '/home/pi/agv_project/ros2_ws/install/agv_bringup/lib/python3.10/site-packages'
[3.430s] Level 1:colcon.colcon_core.environment:checking '/home/pi/agv_project/ros2_ws/install/agv_bringup/bin'
[3.432s] INFO:colcon.colcon_core.shell:Creating package script '/home/pi/agv_project/ros2_ws/install/agv_bringup/share/agv_bringup/package.ps1'
[3.441s] INFO:colcon.colcon_core.shell:Creating package descriptor '/home/pi/agv_project/ros2_ws/install/agv_bringup/share/agv_bringup/package.dsv'
[3.453s] INFO:colcon.colcon_core.shell:Creating package script '/home/pi/agv_project/ros2_ws/install/agv_bringup/share/agv_bringup/package.sh'
[3.459s] INFO:colcon.colcon_core.shell:Creating package script '/home/pi/agv_project/ros2_ws/install/agv_bringup/share/agv_bringup/package.bash'
[3.466s] INFO:colcon.colcon_core.shell:Creating package script '/home/pi/agv_project/ros2_ws/install/agv_bringup/share/agv_bringup/package.zsh'
[3.471s] Level 1:colcon.colcon_core.environment:create_file_with_runtime_dependencies(/home/pi/agv_project/ros2_ws/install/agv_bringup/share/colcon-core/packages/agv_bringup)
[3.474s] Level 1:colcon.colcon_core.environment:create_environment_scripts_only(agv_bringup)
[3.476s] Level 1:colcon.colcon_core.environment:checking '/home/pi/agv_project/ros2_ws/install/agv_bringup' for CMake module files
[3.479s] Level 1:colcon.colcon_core.environment:checking '/home/pi/agv_project/ros2_ws/install/agv_bringup' for CMake config files
[3.481s] Level 1:colcon.colcon_core.shell:create_environment_hook('agv_bringup', 'cmake_prefix_path')
[3.482s] INFO:colcon.colcon_core.shell:Creating environment hook '/home/pi/agv_project/ros2_ws/install/agv_bringup/share/agv_bringup/hook/cmake_prefix_path.ps1'
[3.484s] INFO:colcon.colcon_core.shell:Creating environment descriptor '/home/pi/agv_project/ros2_ws/install/agv_bringup/share/agv_bringup/hook/cmake_prefix_path.dsv'
[3.487s] INFO:colcon.colcon_core.shell:Creating environment hook '/home/pi/agv_project/ros2_ws/install/agv_bringup/share/agv_bringup/hook/cmake_prefix_path.sh'
[3.490s] Level 1:colcon.colcon_core.environment:checking '/home/pi/agv_project/ros2_ws/install/agv_bringup/bin'
[3.491s] Level 1:colcon.colcon_core.environment:checking '/home/pi/agv_project/ros2_ws/install/agv_bringup/lib/pkgconfig/agv_bringup.pc'
[3.492s] Level 1:colcon.colcon_core.environment:checking '/home/pi/agv_project/ros2_ws/install/agv_bringup/lib/python3.10/site-packages'
[3.494s] Level 1:colcon.colcon_core.environment:checking '/home/pi/agv_project/ros2_ws/install/agv_bringup/bin'
[3.495s] INFO:colcon.colcon_core.shell:Creating package script '/home/pi/agv_project/ros2_ws/install/agv_bringup/share/agv_bringup/package.ps1'
[3.499s] INFO:colcon.colcon_core.shell:Creating package descriptor '/home/pi/agv_project/ros2_ws/install/agv_bringup/share/agv_bringup/package.dsv'
[3.502s] INFO:colcon.colcon_core.shell:Creating package script '/home/pi/agv_project/ros2_ws/install/agv_bringup/share/agv_bringup/package.sh'
[3.505s] INFO:colcon.colcon_core.shell:Creating package script '/home/pi/agv_project/ros2_ws/install/agv_bringup/share/agv_bringup/package.bash'
[3.507s] INFO:colcon.colcon_core.shell:Creating package script '/home/pi/agv_project/ros2_ws/install/agv_bringup/share/agv_bringup/package.zsh'
[3.510s] Level 1:colcon.colcon_core.environment:create_file_with_runtime_dependencies(/home/pi/agv_project/ros2_ws/install/agv_bringup/share/colcon-core/packages/agv_bringup)
[3.512s] DEBUG:colcon.colcon_parallel_executor.executor.parallel:closing loop
[3.514s] DEBUG:colcon.colcon_parallel_executor.executor.parallel:loop closed
[3.515s] DEBUG:colcon.colcon_parallel_executor.executor.parallel:run_until_complete finished with '0'
[3.515s] DEBUG:colcon.colcon_core.event_reactor:joining thread
[3.518s] DEBUG:colcon.colcon_core.event_reactor:joined thread
[3.519s] INFO:colcon.colcon_core.shell:Creating prefix script '/home/pi/agv_project/ros2_ws/install/local_setup.ps1'
[3.525s] INFO:colcon.colcon_core.shell:Creating prefix util module '/home/pi/agv_project/ros2_ws/install/_local_setup_util_ps1.py'
[3.535s] INFO:colcon.colcon_core.shell:Creating prefix chain script '/home/pi/agv_project/ros2_ws/install/setup.ps1'
[3.542s] INFO:colcon.colcon_core.shell:Creating prefix script '/home/pi/agv_project/ros2_ws/install/local_setup.sh'
[3.547s] INFO:colcon.colcon_core.shell:Creating prefix util module '/home/pi/agv_project/ros2_ws/install/_local_setup_util_sh.py'
[3.550s] INFO:colcon.colcon_core.shell:Creating prefix chain script '/home/pi/agv_project/ros2_ws/install/setup.sh'
[3.557s] INFO:colcon.colcon_core.shell:Creating prefix script '/home/pi/agv_project/ros2_ws/install/local_setup.bash'
[3.562s] INFO:colcon.colcon_core.shell:Creating prefix chain script '/home/pi/agv_project/ros2_ws/install/setup.bash'
[3.569s] INFO:colcon.colcon_core.shell:Creating prefix script '/home/pi/agv_project/ros2_ws/install/local_setup.zsh'
[3.575s] INFO:colcon.colcon_core.shell:Creating prefix chain script '/home/pi/agv_project/ros2_ws/install/setup.zsh'
