[1.289s] Invoking command in '/home/pi/agv_project/ros2_ws/build/agv_description': CMAKE_PREFIX_PATH=${CMAKE_PREFIX_PATH}:/home/pi/ros2_ws/install/agv_bridge:/opt/ros/humble /usr/bin/cmake /home/pi/agv_project/ros2_ws/src/agv_description -DCMAKE_INSTALL_PREFIX=/home/pi/agv_project/ros2_ws/install/agv_description
[1.689s] -- The C compiler identification is GNU 11.4.0
[2.090s] -- The CXX compiler identification is GNU 11.4.0
[2.136s] -- Detecting C compiler ABI info
[2.621s] -- Detecting C compiler ABI info - done
[2.657s] -- Check for working C compiler: /usr/bin/cc - skipped
[2.658s] -- Detecting C compile features
[2.665s] -- Detecting C compile features - done
[2.677s] -- Detecting CXX compiler ABI info
[3.227s] -- Detecting CXX compiler ABI info - done
[3.267s] -- Check for working CXX compiler: /usr/bin/c++ - skipped
[3.270s] -- Detecting CXX compile features
[3.273s] -- Detecting CXX compile features - done
[3.314s] -- Found ament_cmake: 1.3.14 (/opt/ros/humble/share/ament_cmake/cmake)
[4.614s] -- Found Python3: /usr/bin/python3 (found version "3.10.12") found components: Interpreter 
[5.501s] -- Found ament_lint_auto: 0.12.15 (/opt/ros/humble/share/ament_lint_auto/cmake)
[6.287s] -- Added test 'lint_cmake' to check CMake code style
[6.296s] -- Added test 'xmllint' to check XML markup files
[6.310s] -- Configuring done
[6.337s] -- Generating done
[6.354s] -- Build files have been written to: /home/pi/agv_project/ros2_ws/build/agv_description
[6.396s] Invoked command in '/home/pi/agv_project/ros2_ws/build/agv_description' returned '0': CMAKE_PREFIX_PATH=${CMAKE_PREFIX_PATH}:/home/pi/ros2_ws/install/agv_bridge:/opt/ros/humble /usr/bin/cmake /home/pi/agv_project/ros2_ws/src/agv_description -DCMAKE_INSTALL_PREFIX=/home/pi/agv_project/ros2_ws/install/agv_description
[6.413s] Invoking command in '/home/pi/agv_project/ros2_ws/build/agv_description': CMAKE_PREFIX_PATH=${CMAKE_PREFIX_PATH}:/home/pi/ros2_ws/install/agv_bridge:/opt/ros/humble /usr/bin/cmake --build /home/pi/agv_project/ros2_ws/build/agv_description -- -j4 -l4
[6.607s] Invoked command in '/home/pi/agv_project/ros2_ws/build/agv_description' returned '0': CMAKE_PREFIX_PATH=${CMAKE_PREFIX_PATH}:/home/pi/ros2_ws/install/agv_bridge:/opt/ros/humble /usr/bin/cmake --build /home/pi/agv_project/ros2_ws/build/agv_description -- -j4 -l4
[6.623s] Invoking command in '/home/pi/agv_project/ros2_ws/build/agv_description': CMAKE_PREFIX_PATH=${CMAKE_PREFIX_PATH}:/home/pi/ros2_ws/install/agv_bridge:/opt/ros/humble /usr/bin/cmake --install /home/pi/agv_project/ros2_ws/build/agv_description
[6.657s] -- Install configuration: ""
[6.659s] -- Installing: /home/pi/agv_project/ros2_ws/install/agv_description/share/ament_index/resource_index/package_run_dependencies/agv_description
[6.667s] -- Installing: /home/pi/agv_project/ros2_ws/install/agv_description/share/ament_index/resource_index/parent_prefix_path/agv_description
[6.668s] -- Installing: /home/pi/agv_project/ros2_ws/install/agv_description/share/agv_description/environment/ament_prefix_path.sh
[6.673s] -- Installing: /home/pi/agv_project/ros2_ws/install/agv_description/share/agv_description/environment/ament_prefix_path.dsv
[6.674s] -- Installing: /home/pi/agv_project/ros2_ws/install/agv_description/share/agv_description/environment/path.sh
[6.678s] -- Installing: /home/pi/agv_project/ros2_ws/install/agv_description/share/agv_description/environment/path.dsv
[6.680s] -- Installing: /home/pi/agv_project/ros2_ws/install/agv_description/share/agv_description/local_setup.bash
[6.684s] -- Installing: /home/pi/agv_project/ros2_ws/install/agv_description/share/agv_description/local_setup.sh
[6.724s] -- Installing: /home/pi/agv_project/ros2_ws/install/agv_description/share/agv_description/local_setup.zsh
[6.726s] -- Installing: /home/pi/agv_project/ros2_ws/install/agv_description/share/agv_description/local_setup.dsv
[6.727s] -- Installing: /home/pi/agv_project/ros2_ws/install/agv_description/share/agv_description/package.dsv
[6.728s] -- Installing: /home/pi/agv_project/ros2_ws/install/agv_description/share/ament_index/resource_index/packages/agv_description
[6.733s] -- Installing: /home/pi/agv_project/ros2_ws/install/agv_description/share/agv_description/cmake/agv_descriptionConfig.cmake
[6.734s] -- Installing: /home/pi/agv_project/ros2_ws/install/agv_description/share/agv_description/cmake/agv_descriptionConfig-version.cmake
[6.742s] -- Installing: /home/pi/agv_project/ros2_ws/install/agv_description/share/agv_description/package.xml
[6.743s] Invoked command in '/home/pi/agv_project/ros2_ws/build/agv_description' returned '0': CMAKE_PREFIX_PATH=${CMAKE_PREFIX_PATH}:/home/pi/ros2_ws/install/agv_bridge:/opt/ros/humble /usr/bin/cmake --install /home/pi/agv_project/ros2_ws/build/agv_description
