[1.295s] Invoking command in '/home/pi/agv_project/ros2_ws/build/agv_bringup': CMAKE_PREFIX_PATH=${CMAKE_PREFIX_PATH}:/home/pi/ros2_ws/install/agv_bridge:/opt/ros/humble /usr/bin/cmake /home/pi/agv_project/ros2_ws/src/agv_bringup -DCMAKE_INSTALL_PREFIX=/home/pi/agv_project/ros2_ws/install/agv_bringup
[1.708s] -- The C compiler identification is GNU 11.4.0
[2.125s] -- The CXX compiler identification is GNU 11.4.0
[2.168s] -- Detecting C compiler ABI info
[2.702s] -- Detecting C compiler ABI info - done
[2.749s] -- Check for working C compiler: /usr/bin/cc - skipped
[2.750s] -- Detecting C compile features
[2.753s] -- Detecting C compile features - done
[2.778s] -- Detecting CXX compiler ABI info
[3.382s] -- Detecting CXX compiler ABI info - done
[3.434s] -- Check for working CXX compiler: /usr/bin/c++ - skipped
[3.436s] -- Detecting CXX compile features
[3.440s] -- Detecting CXX compile features - done
[3.475s] -- Found ament_cmake: 1.3.14 (/opt/ros/humble/share/ament_cmake/cmake)
[4.759s] -- Found Python3: /usr/bin/python3 (found version "3.10.12") found components: Interpreter 
[5.538s] -- Found ament_lint_auto: 0.12.15 (/opt/ros/humble/share/ament_lint_auto/cmake)
[6.297s] -- Added test 'lint_cmake' to check CMake code style
[6.310s] -- Added test 'xmllint' to check XML markup files
[6.328s] -- Configuring done
[6.367s] -- Generating done
[6.382s] -- Build files have been written to: /home/pi/agv_project/ros2_ws/build/agv_bringup
[6.440s] Invoked command in '/home/pi/agv_project/ros2_ws/build/agv_bringup' returned '0': CMAKE_PREFIX_PATH=${CMAKE_PREFIX_PATH}:/home/pi/ros2_ws/install/agv_bridge:/opt/ros/humble /usr/bin/cmake /home/pi/agv_project/ros2_ws/src/agv_bringup -DCMAKE_INSTALL_PREFIX=/home/pi/agv_project/ros2_ws/install/agv_bringup
[6.447s] Invoking command in '/home/pi/agv_project/ros2_ws/build/agv_bringup': CMAKE_PREFIX_PATH=${CMAKE_PREFIX_PATH}:/home/pi/ros2_ws/install/agv_bridge:/opt/ros/humble /usr/bin/cmake --build /home/pi/agv_project/ros2_ws/build/agv_bringup -- -j4 -l4
[6.668s] Invoked command in '/home/pi/agv_project/ros2_ws/build/agv_bringup' returned '0': CMAKE_PREFIX_PATH=${CMAKE_PREFIX_PATH}:/home/pi/ros2_ws/install/agv_bridge:/opt/ros/humble /usr/bin/cmake --build /home/pi/agv_project/ros2_ws/build/agv_bringup -- -j4 -l4
[6.676s] Invoking command in '/home/pi/agv_project/ros2_ws/build/agv_bringup': CMAKE_PREFIX_PATH=${CMAKE_PREFIX_PATH}:/home/pi/ros2_ws/install/agv_bridge:/opt/ros/humble /usr/bin/cmake --install /home/pi/agv_project/ros2_ws/build/agv_bringup
[6.766s] -- Install configuration: ""
[6.766s] -- Installing: /home/pi/agv_project/ros2_ws/install/agv_bringup/share/ament_index/resource_index/package_run_dependencies/agv_bringup
[6.769s] -- Installing: /home/pi/agv_project/ros2_ws/install/agv_bringup/share/ament_index/resource_index/parent_prefix_path/agv_bringup
[6.770s] -- Installing: /home/pi/agv_project/ros2_ws/install/agv_bringup/share/agv_bringup/environment/ament_prefix_path.sh
[6.777s] -- Installing: /home/pi/agv_project/ros2_ws/install/agv_bringup/share/agv_bringup/environment/ament_prefix_path.dsv
[6.778s] -- Installing: /home/pi/agv_project/ros2_ws/install/agv_bringup/share/agv_bringup/environment/path.sh
[6.779s] -- Installing: /home/pi/agv_project/ros2_ws/install/agv_bringup/share/agv_bringup/environment/path.dsv
[6.780s] -- Installing: /home/pi/agv_project/ros2_ws/install/agv_bringup/share/agv_bringup/local_setup.bash
[6.780s] -- Installing: /home/pi/agv_project/ros2_ws/install/agv_bringup/share/agv_bringup/local_setup.sh
[6.781s] -- Installing: /home/pi/agv_project/ros2_ws/install/agv_bringup/share/agv_bringup/local_setup.zsh
[6.782s] -- Installing: /home/pi/agv_project/ros2_ws/install/agv_bringup/share/agv_bringup/local_setup.dsv
[6.785s] -- Installing: /home/pi/agv_project/ros2_ws/install/agv_bringup/share/agv_bringup/package.dsv
[6.787s] -- Installing: /home/pi/agv_project/ros2_ws/install/agv_bringup/share/ament_index/resource_index/packages/agv_bringup
[6.788s] -- Installing: /home/pi/agv_project/ros2_ws/install/agv_bringup/share/agv_bringup/cmake/agv_bringupConfig.cmake
[6.789s] -- Installing: /home/pi/agv_project/ros2_ws/install/agv_bringup/share/agv_bringup/cmake/agv_bringupConfig-version.cmake
[6.791s] -- Installing: /home/pi/agv_project/ros2_ws/install/agv_bringup/share/agv_bringup/package.xml
[6.881s] Invoked command in '/home/pi/agv_project/ros2_ws/build/agv_bringup' returned '0': CMAKE_PREFIX_PATH=${CMAKE_PREFIX_PATH}:/home/pi/ros2_ws/install/agv_bridge:/opt/ros/humble /usr/bin/cmake --install /home/pi/agv_project/ros2_ws/build/agv_bringup
